================================
       RUNNING BENCHMARKS
================================
CONFIGURATION: N = 16, nodes = 4
Duration [ms] = 23, 8, 1, 1, 0, 0, 0, 1, 2, 1
Avg time [ms] = 3, Std deviation = 6
CONFIGURATION: N = 19, nodes = 4
Duration [ms] = 35, 23, 12, 12, 3, 4, 3, 17, 13, 15
Avg time [ms] = 13, Std deviation = 9
CONFIGURATION: N = 22, nodes = 4
Duration [ms] = 132, 121, 89, 90, 23, 29, 22, 129, 114, 109
Avg time [ms] = 85, Std deviation = 42
CONFIGURATION: N = 24, nodes = 4
Duration [ms] = 591, 568, 527, 550, 219, 252, 218, 660, 657, 594
Avg time [ms] = 483, Std deviation = 171
CONFIGURATION: N = 26, nodes = 4
Duration [ms] = 2362, 2273, 2181, 2269, 907, 1045, 902, 2687, 2787, 2348
Avg time [ms] = 1976, Std deviation = 694
CONFIGURATION: N = 27, nodes = 4
Duration [ms] = 4652, 4552, 4278, 4559, 1813, 2112, 1817, 5345, 5566, 4936
Avg time [ms] = 3963, Std deviation = 1391
CONFIGURATION: N = 28, nodes = 4
Duration [ms] = 9432, 9068, 8691, 9092, 3694, 4265, 3695, 11161, 11644, 9957
Avg time [ms] = 8069, Std deviation = 2879
CONFIGURATION: N = 29, nodes = 4
Duration [ms] = 21241, 18233, 17326, 21425, 7495, 8633, 7546, 22325, 23253, 20058
Avg time [ms] = 16753, Std deviation = 6042
CONFIGURATION: N = 30, nodes = 4
Duration [ms] = 42430, 44578, 36891, 43006, 15132, 17430, 15113, 45167, 46538, 41773
Avg time [ms] = 34805, Std deviation = 12631
CONFIGURATION: N = 31, nodes = 4
srun: error: nid00039: task 0: Killed
srun: Terminating job step 14162747.9
slurmstepd: error: *** STEP 14162747.9 ON nid00039 CANCELLED AT 2019-05-21T17:46:43 ***
srun: error: nid00041: task 5: Killed
srun: error: nid00039: task 1: Killed
srun: error: nid00040: tasks 2-3: Killed
srun: error: nid00042: task 6: Killed
srun: error: nid00042: task 7: Killed
srun: error: nid00041: task 4: Killed
srun: Force Terminated job step 14162747.9

CONFIGURATION: N = 33, nodes = 4
srun: error: nid00042: tasks 6-7: Killed
srun: Terminating job step 14162747.10
srun: error: nid00040: tasks 2-3: Killed
srun: error: nid00041: tasks 4-5: Killed
srun: error: nid00039: tasks 0-1: Killed
srun: Force Terminated job step 14162747.10

CONFIGURATION: n x m = 4x4, depth = 20, nodes = 4
Duration [ms] = 26, 3, 3, 3, 3, 3, 3, 3, 3, 3
Avg time [ms] = 5, Std deviation = 6
CONFIGURATION: n x m = 4x5, depth = 20, nodes = 4
Duration [ms] = 63, 37, 30, 28, 29, 27, 27, 27, 27, 27
Avg time [ms] = 32, Std deviation = 10
CONFIGURATION: n x m = 4x4, depth = 40, nodes = 4
Duration [ms] = 39, 5, 5, 5, 4, 5, 5, 5, 4, 5
Avg time [ms] = 8, Std deviation = 10
CONFIGURATION: n x m = 4x5, depth = 40, nodes = 4
Duration [ms] = 81, 63, 50, 51, 49, 48, 51, 49, 50, 58
Avg time [ms] = 55, Std deviation = 9
CONFIGURATION: n x m = 4x4, depth = 60, nodes = 4
Duration [ms] = 45, 6, 7, 6, 6, 6, 6, 6, 6, 6
Avg time [ms] = 10, Std deviation = 11
CONFIGURATION: n x m = 4x5, depth = 60, nodes = 4
Duration [ms] = 114, 82, 73, 73, 74, 74, 75, 74, 73, 72
Avg time [ms] = 78, Std deviation = 12
CONFIGURATION: n x m = 5x5, depth = 20, nodes = 4
Duration [ms] = 1133, 1098, 1098, 1098, 1098, 1095, 1097, 1097, 1100, 1099
Avg time [ms] = 1101, Std deviation = 10
CONFIGURATION: n x m = 5x6, depth = 20, nodes = 4
Duration [ms] = 43857, 44651, 44403, 44540, 44400, 44561, 44316, 44477, 44299, 44396
Avg time [ms] = 44390, Std deviation = 206
CONFIGURATION: n x m = 5x5, depth = 40, nodes = 4
Duration [ms] = 1969, 1935, 1928, 1938, 1939, 1939, 1934, 1934, 1937, 1934
Avg time [ms] = 1938, Std deviation = 10
CONFIGURATION: n x m = 5x6, depth = 40, nodes = 4
Duration [ms] = 74945, 75763, 75476, 75747, 75343, 75587, 75486, 75793, 75572, 75820
Avg time [ms] = 75553, Std deviation = 252
CONFIGURATION: n x m = 5x5, depth = 60, nodes = 4
Duration [ms] = 2852, 2775, 2785, 2777, 2788, 2788, 2782, 2779, 2781, 2784
Avg time [ms] = 2789, Std deviation = 21
CONFIGURATION: n x m = 5x6, depth = 60, nodes = 4
Duration [ms] = 109185, 110256, 109845, 110114, 109743, 109992, 109695, 110167, 109920, 110299
Avg time [ms] = 109921, Std deviation = 314
CONFIGURATION: n x m = 6x6, depth = 20, nodes = 4
srun: error: nid00040: tasks 2-3: Exited with exit code 1
srun: Terminating job step 14162747.23
srun: error: nid00041: tasks 4-5: Exited with exit code 1
srun: error: nid00042: tasks 6-7: Exited with exit code 1
srun: error: nid00039: tasks 0-1: Exited with exit code 1
Could not allocate memory!Could not allocate memory!Could not allocate memory!Could not allocate memory!Could not allocate memory!Could not allocate memory!Could not allocate memory!Could not allocate memory!
CONFIGURATION: n x m = 6x7, depth = 20, nodes = 4
srun: error: nid00040: tasks 2-3: Exited with exit code 1
srun: Terminating job step 14162747.24
srun: error: nid00041: tasks 4-5: Exited with exit code 1
srun: error: nid00042: tasks 6-7: Exited with exit code 1
srun: error: nid00039: tasks 0-1: Exited with exit code 1
Could not allocate memory!Could not allocate memory!Could not allocate memory!Could not allocate memory!Could not allocate memory!Could not allocate memory!Could not allocate memory!Could not allocate memory!
CONFIGURATION: n x m = 6x6, depth = 40, nodes = 4
srun: error: nid00041: tasks 4-5: Exited with exit code 1
srun: Terminating job step 14162747.25
srun: error: nid00040: tasks 2-3: Exited with exit code 1
srun: error: nid00042: tasks 6-7: Exited with exit code 1
srun: error: nid00039: tasks 0-1: Exited with exit code 1
Could not allocate memory!Could not allocate memory!Could not allocate memory!Could not allocate memory!Could not allocate memory!Could not allocate memory!Could not allocate memory!Could not allocate memory!
CONFIGURATION: n x m = 6x7, depth = 40, nodes = 4
srun: error: nid00040: tasks 2-3: Exited with exit code 1
srun: Terminating job step 14162747.26
srun: error: nid00042: tasks 6-7: Exited with exit code 1
srun: error: nid00041: tasks 4-5: Exited with exit code 1
srun: error: nid00039: tasks 0-1: Exited with exit code 1
Could not allocate memory!Could not allocate memory!Could not allocate memory!Could not allocate memory!Could not allocate memory!Could not allocate memory!Could not allocate memory!Could not allocate memory!
CONFIGURATION: n x m = 6x6, depth = 60, nodes = 4
srun: error: nid00040: tasks 2-3: Exited with exit code 1
srun: Terminating job step 14162747.27
srun: error: nid00042: tasks 6-7: Exited with exit code 1
srun: error: nid00041: tasks 4-5: Exited with exit code 1
srun: error: nid00039: tasks 0-1: Exited with exit code 1
Could not allocate memory!Could not allocate memory!Could not allocate memory!Could not allocate memory!Could not allocate memory!Could not allocate memory!Could not allocate memory!Could not allocate memory!
CONFIGURATION: n x m = 6x7, depth = 60, nodes = 4
srun: error: nid00040: tasks 2-3: Exited with exit code 1
srun: Terminating job step 14162747.28
srun: error: nid00041: tasks 4-5: Exited with exit code 1
srun: error: nid00042: tasks 6-7: Exited with exit code 1
srun: error: nid00039: tasks 0-1: Exited with exit code 1
srun: error: nid00040: tasks 2-3: Exited with exit code 1
srun: error: Task 2 reported exit for a second time.
srun: error: Task 3 reported exit for a second time.
Could not allocate memory!Could not allocate memory!Could not allocate memory!Could not allocate memory!Could not allocate memory!Could not allocate memory!Could not allocate memory!Could not allocate memory!
CONFIGURATION: N = 50000, nodes = 4
srun: Job 14162747 step creation temporarily disabled, retrying
srun: Step created for job 14162747
Rep 1: Test x0 = 27440
T = 201
Found x0 = 27440 with success probability 0.999988
Rep 2: Test x0 = 29642
T = 201
Found x0 = 29642 with success probability 0.999988
Rep 3: Test x0 = 35759
T = 201
Found x0 = 35759 with success probability 0.999988
Rep 4: Test x0 = 42213
T = 201
Found x0 = 42213 with success probability 0.999988
Rep 5: Test x0 = 30138
T = 201
Found x0 = 30138 with success probability 0.999988
Rep 6: Test x0 = 42897
T = 201
Found x0 = 42897 with success probability 0.999988
Rep 7: Test x0 = 27244
T = 201
Found x0 = 27244 with success probability 0.999988
Rep 8: Test x0 = 42362
T = 201
Found x0 = 42362 with success probability 0.999988
Rep 9: Test x0 = 21182
T = 201
Found x0 = 21182 with success probability 0.999988
Rep 10: Test x0 = 31178
T = 201
Found x0 = 31178 with success probability 0.999988
Duration [ms] = 345, 260, 257, 255, 293, 273, 304, 261, 256, 265
Avg time [ms] = 276, Std deviation = 27
CONFIGURATION: N = 100000, nodes = 4
Rep 1: Test x0 = 54882
T = 284
Found x0 = 54882 with success probability 0.999999
Rep 2: Test x0 = 59285
T = 284
Found x0 = 59285 with success probability 0.999999
Rep 3: Test x0 = 71520
T = 284
Found x0 = 71520 with success probability 0.999999
Rep 4: Test x0 = 84427
T = 284
Found x0 = 84427 with success probability 0.999999
Rep 5: Test x0 = 60277
T = 284
Found x0 = 60277 with success probability 0.999999
Rep 6: Test x0 = 85795
T = 284
Found x0 = 85795 with success probability 0.999999
Rep 7: Test x0 = 54489
T = 284
Found x0 = 54489 with success probability 0.999999
Rep 8: Test x0 = 84726
T = 284
Found x0 = 84726 with success probability 0.999999
Rep 9: Test x0 = 42366
T = 284
Found x0 = 42366 with success probability 0.999999
Rep 10: Test x0 = 62357
T = 284
Found x0 = 62357 with success probability 0.999999
Duration [ms] = 662, 618, 644, 609, 631, 618, 655, 604, 626, 601
Avg time [ms] = 626, Std deviation = 20
CONFIGURATION: N = 200000, nodes = 4
Rep 1: Test x0 = 109766
T = 402
Found x0 = 109766 with success probability 0.999998
Rep 2: Test x0 = 118573
T = 402
Found x0 = 118573 with success probability 0.999998
Rep 3: Test x0 = 143043
T = 402
Found x0 = 143043 with success probability 0.999998
Rep 4: Test x0 = 168859
T = 402
Found x0 = 168859 with success probability 0.999998
Rep 5: Test x0 = 120557
T = 402
Found x0 = 120557 with success probability 0.999998
Rep 6: Test x0 = 171595
T = 402
Found x0 = 171595 with success probability 0.999998
Rep 7: Test x0 = 108980
T = 402
Found x0 = 108980 with success probability 0.999998
Rep 8: Test x0 = 169456
T = 402
Found x0 = 169456 with success probability 0.999998
Rep 9: Test x0 = 84734
T = 402
Found x0 = 84734 with success probability 0.999998
Rep 10: Test x0 = 124717
T = 402
Found x0 = 124717 with success probability 0.999998
Duration [ms] = 1586, 1578, 1558, 1579, 1568, 1556, 1586, 1563, 1554, 1555
Avg time [ms] = 1568, Std deviation = 12
CONFIGURATION: N = 400000, nodes = 4
Rep 1: Test x0 = 219533
T = 568
Found x0 = 219533 with success probability 1
Rep 2: Test x0 = 237147
T = 568
Found x0 = 237147 with success probability 1
Rep 3: Test x0 = 286086
T = 568
Found x0 = 286086 with success probability 1
Rep 4: Test x0 = 337719
T = 568
Found x0 = 337719 with success probability 1
Rep 5: Test x0 = 241114
T = 568
Found x0 = 241114 with success probability 1
Rep 6: Test x0 = 343191
T = 568
Found x0 = 343191 with success probability 1
Rep 7: Test x0 = 217961
T = 568
Found x0 = 217961 with success probability 1
Rep 8: Test x0 = 338913
T = 568
Found x0 = 338913 with success probability 1
Rep 9: Test x0 = 169468
T = 568
Found x0 = 169468 with success probability 1
Rep 10: Test x0 = 249435
T = 568
Found x0 = 249435 with success probability 1
Duration [ms] = 4214, 4204, 4155, 4261, 4198, 4197, 4196, 4209, 4157, 4192
Avg time [ms] = 4198, Std deviation = 28
CONFIGURATION: N = 600000, nodes = 4
Rep 1: Test x0 = 329300
T = 804
Found x0 = 329300 with success probability 1
Rep 2: Test x0 = 355720
T = 804
Found x0 = 355720 with success probability 1
Rep 3: Test x0 = 429130
T = 804
Found x0 = 429130 with success probability 1
Rep 4: Test x0 = 506579
T = 804
Found x0 = 506579 with success probability 1
Rep 5: Test x0 = 361672
T = 804
Found x0 = 361672 with success probability 1
Rep 6: Test x0 = 514787
T = 804
Found x0 = 514787 with success probability 1
Rep 7: Test x0 = 326942
T = 804
Found x0 = 326942 with success probability 1
Rep 8: Test x0 = 508370
T = 804
Found x0 = 508370 with success probability 1
Rep 9: Test x0 = 254202
T = 804
Found x0 = 254202 with success probability 1
Rep 10: Test x0 = 374152
T = 804
Found x0 = 374152 with success probability 1
Duration [ms] = 11713, 12485, 12466, 12452, 12485, 12744, 12479, 12506, 12498, 12496
Avg time [ms] = 12432, Std deviation = 252
CONFIGURATION: N = 1000000, nodes = 4
Rep 1: Test x0 = 548937
T = 804
Found x0 = 548937 with success probability 1
Rep 2: Test x0 = 592978
T = 804
Found x0 = 592978 with success probability 1
Rep 3: Test x0 = 715350
T = 804
Found x0 = 715350 with success probability 1
Rep 4: Test x0 = 844455
T = 804
Found x0 = 844455 with success probability 1
Rep 5: Test x0 = 602899
T = 804
Found x0 = 602899 with success probability 1
Rep 6: Test x0 = 858138
T = 804
Found x0 = 858138 with success probability 1
Rep 7: Test x0 = 545005
T = 804
Found x0 = 545005 with success probability 1
Rep 8: Test x0 = 847442
T = 804
Found x0 = 847442 with success probability 1
Rep 9: Test x0 = 423750
T = 804
Found x0 = 423750 with success probability 1
Rep 10: Test x0 = 623704
T = 804
Found x0 = 623704 with success probability 1
Duration [ms] = 11749, 12600, 12536, 12523, 12585, 12547, 12546, 12543, 12614, 12527
Avg time [ms] = 12477, Std deviation = 244
CONFIGURATION: N = 3000000, nodes = 4
Rep 1: Test x0 = 1647194
T = 1608
Found x0 = 1647194 with success probability 1
Rep 2: Test x0 = 1779348
T = 1608
Found x0 = 1779348 with success probability 1
Rep 3: Test x0 = 2146551
T = 1608
Found x0 = 2146551 with success probability 1
Rep 4: Test x0 = 2533957
T = 1608
Found x0 = 2533957 with success probability 1
Rep 5: Test x0 = 1809118
T = 1608
Found x0 = 1809118 with success probability 1
Rep 6: Test x0 = 2575016
T = 1608
Found x0 = 2575016 with success probability 1
Rep 7: Test x0 = 1635398
T = 1608
Found x0 = 1635398 with success probability 1
Rep 8: Test x0 = 2542919
T = 1608
Found x0 = 2542919 with success probability 1
Rep 9: Test x0 = 1271546
T = 1608
Found x0 = 1271546 with success probability 1
Rep 10: Test x0 = 1871548
T = 1608
Found x0 = 1871548 with success probability 1
Duration [ms] = 83229, 83192, 82798, 82392, 82712, 82348, 82808, 82292, 82435, 82757
Avg time [ms] = 82696, Std deviation = 316
CONFIGURATION: N = 6000000, nodes = 4
Rep 1: Test x0 = 3296693
T = 2274
Found x0 = 3296693 with success probability 1
Rep 2: Test x0 = 3561186
T = 2274
Found x0 = 3561186 with success probability 1
Rep 3: Test x0 = 4296104
T = 2274
Found x0 = 4296104 with success probability 1
Rep 4: Test x0 = 5071459
T = 2274
Found x0 = 5071459 with success probability 1
Rep 5: Test x0 = 3620767
T = 2274
Found x0 = 3620767 with success probability 1
Rep 6: Test x0 = 5153634
T = 2274
Found x0 = 5153634 with success probability 1
Rep 7: Test x0 = 3273084
T = 2274
Found x0 = 3273084 with success probability 1
Rep 8: Test x0 = 5089396
T = 2274
Found x0 = 5089396 with success probability 1
Rep 9: Test x0 = 2544872
T = 2274
Found x0 = 2544872 with success probability 1
Rep 10: Test x0 = 3745714
T = 2274
Found x0 = 3745714 with success probability 1
Duration [ms] = 234780, 234424, 233427, 233911, 234547, 234407, 234397, 233698, 233796, 234422
Avg time [ms] = 234180, Std deviation = 415
CONFIGURATION: N = 10000000, nodes = 4
srun: Job step aborted: Waiting up to 32 seconds for job step to finish.
slurmstepd: error: *** STEP 14162747.37 ON nid00039 CANCELLED AT 2019-05-21T20:29:28 DUE TO TIME LIMIT ***
slurmstepd: error: *** JOB 14162747 ON nid00039 CANCELLED AT 2019-05-21T20:29:28 DUE TO TIME LIMIT ***
srun: got SIGCONT
srun: forcing job termination
 
Batch Job Summary Report for Job "script_4.sh" (14162747) on daint
-----------------------------------------------------------------------------------------------------
             Submit            Eligible               Start                 End    Elapsed  Timelimit 
------------------- ------------------- ------------------- ------------------- ---------- ---------- 
2019-05-21T17:28:32 2019-05-21T17:28:32 2019-05-21T17:28:52 2019-05-21T20:29:27   03:00:35   03:00:00 
-----------------------------------------------------------------------------------------------------
Username    Account     Partition   NNodes   Energy
----------  ----------  ----------  ------  --------------
mazzolag    csstaff     normal           4    9.20M joules
 
This job did not utilize any GPUs
 
----------------------------------------------------------
Scratch File System        Files       Quota
--------------------  ----------  ----------
/scratch/snx3000           18834     1000000
 
