================================
       RUNNING BENCHMARKS
================================
CONFIGURATION: N = 16, nodes = 128
Duration [ms] = 29, 2, 6, 3, 1, 1, 1, 2, 4, 8
Avg time [ms] = 5, Std deviation = 8
CONFIGURATION: N = 19, nodes = 128
Duration [ms] = 36, 4, 6, 3, 1, 1, 1, 7, 6, 3
Avg time [ms] = 6, Std deviation = 9
CONFIGURATION: N = 22, nodes = 128
Duration [ms] = 59, 33, 26, 24, 9, 11, 8, 30, 33, 31
Avg time [ms] = 26, Std deviation = 14
CONFIGURATION: N = 24, nodes = 128
Duration [ms] = 71, 38, 32, 29, 12, 12, 11, 38, 28, 27
Avg time [ms] = 29, Std deviation = 16
CONFIGURATION: N = 26, nodes = 128
Duration [ms] = 197, 145, 132, 127, 66, 80, 68, 110, 104, 89
Avg time [ms] = 111, Std deviation = 38
CONFIGURATION: N = 27, nodes = 128
Duration [ms] = 232, 187, 165, 161, 74, 84, 80, 181, 221, 176
Avg time [ms] = 156, Std deviation = 54
CONFIGURATION: N = 28, nodes = 128
Duration [ms] = 395, 426, 289, 301, 144, 147, 132, 375, 402, 459
Avg time [ms] = 307, Std deviation = 119
CONFIGURATION: N = 29, nodes = 128
Duration [ms] = 901, 745, 881, 867, 392, 424, 397, 886, 924, 807
Avg time [ms] = 722, Std deviation = 213
CONFIGURATION: N = 30, nodes = 128
Duration [ms] = 1717, 1772, 1687, 2244, 1124, 981, 799, 1779, 1890, 1650
Avg time [ms] = 1564, Std deviation = 426
CONFIGURATION: N = 31, nodes = 128
Duration [ms] = 3664, 3722, 3723, 3551, 2027, 1708, 1629, 3552, 4475, 3344
Avg time [ms] = 3139, Std deviation = 932
CONFIGURATION: N = 33, nodes = 128
Duration [ms] = 12895, 15061, 6835, 6393, 11782, 17213, 11998, 6334, 6471, 14505
Avg time [ms] = 10948, Std deviation = 3916
CONFIGURATION: n x m = 4x4, depth = 20, nodes = 128
Duration [ms] = 31, 9, 9, 9, 7, 7, 7, 8, 9, 7
Avg time [ms] = 10, Std deviation = 6
CONFIGURATION: n x m = 4x5, depth = 20, nodes = 128
Duration [ms] = 87, 53, 33, 34, 18, 11, 9, 13, 16, 11
Avg time [ms] = 28, Std deviation = 23
CONFIGURATION: n x m = 4x4, depth = 40, nodes = 128
Duration [ms] = 42, 12, 11, 7, 8, 8, 10, 10, 11, 9
Avg time [ms] = 12, Std deviation = 9
CONFIGURATION: n x m = 4x5, depth = 40, nodes = 128
Duration [ms] = 51, 23, 24, 18, 27, 15, 21, 22, 19, 24
Avg time [ms] = 24, Std deviation = 9
CONFIGURATION: n x m = 4x4, depth = 60, nodes = 128
Duration [ms] = 60, 35, 30, 44, 37, 30, 34, 34, 35, 34
Avg time [ms] = 37, Std deviation = 8
CONFIGURATION: n x m = 4x5, depth = 60, nodes = 128
Duration [ms] = 56, 26, 23, 27, 30, 32, 40, 25, 33, 37
Avg time [ms] = 32, Std deviation = 9
CONFIGURATION: n x m = 5x5, depth = 20, nodes = 128
Duration [ms] = 294, 101, 100, 88, 90, 83, 73, 65, 69, 63
Avg time [ms] = 102, Std deviation = 65
CONFIGURATION: n x m = 5x6, depth = 20, nodes = 128
Duration [ms] = 2515, 2211, 2444, 2102, 2444, 2259, 2394, 2200, 2190, 2283
Avg time [ms] = 2304, Std deviation = 129
CONFIGURATION: n x m = 5x5, depth = 40, nodes = 128
Duration [ms] = 158, 129, 111, 111, 124, 118, 113, 112, 107, 112
Avg time [ms] = 119, Std deviation = 14
CONFIGURATION: n x m = 5x6, depth = 40, nodes = 128
Duration [ms] = 4316, 3909, 4204, 3894, 4129, 3897, 3882, 4071, 4546, 3863
Avg time [ms] = 4071, Std deviation = 217
CONFIGURATION: n x m = 5x5, depth = 60, nodes = 128
Duration [ms] = 242, 184, 168, 203, 208, 186, 194, 189, 181, 176
Avg time [ms] = 193, Std deviation = 19
CONFIGURATION: n x m = 5x6, depth = 60, nodes = 128
Duration [ms] = 6114, 5766, 5859, 5687, 5840, 6080, 5744, 5665, 5986, 6034
Avg time [ms] = 5877, Std deviation = 157
CONFIGURATION: n x m = 6x6, depth = 20, nodes = 128
Duration [ms] = 145565, 143309, 143006, 143488, 141439, 146379, 145830, 142940, 144124, 143802
Avg time [ms] = 143988, Std deviation = 1446
CONFIGURATION: n x m = 6x7, depth = 20, nodes = 128
srun: error: nid00599: tasks 10-11: Exited with exit code 1
srun: Terminating job step 14162752.24
srun: error: nid00675: tasks 54-55: Exited with exit code 1
srun: error: nid00601: tasks 14-15: Exited with exit code 1
srun: error: nid00867: tasks 88-89: Exited with exit code 1
srun: error: nid00600: tasks 12-13: Exited with exit code 1
srun: error: nid00673: tasks 50-51: Exited with exit code 1
srun: error: nid00605: tasks 22-23: Exited with exit code 1
srun: error: nid00606: tasks 24-25: Exited with exit code 1
srun: error: nid01104: tasks 116-117: Exited with exit code 1
srun: error: nid01099: tasks 106-107: Exited with exit code 1
srun: error: nid00672: tasks 48-49: Exited with exit code 1
srun: error: nid00610: tasks 32-33: Exited with exit code 1
srun: error: nid00674: tasks 52-53: Exited with exit code 1
srun: error: nid00862: tasks 78-79: Exited with exit code 1
srun: error: nid00679: tasks 62-63: Exited with exit code 1
srun: error: nid00671: tasks 46-47: Exited with exit code 1
srun: error: nid00678: tasks 60-61: Exited with exit code 1
srun: error: nid00607: tasks 26-27: Exited with exit code 1
srun: error: nid00608: tasks 28-29: Exited with exit code 1
srun: error: nid00669: tasks 42-43: Exited with exit code 1
srun: error: nid01107: tasks 122-123: Exited with exit code 1
srun: error: nid01108: tasks 124-125: Exited with exit code 1
srun: error: nid01097: tasks 102-103: Exited with exit code 1
srun: error: nid01098: tasks 104-105: Exited with exit code 1
srun: error: nid00602: tasks 16-17: Exited with exit code 1
srun: error: nid00868: tasks 90-91: Exited with exit code 1
srun: error: nid00598: tasks 8-9: Exited with exit code 1
srun: error: nid01111: tasks 130-131: Exited with exit code 1
srun: error: nid00612: tasks 36-37: Exited with exit code 1
srun: error: nid00604: tasks 20-21: Exited with exit code 1
srun: error: nid00870: tasks 94-95: Exited with exit code 1
srun: error: nid01106: tasks 120-121: Exited with exit code 1
srun: error: nid00676: tasks 56-57: Exited with exit code 1
srun: error: nid00680: tasks 64-65: Exited with exit code 1
srun: error: nid00603: tasks 18-19: Exited with exit code 1
srun: error: nid00869: tasks 92-93: Exited with exit code 1
srun: error: nid00668: tasks 40-41: Exited with exit code 1
srun: error: nid00865: tasks 84-85: Exited with exit code 1
srun: error: nid00866: tasks 86-87: Exited with exit code 1
srun: error: nid01105: tasks 118-119: Exited with exit code 1
srun: error: nid00597: tasks 6-7: Exited with exit code 1
srun: error: nid00863: tasks 80-81: Exited with exit code 1
srun: error: nid00861: tasks 76-77: Exited with exit code 1
srun: error: nid00859: tasks 72-73: Exited with exit code 1
srun: error: nid00206: tasks 2-3: Exited with exit code 1
srun: error: nid00858: tasks 70-71: Exited with exit code 1
srun: error: nid01109: tasks 126-127: Exited with exit code 1
srun: error: nid01110: tasks 128-129: Exited with exit code 1
srun: error: nid00207: tasks 4-5: Exited with exit code 1
srun: error: nid00871: tasks 96-97: Exited with exit code 1
srun: error: nid00682: tasks 68-69: Exited with exit code 1
srun: error: nid00873: tasks 100-101: Exited with exit code 1
srun: error: nid01112: tasks 132-133: Exited with exit code 1
srun: error: nid00667: tasks 38-39: Exited with exit code 1
srun: error: nid00611: tasks 34-35: Exited with exit code 1
srun: error: nid00609: tasks 30-31: Exited with exit code 1
srun: error: nid00872: tasks 98-99: Exited with exit code 1
srun: error: nid00864: tasks 82-83: Exited with exit code 1
srun: error: nid00205: tasks 0-1: Exited with exit code 1
srun: error: nid01101: tasks 110-111: Exited with exit code 1
srun: error: nid00677: tasks 58-59: Exited with exit code 1
srun: error: nid00681: tasks 66-67: Exited with exit code 1
srun: error: nid01113: tasks 134-135: Exited with exit code 1
srun: error: nid01102: tasks 112-113: Exited with exit code 1
srun: error: nid01103: tasks 114-115: Exited with exit code 1
srun: error: nid00860: tasks 74-75: Exited with exit code 1
srun: error: nid01584: tasks 184-185: Exited with exit code 1
srun: error: nid01100: tasks 108-109: Exited with exit code 1
srun: error: nid00670: tasks 44-45: Exited with exit code 1
srun: error: nid01590: tasks 196-197: Exited with exit code 1
srun: error: nid01582: tasks 180-181: Exited with exit code 1
srun: error: nid01586: tasks 188-189: Exited with exit code 1
srun: error: nid01516: tasks 142-143: Exited with exit code 1
srun: error: nid01597: tasks 210-211: Exited with exit code 1
srun: error: nid01608: tasks 224-225: Exited with exit code 1
srun: error: nid01593: tasks 202-203: Exited with exit code 1
srun: error: nid01523: tasks 156-157: Exited with exit code 1
srun: error: nid01583: tasks 182-183: Exited with exit code 1
srun: error: nid01513: tasks 136-137: Exited with exit code 1
srun: error: nid01585: tasks 186-187: Exited with exit code 1
srun: error: nid01515: tasks 140-141: Exited with exit code 1
srun: error: nid01522: tasks 154-155: Exited with exit code 1
srun: error: nid01526: tasks 162-163: Exited with exit code 1
srun: error: nid01524: tasks 158-159: Exited with exit code 1
srun: error: nid01519: tasks 148-149: Exited with exit code 1
srun: error: nid01616: tasks 240-241: Exited with exit code 1
srun: error: nid01592: tasks 200-201: Exited with exit code 1
srun: error: nid01587: tasks 190-191: Exited with exit code 1
srun: error: nid01594: tasks 204-205: Exited with exit code 1
srun: error: nid01580: tasks 176-177: Exited with exit code 1
srun: error: nid01525: tasks 160-161: Exited with exit code 1
srun: error: nid01520: tasks 150-151: Exited with exit code 1
srun: error: nid01527: tasks 164-165: Exited with exit code 1
srun: error: nid01609: tasks 226-227: Exited with exit code 1
srun: error: nid01517: tasks 144-145: Exited with exit code 1
srun: error: nid01518: tasks 146-147: Exited with exit code 1
srun: error: nid01603: tasks 214-215: Exited with exit code 1
srun: error: nid01514: tasks 138-139: Exited with exit code 1
srun: error: nid01521: tasks 152-153: Exited with exit code 1
srun: error: nid01606: tasks 220-221: Exited with exit code 1
srun: error: nid01591: tasks 198-199: Exited with exit code 1
srun: error: nid01623: tasks 254-255: Exited with exit code 1
srun: error: nid01578: tasks 172-173: Exited with exit code 1
srun: error: nid01588: tasks 192-193: Exited with exit code 1
srun: error: nid01614: tasks 236-237: Exited with exit code 1
srun: error: nid01615: tasks 238-239: Exited with exit code 1
srun: error: nid01579: tasks 174-175: Exited with exit code 1
srun: error: nid01530: tasks 170-171: Exited with exit code 1
srun: error: nid01612: tasks 232-233: Exited with exit code 1
srun: error: nid01604: tasks 216-217: Exited with exit code 1
srun: error: nid01617: tasks 242-243: Exited with exit code 1
srun: error: nid01621: tasks 250-251: Exited with exit code 1
srun: error: nid01529: tasks 168-169: Exited with exit code 1
srun: error: nid01589: tasks 194-195: Exited with exit code 1
srun: error: nid01528: tasks 166-167: Exited with exit code 1
srun: error: nid01622: tasks 252-253: Exited with exit code 1
srun: error: nid01620: tasks 248-249: Exited with exit code 1
srun: error: nid01618: tasks 244-245: Exited with exit code 1
srun: error: nid01610: tasks 228-229: Exited with exit code 1
srun: error: nid01611: tasks 230-231: Exited with exit code 1
srun: error: nid01596: tasks 208-209: Exited with exit code 1
srun: error: nid01613: tasks 234-235: Exited with exit code 1
srun: error: nid01595: tasks 206-207: Exited with exit code 1
srun: error: nid01581: tasks 178-179: Exited with exit code 1
srun: error: nid01619: tasks 246-247: Exited with exit code 1
srun: error: nid01602: tasks 212-213: Exited with exit code 1
srun: error: nid00599: tasks 10-11: Exited with exit code 1
srun: error: Task 10 reported exit for a second time.
srun: error: Task 11 reported exit for a second time.
srun: error: nid01607: tasks 222-223: Exited with exit code 1
srun: error: nid01605: tasks 218-219: Exited with exit code 1
srun: error: nid00867: tasks 88-89: Exited with exit code 1
srun: error: Task 88 reported exit for a second time.
srun: error: Task 89 reported exit for a second time.
srun: error: nid00675: tasks 54-55: Exited with exit code 1
srun: error: Task 54 reported exit for a second time.
srun: error: Task 55 reported exit for a second time.
srun: error: nid00601: tasks 14-15: Exited with exit code 1
srun: error: Task 14 reported exit for a second time.
srun: error: Task 15 reported exit for a second time.
srun: error: nid00605: tasks 22-23: Exited with exit code 1
srun: error: Task 22 reported exit for a second time.
srun: error: Task 23 reported exit for a second time.
Could not allocate memory!Could not allocate memory!Could not allocate memory!Could not allocate memory!Could not allocate memory!Could not allocate memory!Could not allocate memory!Could not allocate memory!Could not allocate memory!Could not allocate memory!Could not allocate memory!Could not allocate memory!Could not allocate memory!Could not allocate memory!Could not allocate memory!Could not allocate memory!Could not allocate memory!Could not allocate memory!Could not allocate memory!Could not allocate memory!Could not allocate memory!Could not allocate memory!Could not allocate memory!Could not allocate memory!Could not allocate memory!Could not allocate memory!Could not allocate memory!Could not allocate memory!Could not allocate memory!Could not allocate memory!Could not allocate memory!Could not allocate memory!Could not allocate memory!Could not allocate memory!Could not allocate memory!Could not allocate memory!Could not allocate memory!Could not allocate memory!Could not allocate memory!Could not allocate memory!Could not allocate memory!Could not allocate memory!Could not allocate memory!Could not allocate memory!Could not allocate memory!Could not allocate memory!Could not allocate memory!Could not allocate memory!Could not allocate memory!Could not allocate memory!Could not allocate memory!Could not allocate memory!Could not allocate memory!Could not allocate memory!Could not allocate memory!Could not allocate memory!Could not allocate memory!Could not allocate memory!Could not allocate memory!Could not allocate memory!Could not allocate memory!Could not allocate memory!Could not allocate memory!Could not allocate memory!Could not allocate memory!Could not allocate memory!Could not allocate memory!Could not allocate memory!Could not allocate memory!Could not allocate memory!Could not allocate memory!Could not allocate memory!Could not allocate memory!Could not allocate memory!Could not allocate memory!Could not allocate memory!Could not allocate memory!Could not allocate memory!Could not allocate memory!Could not allocate memory!Could not allocate memory!Could not allocate memory!Could not allocate memory!Could not allocate memory!Could not allocate memory!Could not allocate memory!Could not allocate memory!Could not allocate memory!Could not allocate memory!Could not allocate memory!Could not allocate memory!Could not allocate memory!Could not allocate memory!Could not allocate memory!Could not allocate memory!Could not allocate memory!Could not allocate memory!Could not allocate memory!Could not allocate memory!Could not allocate memory!Could not allocate memory!Could not allocate memory!Could not allocate memory!Could not allocate memory!Could not allocate memory!Could not allocate memory!Could not allocate memory!Could not allocate memory!Could not allocate memory!Could not allocate memory!Could not allocate memory!Could not allocate memory!Could not allocate memory!Could not allocate memory!Could not allocate memory!Could not allocate memory!Could not allocate memory!Could not allocate memory!Could not allocate memory!Could not allocate memory!Could not allocate memory!Could not allocate memory!Could not allocate memory!Could not allocate memory!Could not allocate memory!Could not allocate memory!Could not allocate memory!Could not allocate memory!Could not allocate memory!Could not allocate memory!Could not allocate memory!Could not allocate memory!Could not allocate memory!Could not allocate memory!Could not allocate memory!Could not allocate memory!Could not allocate memory!Could not allocate memory!Could not allocate memory!Could not allocate memory!Could not allocate memory!Could not allocate memory!Could not allocate memory!Could not allocate memory!Could not allocate memory!Could not allocate memory!Could not allocate memory!Could not allocate memory!Could not allocate memory!Could not allocate memory!Could not allocate memory!Could not allocate memory!Could not allocate memory!Could not allocate memory!Could not allocate memory!Could not allocate memory!Could not allocate memory!Could not allocate memory!Could not allocate memory!Could not allocate memory!Could not allocate memory!Could not allocate memory!Could not allocate memory!Could not allocate memory!Could not allocate memory!Could not allocate memory!Could not allocate memory!Could not allocate memory!Could not allocate memory!Could not allocate memory!Could not allocate memory!Could not allocate memory!Could not allocate memory!Could not allocate memory!Could not allocate memory!Could not allocate memory!Could not allocate memory!Could not allocate memory!Could not allocate memory!Could not allocate memory!Could not allocate memory!Could not allocate memory!Could not allocate memory!Could not allocate memory!Could not allocate memory!Could not allocate memory!Could not allocate memory!Could not allocate memory!Could not allocate memory!Could not allocate memory!Could not allocate memory!Could not allocate memory!Could not allocate memory!Could not allocate memory!Could not allocate memory!Could not allocate memory!Could not allocate memory!Could not allocate memory!Could not allocate memory!Could not allocate memory!Could not allocate memory!Could not allocate memory!Could not allocate memory!Could not allocate memory!Could not allocate memory!Could not allocate memory!Could not allocate memory!Could not allocate memory!Could not allocate memory!Could not allocate memory!Could not allocate memory!Could not allocate memory!Could not allocate memory!Could not allocate memory!Could not allocate memory!Could not allocate memory!Could not allocate memory!Could not allocate memory!Could not allocate memory!Could not allocate memory!Could not allocate memory!Could not allocate memory!Could not allocate memory!Could not allocate memory!Could not allocate memory!Could not allocate memory!Could not allocate memory!Could not allocate memory!Could not allocate memory!Could not allocate memory!Could not allocate memory!Could not allocate memory!Could not allocate memory!Could not allocate memory!Could not allocate memory!Could not allocate memory!Could not allocate memory!Could not allocate memory!Could not allocate memory!Could not allocate memory!Could not allocate memory!Could not allocate memory!Could not allocate memory!Could not allocate memory!Could not allocate memory!Could not allocate memory!Could not allocate memory!Could not allocate memory!Could not allocate memory!Could not allocate memory!Could not allocate memory!Could not allocate memory!Could not allocate memory!Could not allocate memory!Could not allocate memory!Could not allocate memory!
CONFIGURATION: n x m = 6x6, depth = 40, nodes = 128
srun: Job 14162752 step creation temporarily disabled, retrying
srun: Step created for job 14162752
Duration [ms] = 257045, 256902, 258113, 257586, 257285, 257825, 259380, 261067, 257493, 258251
Avg time [ms] = 258094, Std deviation = 1199
CONFIGURATION: n x m = 6x7, depth = 40, nodes = 128
srun: error: nid00605: tasks 22-23: Exited with exit code 1
srun: Terminating job step 14162752.26
srun: error: nid00599: tasks 10-11: Exited with exit code 1
srun: error: nid00678: tasks 60-61: Exited with exit code 1
srun: error: nid00867: tasks 88-89: Exited with exit code 1
srun: error: nid01099: tasks 106-107: Exited with exit code 1
srun: error: nid00669: tasks 42-43: Exited with exit code 1
srun: error: nid00603: tasks 18-19: Exited with exit code 1
srun: error: nid00866: tasks 86-87: Exited with exit code 1
srun: error: nid00672: tasks 48-49: Exited with exit code 1
srun: error: nid01098: tasks 104-105: Exited with exit code 1
srun: error: nid00608: tasks 28-29: Exited with exit code 1
srun: error: nid00601: tasks 14-15: Exited with exit code 1
srun: error: nid00600: tasks 12-13: Exited with exit code 1
srun: error: nid00604: tasks 20-21: Exited with exit code 1
srun: error: nid01097: tasks 102-103: Exited with exit code 1
srun: error: nid01108: tasks 124-125: Exited with exit code 1
srun: error: nid00607: tasks 26-27: Exited with exit code 1
srun: error: nid00609: tasks 30-31: Exited with exit code 1
srun: error: nid00674: tasks 52-53: Exited with exit code 1
srun: error: nid00668: tasks 40-41: Exited with exit code 1
srun: error: nid01110: tasks 128-129: Exited with exit code 1
srun: error: nid00602: tasks 16-17: Exited with exit code 1
srun: error: nid00610: tasks 32-33: Exited with exit code 1
srun: error: nid00671: tasks 46-47: Exited with exit code 1
srun: error: nid01107: tasks 122-123: Exited with exit code 1
srun: error: nid00870: tasks 94-95: Exited with exit code 1
srun: error: nid00673: tasks 50-51: Exited with exit code 1
srun: error: nid00861: tasks 76-77: Exited with exit code 1
srun: error: nid00676: tasks 56-57: Exited with exit code 1
srun: error: nid00207: tasks 4-5: Exited with exit code 1
srun: error: nid00872: tasks 98-99: Exited with exit code 1
srun: error: nid00680: tasks 64-65: Exited with exit code 1
srun: error: nid00606: tasks 24-25: Exited with exit code 1
srun: error: nid00679: tasks 62-63: Exited with exit code 1
srun: error: nid00597: tasks 6-7: Exited with exit code 1
srun: error: nid00675: tasks 54-55: Exited with exit code 1
srun: error: nid01104: tasks 116-117: Exited with exit code 1
srun: error: nid00865: tasks 84-85: Exited with exit code 1
srun: error: nid00858: tasks 70-71: Exited with exit code 1
srun: error: nid00862: tasks 78-79: Exited with exit code 1
srun: error: nid00670: tasks 44-45: Exited with exit code 1
srun: error: nid00612: tasks 36-37: Exited with exit code 1
srun: error: nid00871: tasks 96-97: Exited with exit code 1
srun: error: nid01105: tasks 118-119: Exited with exit code 1
srun: error: nid00863: tasks 80-81: Exited with exit code 1
srun: error: nid01112: tasks 132-133: Exited with exit code 1
srun: error: nid00868: tasks 90-91: Exited with exit code 1
srun: error: nid00860: tasks 74-75: Exited with exit code 1
srun: error: nid01113: tasks 134-135: Exited with exit code 1
srun: error: nid00869: tasks 92-93: Exited with exit code 1
srun: error: nid01111: tasks 130-131: Exited with exit code 1
srun: error: nid00598: tasks 8-9: Exited with exit code 1
srun: error: nid01106: tasks 120-121: Exited with exit code 1
srun: error: nid00681: tasks 66-67: Exited with exit code 1
srun: error: nid00667: tasks 38-39: Exited with exit code 1
srun: error: nid00864: tasks 82-83: Exited with exit code 1
srun: error: nid01109: tasks 126-127: Exited with exit code 1
srun: error: nid01103: tasks 114-115: Exited with exit code 1
srun: error: nid00859: tasks 72-73: Exited with exit code 1
srun: error: nid00677: tasks 58-59: Exited with exit code 1
srun: error: nid01101: tasks 110-111: Exited with exit code 1
srun: error: nid00682: tasks 68-69: Exited with exit code 1
srun: error: nid00873: tasks 100-101: Exited with exit code 1
srun: error: nid00206: tasks 2-3: Exited with exit code 1
srun: error: nid00611: tasks 34-35: Exited with exit code 1
srun: error: nid01102: tasks 112-113: Exited with exit code 1
srun: error: nid01586: tasks 188-189: Exited with exit code 1
srun: error: nid01583: tasks 182-183: Exited with exit code 1
srun: error: nid01100: tasks 108-109: Exited with exit code 1
srun: error: nid01582: tasks 180-181: Exited with exit code 1
srun: error: nid01524: tasks 158-159: Exited with exit code 1
srun: error: nid01584: tasks 184-185: Exited with exit code 1
srun: error: nid01588: tasks 192-193: Exited with exit code 1
srun: error: nid01517: tasks 144-145: Exited with exit code 1
srun: error: nid01513: tasks 136-137: Exited with exit code 1
srun: error: nid01616: tasks 240-241: Exited with exit code 1
srun: error: nid01593: tasks 202-203: Exited with exit code 1
srun: error: nid00205: tasks 0-1: Exited with exit code 1
srun: error: nid01590: tasks 196-197: Exited with exit code 1
srun: error: nid01585: tasks 186-187: Exited with exit code 1
srun: error: nid01592: tasks 200-201: Exited with exit code 1
srun: error: nid01526: tasks 162-163: Exited with exit code 1
srun: error: nid01521: tasks 152-153: Exited with exit code 1
srun: error: nid01520: tasks 150-151: Exited with exit code 1
srun: error: nid01587: tasks 190-191: Exited with exit code 1
srun: error: nid01515: tasks 140-141: Exited with exit code 1
srun: error: nid01579: tasks 174-175: Exited with exit code 1
srun: error: nid01608: tasks 224-225: Exited with exit code 1
srun: error: nid01518: tasks 146-147: Exited with exit code 1
srun: error: nid01519: tasks 148-149: Exited with exit code 1
srun: error: nid01516: tasks 142-143: Exited with exit code 1
srun: error: nid01523: tasks 156-157: Exited with exit code 1
srun: error: nid01522: tasks 154-155: Exited with exit code 1
srun: error: nid01594: tasks 204-205: Exited with exit code 1
srun: error: nid01525: tasks 160-161: Exited with exit code 1
srun: error: nid01618: tasks 244-245: Exited with exit code 1
srun: error: nid01514: tasks 138-139: Exited with exit code 1
srun: error: nid01528: tasks 166-167: Exited with exit code 1
srun: error: nid01529: tasks 168-169: Exited with exit code 1
srun: error: nid01578: tasks 172-173: Exited with exit code 1
srun: error: nid01619: tasks 246-247: Exited with exit code 1
srun: error: nid01527: tasks 164-165: Exited with exit code 1
srun: error: nid01580: tasks 176-177: Exited with exit code 1
srun: error: nid01591: tasks 198-199: Exited with exit code 1
srun: error: nid01597: tasks 210-211: Exited with exit code 1
srun: error: nid01606: tasks 220-221: Exited with exit code 1
srun: error: nid01623: tasks 254-255: Exited with exit code 1
srun: error: nid01589: tasks 194-195: Exited with exit code 1
srun: error: nid01607: tasks 222-223: Exited with exit code 1
srun: error: nid01615: tasks 238-239: Exited with exit code 1
srun: error: nid01614: tasks 236-237: Exited with exit code 1
srun: error: nid01622: tasks 252-253: Exited with exit code 1
srun: error: nid01612: tasks 232-233: Exited with exit code 1
srun: error: nid01595: tasks 206-207: Exited with exit code 1
srun: error: nid01617: tasks 242-243: Exited with exit code 1
srun: error: nid01613: tasks 234-235: Exited with exit code 1
srun: error: nid01604: tasks 216-217: Exited with exit code 1
srun: error: nid01603: tasks 214-215: Exited with exit code 1
srun: error: nid01610: tasks 228-229: Exited with exit code 1
srun: error: nid01530: tasks 170-171: Exited with exit code 1
srun: error: nid01581: tasks 178-179: Exited with exit code 1
srun: error: nid01620: tasks 248-249: Exited with exit code 1
srun: error: nid01602: tasks 212-213: Exited with exit code 1
srun: error: nid01596: tasks 208-209: Exited with exit code 1
srun: error: nid01621: tasks 250-251: Exited with exit code 1
srun: error: nid01605: tasks 218-219: Exited with exit code 1
srun: error: nid01611: tasks 230-231: Exited with exit code 1
srun: error: nid01609: tasks 226-227: Exited with exit code 1
Could not allocate memory!Could not allocate memory!Could not allocate memory!Could not allocate memory!Could not allocate memory!Could not allocate memory!Could not allocate memory!Could not allocate memory!Could not allocate memory!Could not allocate memory!Could not allocate memory!Could not allocate memory!Could not allocate memory!Could not allocate memory!Could not allocate memory!Could not allocate memory!Could not allocate memory!Could not allocate memory!Could not allocate memory!Could not allocate memory!Could not allocate memory!Could not allocate memory!Could not allocate memory!Could not allocate memory!Could not allocate memory!Could not allocate memory!Could not allocate memory!Could not allocate memory!Could not allocate memory!Could not allocate memory!Could not allocate memory!Could not allocate memory!Could not allocate memory!Could not allocate memory!Could not allocate memory!Could not allocate memory!Could not allocate memory!Could not allocate memory!Could not allocate memory!Could not allocate memory!Could not allocate memory!Could not allocate memory!Could not allocate memory!Could not allocate memory!Could not allocate memory!Could not allocate memory!Could not allocate memory!Could not allocate memory!Could not allocate memory!Could not allocate memory!Could not allocate memory!Could not allocate memory!Could not allocate memory!Could not allocate memory!Could not allocate memory!Could not allocate memory!Could not allocate memory!Could not allocate memory!Could not allocate memory!Could not allocate memory!Could not allocate memory!Could not allocate memory!Could not allocate memory!Could not allocate memory!Could not allocate memory!Could not allocate memory!Could not allocate memory!Could not allocate memory!Could not allocate memory!Could not allocate memory!Could not allocate memory!Could not allocate memory!Could not allocate memory!Could not allocate memory!Could not allocate memory!Could not allocate memory!Could not allocate memory!Could not allocate memory!Could not allocate memory!Could not allocate memory!Could not allocate memory!Could not allocate memory!Could not allocate memory!Could not allocate memory!Could not allocate memory!Could not allocate memory!Could not allocate memory!Could not allocate memory!Could not allocate memory!Could not allocate memory!Could not allocate memory!Could not allocate memory!Could not allocate memory!Could not allocate memory!Could not allocate memory!Could not allocate memory!Could not allocate memory!Could not allocate memory!Could not allocate memory!Could not allocate memory!Could not allocate memory!Could not allocate memory!Could not allocate memory!Could not allocate memory!Could not allocate memory!Could not allocate memory!Could not allocate memory!Could not allocate memory!Could not allocate memory!Could not allocate memory!Could not allocate memory!Could not allocate memory!Could not allocate memory!Could not allocate memory!Could not allocate memory!Could not allocate memory!Could not allocate memory!Could not allocate memory!Could not allocate memory!Could not allocate memory!Could not allocate memory!Could not allocate memory!Could not allocate memory!Could not allocate memory!Could not allocate memory!Could not allocate memory!Could not allocate memory!Could not allocate memory!Could not allocate memory!Could not allocate memory!Could not allocate memory!Could not allocate memory!Could not allocate memory!Could not allocate memory!Could not allocate memory!Could not allocate memory!Could not allocate memory!Could not allocate memory!Could not allocate memory!Could not allocate memory!Could not allocate memory!Could not allocate memory!Could not allocate memory!Could not allocate memory!Could not allocate memory!Could not allocate memory!Could not allocate memory!Could not allocate memory!Could not allocate memory!Could not allocate memory!Could not allocate memory!Could not allocate memory!Could not allocate memory!Could not allocate memory!Could not allocate memory!Could not allocate memory!Could not allocate memory!Could not allocate memory!Could not allocate memory!Could not allocate memory!Could not allocate memory!Could not allocate memory!Could not allocate memory!Could not allocate memory!Could not allocate memory!Could not allocate memory!Could not allocate memory!Could not allocate memory!Could not allocate memory!Could not allocate memory!Could not allocate memory!Could not allocate memory!Could not allocate memory!Could not allocate memory!Could not allocate memory!Could not allocate memory!Could not allocate memory!Could not allocate memory!Could not allocate memory!Could not allocate memory!Could not allocate memory!Could not allocate memory!Could not allocate memory!Could not allocate memory!Could not allocate memory!Could not allocate memory!Could not allocate memory!Could not allocate memory!Could not allocate memory!Could not allocate memory!Could not allocate memory!Could not allocate memory!Could not allocate memory!Could not allocate memory!Could not allocate memory!Could not allocate memory!Could not allocate memory!Could not allocate memory!Could not allocate memory!Could not allocate memory!Could not allocate memory!Could not allocate memory!Could not allocate memory!Could not allocate memory!Could not allocate memory!Could not allocate memory!Could not allocate memory!Could not allocate memory!Could not allocate memory!Could not allocate memory!Could not allocate memory!Could not allocate memory!Could not allocate memory!Could not allocate memory!Could not allocate memory!Could not allocate memory!Could not allocate memory!Could not allocate memory!Could not allocate memory!Could not allocate memory!Could not allocate memory!Could not allocate memory!Could not allocate memory!Could not allocate memory!Could not allocate memory!Could not allocate memory!Could not allocate memory!Could not allocate memory!Could not allocate memory!Could not allocate memory!Could not allocate memory!Could not allocate memory!Could not allocate memory!Could not allocate memory!Could not allocate memory!Could not allocate memory!Could not allocate memory!Could not allocate memory!Could not allocate memory!Could not allocate memory!Could not allocate memory!Could not allocate memory!Could not allocate memory!Could not allocate memory!Could not allocate memory!Could not allocate memory!Could not allocate memory!Could not allocate memory!Could not allocate memory!Could not allocate memory!Could not allocate memory!Could not allocate memory!Could not allocate memory!Could not allocate memory!Could not allocate memory!Could not allocate memory!
CONFIGURATION: n x m = 6x6, depth = 60, nodes = 128
Duration [ms] = 374349, 375820, 373049, 377115, 374730, 372621, 374528, 373109, 376012, 371955
Avg time [ms] = 374328, Std deviation = 1571
CONFIGURATION: n x m = 6x7, depth = 60, nodes = 128
srun: error: nid00601: tasks 14-15: Exited with exit code 1
srun: Terminating job step 14162752.28
srun: error: nid00675: tasks 54-55: Exited with exit code 1
srun: error: nid00679: tasks 62-63: Exited with exit code 1
srun: error: nid00599: tasks 10-11: Exited with exit code 1
srun: error: nid00605: tasks 22-23: Exited with exit code 1
srun: error: nid00867: tasks 88-89: Exited with exit code 1
srun: error: nid01097: tasks 102-103: Exited with exit code 1
srun: error: nid01098: tasks 104-105: Exited with exit code 1
srun: error: nid00672: tasks 48-49: Exited with exit code 1
srun: error: nid01107: tasks 122-123: Exited with exit code 1
srun: error: nid00610: tasks 32-33: Exited with exit code 1
srun: error: nid00870: tasks 94-95: Exited with exit code 1
srun: error: nid00669: tasks 42-43: Exited with exit code 1
srun: error: nid00671: tasks 46-47: Exited with exit code 1
srun: error: nid00603: tasks 18-19: Exited with exit code 1
srun: error: nid01108: tasks 124-125: Exited with exit code 1
srun: error: nid00678: tasks 60-61: Exited with exit code 1
srun: error: nid00609: tasks 30-31: Exited with exit code 1
srun: error: nid00607: tasks 26-27: Exited with exit code 1
srun: error: nid00676: tasks 56-57: Exited with exit code 1
srun: error: nid00598: tasks 8-9: Exited with exit code 1
srun: error: nid01099: tasks 106-107: Exited with exit code 1
srun: error: nid00604: tasks 20-21: Exited with exit code 1
srun: error: nid00668: tasks 40-41: Exited with exit code 1
srun: error: nid00866: tasks 86-87: Exited with exit code 1
srun: error: nid00869: tasks 92-93: Exited with exit code 1
srun: error: nid01104: tasks 116-117: Exited with exit code 1
srun: error: nid00602: tasks 16-17: Exited with exit code 1
srun: error: nid01110: tasks 128-129: Exited with exit code 1
srun: error: nid00673: tasks 50-51: Exited with exit code 1
srun: error: nid00608: tasks 28-29: Exited with exit code 1
srun: error: nid00600: tasks 12-13: Exited with exit code 1
srun: error: nid00670: tasks 44-45: Exited with exit code 1
srun: error: nid00207: tasks 4-5: Exited with exit code 1
srun: error: nid00606: tasks 24-25: Exited with exit code 1
srun: error: nid01106: tasks 120-121: Exited with exit code 1
srun: error: nid01111: tasks 130-131: Exited with exit code 1
srun: error: nid00868: tasks 90-91: Exited with exit code 1
srun: error: nid00873: tasks 100-101: Exited with exit code 1
srun: error: nid00206: tasks 2-3: Exited with exit code 1
srun: error: nid00859: tasks 72-73: Exited with exit code 1
srun: error: nid00677: tasks 58-59: Exited with exit code 1
srun: error: nid00674: tasks 52-53: Exited with exit code 1
srun: error: nid00597: tasks 6-7: Exited with exit code 1
srun: error: nid00861: tasks 76-77: Exited with exit code 1
srun: error: nid00863: tasks 80-81: Exited with exit code 1
srun: error: nid01103: tasks 114-115: Exited with exit code 1
srun: error: nid01109: tasks 126-127: Exited with exit code 1
srun: error: nid01113: tasks 134-135: Exited with exit code 1
srun: error: nid01112: tasks 132-133: Exited with exit code 1
srun: error: nid00680: tasks 64-65: Exited with exit code 1
srun: error: nid00872: tasks 98-99: Exited with exit code 1
srun: error: nid00612: tasks 36-37: Exited with exit code 1
srun: error: nid00860: tasks 74-75: Exited with exit code 1
srun: error: nid00864: tasks 82-83: Exited with exit code 1
srun: error: nid00667: tasks 38-39: Exited with exit code 1
srun: error: nid00865: tasks 84-85: Exited with exit code 1
srun: error: nid00611: tasks 34-35: Exited with exit code 1
srun: error: nid00681: tasks 66-67: Exited with exit code 1
srun: error: nid00871: tasks 96-97: Exited with exit code 1
srun: error: nid01105: tasks 118-119: Exited with exit code 1
srun: error: nid00862: tasks 78-79: Exited with exit code 1
srun: error: nid00682: tasks 68-69: Exited with exit code 1
srun: error: nid00858: tasks 70-71: Exited with exit code 1
srun: error: nid01100: tasks 108-109: Exited with exit code 1
srun: error: nid01101: tasks 110-111: Exited with exit code 1
srun: error: nid01102: tasks 112-113: Exited with exit code 1
srun: error: nid01586: tasks 188-189: Exited with exit code 1
srun: error: nid01616: tasks 240-241: Exited with exit code 1
srun: error: nid01584: tasks 184-185: Exited with exit code 1
srun: error: nid01582: tasks 180-181: Exited with exit code 1
srun: error: nid01588: tasks 192-193: Exited with exit code 1
srun: error: nid01593: tasks 202-203: Exited with exit code 1
srun: error: nid01524: tasks 158-159: Exited with exit code 1
srun: error: nid01583: tasks 182-183: Exited with exit code 1
srun: error: nid01513: tasks 136-137: Exited with exit code 1
srun: error: nid01590: tasks 196-197: Exited with exit code 1
srun: error: nid00205: tasks 0-1: Exited with exit code 1
srun: error: nid01585: tasks 186-187: Exited with exit code 1
srun: error: nid01526: tasks 162-163: Exited with exit code 1
srun: error: nid01594: tasks 204-205: Exited with exit code 1
srun: error: nid01608: tasks 224-225: Exited with exit code 1
srun: error: nid01517: tasks 144-145: Exited with exit code 1
srun: error: nid01578: tasks 172-173: Exited with exit code 1
srun: error: nid01519: tasks 148-149: Exited with exit code 1
srun: error: nid01516: tasks 142-143: Exited with exit code 1
srun: error: nid01580: tasks 176-177: Exited with exit code 1
srun: error: nid01597: tasks 210-211: Exited with exit code 1
srun: error: nid01515: tasks 140-141: Exited with exit code 1
srun: error: nid01514: tasks 138-139: Exited with exit code 1
srun: error: nid01522: tasks 154-155: Exited with exit code 1
srun: error: nid01592: tasks 200-201: Exited with exit code 1
srun: error: nid01518: tasks 146-147: Exited with exit code 1
srun: error: nid01579: tasks 174-175: Exited with exit code 1
srun: error: nid01520: tasks 150-151: Exited with exit code 1
srun: error: nid01523: tasks 156-157: Exited with exit code 1
srun: error: nid01609: tasks 226-227: Exited with exit code 1
srun: error: nid01587: tasks 190-191: Exited with exit code 1
srun: error: nid01525: tasks 160-161: Exited with exit code 1
srun: error: nid01591: tasks 198-199: Exited with exit code 1
srun: error: nid01521: tasks 152-153: Exited with exit code 1
srun: error: nid01612: tasks 232-233: Exited with exit code 1
srun: error: nid01528: tasks 166-167: Exited with exit code 1
srun: error: nid01623: tasks 254-255: Exited with exit code 1
srun: error: nid01527: tasks 164-165: Exited with exit code 1
srun: error: nid01530: tasks 170-171: Exited with exit code 1
srun: error: nid01610: tasks 228-229: Exited with exit code 1
srun: error: nid01619: tasks 246-247: Exited with exit code 1
srun: error: nid01529: tasks 168-169: Exited with exit code 1
srun: error: nid01604: tasks 216-217: Exited with exit code 1
srun: error: nid01613: tasks 234-235: Exited with exit code 1
srun: error: nid01596: tasks 208-209: Exited with exit code 1
srun: error: nid01611: tasks 230-231: Exited with exit code 1
srun: error: nid01615: tasks 238-239: Exited with exit code 1
srun: error: nid01606: tasks 220-221: Exited with exit code 1
srun: error: nid01617: tasks 242-243: Exited with exit code 1
srun: error: nid01621: tasks 250-251: Exited with exit code 1
srun: error: nid01618: tasks 244-245: Exited with exit code 1
srun: error: nid01605: tasks 218-219: Exited with exit code 1
srun: error: nid01614: tasks 236-237: Exited with exit code 1
srun: error: nid01589: tasks 194-195: Exited with exit code 1
srun: error: nid01603: tasks 214-215: Exited with exit code 1
srun: error: nid01595: tasks 206-207: Exited with exit code 1
srun: error: nid01620: tasks 248-249: Exited with exit code 1
srun: error: nid01602: tasks 212-213: Exited with exit code 1
srun: error: nid01622: tasks 252-253: Exited with exit code 1
srun: error: nid01607: tasks 222-223: Exited with exit code 1
srun: error: nid01581: tasks 178-179: Exited with exit code 1
Could not allocate memory!Could not allocate memory!Could not allocate memory!Could not allocate memory!Could not allocate memory!Could not allocate memory!Could not allocate memory!Could not allocate memory!Could not allocate memory!Could not allocate memory!Could not allocate memory!Could not allocate memory!Could not allocate memory!Could not allocate memory!Could not allocate memory!Could not allocate memory!Could not allocate memory!Could not allocate memory!Could not allocate memory!Could not allocate memory!Could not allocate memory!Could not allocate memory!Could not allocate memory!Could not allocate memory!Could not allocate memory!Could not allocate memory!Could not allocate memory!Could not allocate memory!Could not allocate memory!Could not allocate memory!Could not allocate memory!Could not allocate memory!Could not allocate memory!Could not allocate memory!Could not allocate memory!Could not allocate memory!Could not allocate memory!Could not allocate memory!Could not allocate memory!Could not allocate memory!Could not allocate memory!Could not allocate memory!Could not allocate memory!Could not allocate memory!Could not allocate memory!Could not allocate memory!Could not allocate memory!Could not allocate memory!Could not allocate memory!Could not allocate memory!Could not allocate memory!Could not allocate memory!Could not allocate memory!Could not allocate memory!Could not allocate memory!Could not allocate memory!Could not allocate memory!Could not allocate memory!Could not allocate memory!Could not allocate memory!Could not allocate memory!Could not allocate memory!Could not allocate memory!Could not allocate memory!Could not allocate memory!Could not allocate memory!Could not allocate memory!Could not allocate memory!Could not allocate memory!Could not allocate memory!Could not allocate memory!Could not allocate memory!Could not allocate memory!Could not allocate memory!Could not allocate memory!Could not allocate memory!Could not allocate memory!Could not allocate memory!Could not allocate memory!Could not allocate memory!Could not allocate memory!Could not allocate memory!Could not allocate memory!Could not allocate memory!Could not allocate memory!Could not allocate memory!Could not allocate memory!Could not allocate memory!Could not allocate memory!Could not allocate memory!Could not allocate memory!Could not allocate memory!Could not allocate memory!Could not allocate memory!Could not allocate memory!Could not allocate memory!Could not allocate memory!Could not allocate memory!Could not allocate memory!Could not allocate memory!Could not allocate memory!Could not allocate memory!Could not allocate memory!Could not allocate memory!Could not allocate memory!Could not allocate memory!Could not allocate memory!Could not allocate memory!Could not allocate memory!Could not allocate memory!Could not allocate memory!Could not allocate memory!Could not allocate memory!Could not allocate memory!Could not allocate memory!Could not allocate memory!Could not allocate memory!Could not allocate memory!Could not allocate memory!Could not allocate memory!Could not allocate memory!Could not allocate memory!Could not allocate memory!Could not allocate memory!Could not allocate memory!Could not allocate memory!Could not allocate memory!Could not allocate memory!Could not allocate memory!Could not allocate memory!Could not allocate memory!Could not allocate memory!Could not allocate memory!Could not allocate memory!Could not allocate memory!Could not allocate memory!Could not allocate memory!Could not allocate memory!Could not allocate memory!Could not allocate memory!Could not allocate memory!Could not allocate memory!Could not allocate memory!Could not allocate memory!Could not allocate memory!Could not allocate memory!Could not allocate memory!Could not allocate memory!Could not allocate memory!Could not allocate memory!Could not allocate memory!Could not allocate memory!Could not allocate memory!Could not allocate memory!Could not allocate memory!Could not allocate memory!Could not allocate memory!Could not allocate memory!Could not allocate memory!Could not allocate memory!Could not allocate memory!Could not allocate memory!Could not allocate memory!Could not allocate memory!Could not allocate memory!Could not allocate memory!Could not allocate memory!Could not allocate memory!Could not allocate memory!Could not allocate memory!Could not allocate memory!Could not allocate memory!Could not allocate memory!Could not allocate memory!Could not allocate memory!Could not allocate memory!Could not allocate memory!Could not allocate memory!Could not allocate memory!Could not allocate memory!Could not allocate memory!Could not allocate memory!Could not allocate memory!Could not allocate memory!Could not allocate memory!Could not allocate memory!Could not allocate memory!Could not allocate memory!Could not allocate memory!Could not allocate memory!Could not allocate memory!Could not allocate memory!Could not allocate memory!Could not allocate memory!Could not allocate memory!Could not allocate memory!Could not allocate memory!Could not allocate memory!Could not allocate memory!Could not allocate memory!Could not allocate memory!Could not allocate memory!Could not allocate memory!Could not allocate memory!Could not allocate memory!Could not allocate memory!Could not allocate memory!Could not allocate memory!Could not allocate memory!Could not allocate memory!Could not allocate memory!Could not allocate memory!Could not allocate memory!Could not allocate memory!Could not allocate memory!Could not allocate memory!Could not allocate memory!Could not allocate memory!Could not allocate memory!Could not allocate memory!Could not allocate memory!Could not allocate memory!Could not allocate memory!Could not allocate memory!Could not allocate memory!Could not allocate memory!Could not allocate memory!Could not allocate memory!Could not allocate memory!Could not allocate memory!Could not allocate memory!Could not allocate memory!Could not allocate memory!Could not allocate memory!Could not allocate memory!Could not allocate memory!Could not allocate memory!Could not allocate memory!Could not allocate memory!Could not allocate memory!Could not allocate memory!Could not allocate memory!Could not allocate memory!Could not allocate memory!Could not allocate memory!Could not allocate memory!Could not allocate memory!Could not allocate memory!Could not allocate memory!Could not allocate memory!Could not allocate memory!Could not allocate memory!Could not allocate memory!Could not allocate memory!Could not allocate memory!Could not allocate memory!
CONFIGURATION: N = 50000, nodes = 128
Rep 1: Test x0 = 27440
T = 201
Found x0 = 27440 with success probability 0.999988
Rep 2: Test x0 = 29642
T = 201
Found x0 = 29642 with success probability 0.999988
Rep 3: Test x0 = 35759
T = 201
Found x0 = 35759 with success probability 0.999988
Rep 4: Test x0 = 42213
T = 201
Found x0 = 42213 with success probability 0.999988
Rep 5: Test x0 = 30138
T = 201
Found x0 = 30138 with success probability 0.999988
Rep 6: Test x0 = 42897
T = 201
Found x0 = 42897 with success probability 0.999988
Rep 7: Test x0 = 27244
T = 201
Found x0 = 27244 with success probability 0.999988
Rep 8: Test x0 = 42362
T = 201
Found x0 = 42362 with success probability 0.999988
Rep 9: Test x0 = 21182
T = 201
Found x0 = 21182 with success probability 0.999988
Rep 10: Test x0 = 31178
T = 201
Found x0 = 31178 with success probability 0.999988
Duration [ms] = 603, 556, 456, 524, 689, 517, 528, 532, 527, 513
Avg time [ms] = 544, Std deviation = 59
CONFIGURATION: N = 100000, nodes = 128
Rep 1: Test x0 = 54882
T = 284
Found x0 = 54882 with success probability 0.999999
Rep 2: Test x0 = 59285
T = 284
Found x0 = 59285 with success probability 0.999999
Rep 3: Test x0 = 71520
T = 284
Found x0 = 71520 with success probability 0.999999
Rep 4: Test x0 = 84427
T = 284
Found x0 = 84427 with success probability 0.999999
Rep 5: Test x0 = 60277
T = 284
Found x0 = 60277 with success probability 0.999999
Rep 6: Test x0 = 85795
T = 284
Found x0 = 85795 with success probability 0.999999
Rep 7: Test x0 = 54489
T = 284
Found x0 = 54489 with success probability 0.999999
Rep 8: Test x0 = 84726
T = 284
Found x0 = 84726 with success probability 0.999999
Rep 9: Test x0 = 42366
T = 284
Found x0 = 42366 with success probability 0.999999
Rep 10: Test x0 = 62357
T = 284
Found x0 = 62357 with success probability 0.999999
Duration [ms] = 919, 653, 936, 771, 834, 963, 552, 861, 969, 792
Avg time [ms] = 825, Std deviation = 130
CONFIGURATION: N = 200000, nodes = 128
Rep 1: Test x0 = 109766
T = 402
Found x0 = 109766 with success probability 0.999998
Rep 2: Test x0 = 118573
T = 402
Found x0 = 118573 with success probability 0.999998
Rep 3: Test x0 = 143043
T = 402
Found x0 = 143043 with success probability 0.999998
Rep 4: Test x0 = 168859
T = 402
Found x0 = 168859 with success probability 0.999998
Rep 5: Test x0 = 120557
T = 402
Found x0 = 120557 with success probability 0.999998
Rep 6: Test x0 = 171595
T = 402
Found x0 = 171595 with success probability 0.999998
Rep 7: Test x0 = 108980
T = 402
Found x0 = 108980 with success probability 0.999998
Rep 8: Test x0 = 169456
T = 402
Found x0 = 169456 with success probability 0.999998
Rep 9: Test x0 = 84734
T = 402
Found x0 = 84734 with success probability 0.999998
Rep 10: Test x0 = 124717
T = 402
Found x0 = 124717 with success probability 0.999998
Duration [ms] = 2126, 2150, 1881, 2418, 1812, 2107, 1819, 1465, 1794, 1824
Avg time [ms] = 1939, Std deviation = 250
CONFIGURATION: N = 400000, nodes = 128
Rep 1: Test x0 = 219533
T = 568
Found x0 = 219533 with success probability 1
Rep 2: Test x0 = 237147
T = 568
Found x0 = 237147 with success probability 1
Rep 3: Test x0 = 286086
T = 568
Found x0 = 286086 with success probability 1
Rep 4: Test x0 = 337719
T = 568
Found x0 = 337719 with success probability 1
Rep 5: Test x0 = 241114
T = 568
Found x0 = 241114 with success probability 1
Rep 6: Test x0 = 343191
T = 568
Found x0 = 343191 with success probability 1
Rep 7: Test x0 = 217961
T = 568
Found x0 = 217961 with success probability 1
Rep 8: Test x0 = 338913
T = 568
Found x0 = 338913 with success probability 1
Rep 9: Test x0 = 169468
T = 568
Found x0 = 169468 with success probability 1
Rep 10: Test x0 = 249435
T = 568
Found x0 = 249435 with success probability 1
Duration [ms] = 3745, 3963, 3370, 2710, 2722, 2963, 2179, 3586, 2585, 4150
Avg time [ms] = 3197, Std deviation = 624
CONFIGURATION: N = 600000, nodes = 128
Rep 1: Test x0 = 329300
T = 804
Found x0 = 329300 with success probability 1
Rep 2: Test x0 = 355720
T = 804
Found x0 = 355720 with success probability 1
Rep 3: Test x0 = 429130
T = 804
Found x0 = 429130 with success probability 1
Rep 4: Test x0 = 506579
T = 804
Found x0 = 506579 with success probability 1
Rep 5: Test x0 = 361672
T = 804
Found x0 = 361672 with success probability 1
Rep 6: Test x0 = 514787
T = 804
Found x0 = 514787 with success probability 1
Rep 7: Test x0 = 326942
T = 804
Found x0 = 326942 with success probability 1
Rep 8: Test x0 = 508370
T = 804
Found x0 = 508370 with success probability 1
Rep 9: Test x0 = 254202
T = 804
Found x0 = 254202 with success probability 1
Rep 10: Test x0 = 374152
T = 804
Found x0 = 374152 with success probability 1
Duration [ms] = 6163, 6430, 4834, 4849, 5298, 4971, 4882, 4709, 5683, 4633
Avg time [ms] = 5245, Std deviation = 602
CONFIGURATION: N = 1000000, nodes = 128
Rep 1: Test x0 = 548937
T = 804
Found x0 = 548937 with success probability 1
Rep 2: Test x0 = 592978
T = 804
Found x0 = 592978 with success probability 1
Rep 3: Test x0 = 715350
T = 804
Found x0 = 715350 with success probability 1
Rep 4: Test x0 = 844455
T = 804
Found x0 = 844455 with success probability 1
Rep 5: Test x0 = 602899
T = 804
Found x0 = 602899 with success probability 1
Rep 6: Test x0 = 858138
T = 804
Found x0 = 858138 with success probability 1
Rep 7: Test x0 = 545005
T = 804
Found x0 = 545005 with success probability 1
Rep 8: Test x0 = 847442
T = 804
Found x0 = 847442 with success probability 1
Rep 9: Test x0 = 423750
T = 804
Found x0 = 423750 with success probability 1
Rep 10: Test x0 = 623704
T = 804
Found x0 = 623704 with success probability 1
Duration [ms] = 5017, 4965, 5350, 6575, 5827, 4918, 6003, 4603, 4715, 4727
Avg time [ms] = 5270, Std deviation = 623
CONFIGURATION: N = 3000000, nodes = 128
Rep 1: Test x0 = 1647194
T = 1608
Found x0 = 1647194 with success probability 1
Rep 2: Test x0 = 1779348
T = 1608
Found x0 = 1779348 with success probability 1
Rep 3: Test x0 = 2146551
T = 1608
Found x0 = 2146551 with success probability 1
Rep 4: Test x0 = 2533957
T = 1608
Found x0 = 2533957 with success probability 1
Rep 5: Test x0 = 1809118
T = 1608
Found x0 = 1809118 with success probability 1
Rep 6: Test x0 = 2575016
T = 1608
Found x0 = 2575016 with success probability 1
Rep 7: Test x0 = 1635398
T = 1608
Found x0 = 1635398 with success probability 1
Rep 8: Test x0 = 2542919
T = 1608
Found x0 = 2542919 with success probability 1
Rep 9: Test x0 = 1271546
T = 1608
Found x0 = 1271546 with success probability 1
Rep 10: Test x0 = 1871548
T = 1608
Found x0 = 1871548 with success probability 1
Duration [ms] = 17312, 17192, 18331, 18215, 17139, 17566, 17997, 18890, 16962, 17302
Avg time [ms] = 17690, Std deviation = 600
CONFIGURATION: N = 6000000, nodes = 128
Rep 1: Test x0 = 3296693
T = 2274
Found x0 = 3296693 with success probability 1
Rep 2: Test x0 = 3561186
T = 2274
Found x0 = 3561186 with success probability 1
Rep 3: Test x0 = 4296104
T = 2274
Found x0 = 4296104 with success probability 1
Rep 4: Test x0 = 5071459
T = 2274
Found x0 = 5071459 with success probability 1
Rep 5: Test x0 = 3620767
T = 2274
Found x0 = 3620767 with success probability 1
Rep 6: Test x0 = 5153634
T = 2274
Found x0 = 5153634 with success probability 1
Rep 7: Test x0 = 3273084
T = 2274
Found x0 = 3273084 with success probability 1
Rep 8: Test x0 = 5089396
T = 2274
Found x0 = 5089396 with success probability 1
Rep 9: Test x0 = 2544872
T = 2274
Found x0 = 2544872 with success probability 1
Rep 10: Test x0 = 3745714
T = 2274
Found x0 = 3745714 with success probability 1
Duration [ms] = 33589, 35776, 35469, 34821, 33419, 35309, 33729, 34658, 33024, 33287
Avg time [ms] = 34308, Std deviation = 960
CONFIGURATION: N = 10000000, nodes = 128
Rep 1: Test x0 = 5494489
T = 3216
Found x0 = 5494489 with success probability 1
Rep 2: Test x0 = 5935310
T = 3216
Found x0 = 5935310 with success probability 1
Rep 3: Test x0 = 7160174
T = 3216
Found x0 = 7160174 with success probability 1
Rep 4: Test x0 = 8452433
T = 3216
Found x0 = 8452433 with success probability 1
Rep 5: Test x0 = 6034612
T = 3216
Found x0 = 6034612 with success probability 1
Rep 6: Test x0 = 8589390
T = 3216
Found x0 = 8589390 with success probability 1
Rep 7: Test x0 = 5455140
T = 3216
Found x0 = 5455140 with success probability 1
Rep 8: Test x0 = 8482327
T = 3216
Found x0 = 8482327 with success probability 1
Rep 9: Test x0 = 4241453
T = 3216
Found x0 = 4241453 with success probability 1
Rep 10: Test x0 = 6242857
T = 3216
Found x0 = 6242857 with success probability 1
Duration [ms] = 75128, 78235, 78369, 78940, 78371, 79795, 77826, 77709, 77030, 78512
Avg time [ms] = 77991, Std deviation = 1183
CONFIGURATION: N = 203, nodes = 128
srun: Job step aborted: Waiting up to 32 seconds for job step to finish.
slurmstepd: error: *** STEP 14162752.38 ON nid00205 CANCELLED AT 2019-05-21T20:29:28 DUE TO TIME LIMIT ***
slurmstepd: error: *** JOB 14162752 ON nid00205 CANCELLED AT 2019-05-21T20:29:28 DUE TO TIME LIMIT ***
srun: got SIGCONT
srun: forcing job termination
 
Batch Job Summary Report for Job "script_128.sh" (14162752) on daint
-----------------------------------------------------------------------------------------------------
             Submit            Eligible               Start                 End    Elapsed  Timelimit 
------------------- ------------------- ------------------- ------------------- ---------- ---------- 
2019-05-21T17:28:32 2019-05-21T17:28:32 2019-05-21T17:28:52 2019-05-21T20:29:28   03:00:36   03:00:00 
-----------------------------------------------------------------------------------------------------
Username    Account     Partition   NNodes   Energy
----------  ----------  ----------  ------  --------------
mazzolag    csstaff     normal         128  280.21M joules
 
This job did not utilize any GPUs
 
----------------------------------------------------------
Scratch File System        Files       Quota
--------------------  ----------  ----------
/scratch/snx3000           18834     1000000
 
