================================
       RUNNING BENCHMARKS
================================
CONFIGURATION: N = 16, nodes = 64
Duration [ms] = 36, 4, 3, 3, 2, 2, 1, 4, 4, 2
Avg time [ms] = 6, Std deviation = 10
CONFIGURATION: N = 19, nodes = 64
Duration [ms] = 31, 3, 2, 2, 1, 1, 1, 4, 3, 5
Avg time [ms] = 5, Std deviation = 8
CONFIGURATION: N = 22, nodes = 64
Duration [ms] = 61, 40, 30, 28, 8, 10, 10, 29, 27, 20
Avg time [ms] = 26, Std deviation = 15
CONFIGURATION: N = 24, nodes = 64
Duration [ms] = 81, 59, 51, 45, 16, 19, 16, 49, 53, 45
Avg time [ms] = 43, Std deviation = 19
CONFIGURATION: N = 26, nodes = 64
Duration [ms] = 439, 273, 163, 147, 54, 62, 55, 173, 180, 151
Avg time [ms] = 169, Std deviation = 110
CONFIGURATION: N = 27, nodes = 64
Duration [ms] = 381, 347, 296, 304, 108, 157, 135, 336, 484, 358
Avg time [ms] = 290, Std deviation = 114
CONFIGURATION: N = 28, nodes = 64
Duration [ms] = 770, 841, 681, 696, 367, 488, 737, 839, 860, 765
Avg time [ms] = 704, Std deviation = 152
CONFIGURATION: N = 29, nodes = 64
Duration [ms] = 1635, 1401, 1366, 1633, 680, 779, 679, 1706, 1777, 2015
Avg time [ms] = 1367, Std deviation = 462
CONFIGURATION: N = 30, nodes = 64
Duration [ms] = 3276, 3464, 3048, 3448, 1376, 1579, 2177, 3676, 3527, 3188
Avg time [ms] = 2875, Std deviation = 802
CONFIGURATION: N = 31, nodes = 64
Duration [ms] = 6901, 6982, 5741, 6818, 2836, 3754, 2766, 7110, 7282, 6930
Avg time [ms] = 5712, Std deviation = 1758
CONFIGURATION: N = 33, nodes = 64
Duration [ms] = 24079, 29059, 12470, 12611, 22273, 31396, 22829, 11235, 11195, 27625
Avg time [ms] = 20477, Std deviation = 7505
CONFIGURATION: n x m = 4x4, depth = 20, nodes = 64
Duration [ms] = 54, 22, 23, 23, 24, 24, 25, 22, 25, 20
Avg time [ms] = 26, Std deviation = 9
CONFIGURATION: n x m = 4x5, depth = 20, nodes = 64
Duration [ms] = 50, 11, 10, 11, 16, 12, 11, 11, 14, 12
Avg time [ms] = 15, Std deviation = 11
CONFIGURATION: n x m = 4x4, depth = 40, nodes = 64
Duration [ms] = 31, 9, 9, 8, 10, 9, 8, 8, 9, 10
Avg time [ms] = 11, Std deviation = 6
CONFIGURATION: n x m = 4x5, depth = 40, nodes = 64
Duration [ms] = 52, 29, 17, 21, 21, 18, 15, 16, 28, 24
Avg time [ms] = 24, Std deviation = 10
CONFIGURATION: n x m = 4x4, depth = 60, nodes = 64
Duration [ms] = 50, 13, 31, 20, 17, 20, 22, 24, 31, 13
Avg time [ms] = 24, Std deviation = 10
CONFIGURATION: n x m = 4x5, depth = 60, nodes = 64
Duration [ms] = 59, 24, 29, 24, 28, 25, 31, 37, 20, 23
Avg time [ms] = 30, Std deviation = 10
CONFIGURATION: n x m = 5x5, depth = 20, nodes = 64
Duration [ms] = 157, 143, 130, 128, 128, 126, 124, 123, 125, 123
Avg time [ms] = 130, Std deviation = 10
CONFIGURATION: n x m = 5x6, depth = 20, nodes = 64
Duration [ms] = 3782, 4010, 4428, 4344, 4026, 4468, 3910, 4249, 4233, 3907
Avg time [ms] = 4135, Std deviation = 227
CONFIGURATION: n x m = 5x5, depth = 40, nodes = 64
Duration [ms] = 235, 218, 195, 201, 216, 205, 194, 206, 207, 200
Avg time [ms] = 207, Std deviation = 11
CONFIGURATION: n x m = 5x6, depth = 40, nodes = 64
Duration [ms] = 7590, 7340, 6731, 7204, 7983, 6913, 7327, 7577, 7027, 6941
Avg time [ms] = 7263, Std deviation = 360
CONFIGURATION: n x m = 5x5, depth = 60, nodes = 64
Duration [ms] = 446, 321, 315, 318, 315, 558, 374, 287, 304, 331
Avg time [ms] = 356, Std deviation = 79
CONFIGURATION: n x m = 5x6, depth = 60, nodes = 64
Duration [ms] = 10120, 11151, 10083, 11519, 10453, 10435, 10258, 10576, 9840, 10984
Avg time [ms] = 10541, Std deviation = 500
CONFIGURATION: n x m = 6x6, depth = 20, nodes = 64
Duration [ms] = 268302, 267943, 266321, 266815, 268892, 268390, 269295, 268397, 267358, 268560
Avg time [ms] = 268027, Std deviation = 884
CONFIGURATION: n x m = 6x7, depth = 20, nodes = 64
srun: error: nid01052: tasks 66-67: Exited with exit code 1
srun: Terminating job step 14162751.24
srun: error: nid00253: tasks 24-25: Exited with exit code 1
srun: error: nid00251: tasks 20-21: Exited with exit code 1
srun: error: nid00250: tasks 18-19: Exited with exit code 1
srun: error: nid01046: tasks 54-55: Exited with exit code 1
srun: error: nid00242: tasks 2-3: Exited with exit code 1
srun: error: nid01047: tasks 56-57: Exited with exit code 1
srun: error: nid00254: tasks 26-27: Exited with exit code 1
srun: error: nid01051: tasks 64-65: Exited with exit code 1
srun: error: nid01045: tasks 52-53: Exited with exit code 1
srun: error: nid00263: tasks 34-35: Exited with exit code 1
srun: error: nid01053: tasks 68-69: Exited with exit code 1
srun: error: nid00265: tasks 38-39: Exited with exit code 1
srun: error: nid00243: tasks 4-5: Exited with exit code 1
srun: error: nid00267: tasks 42-43: Exited with exit code 1
srun: error: nid01048: tasks 58-59: Exited with exit code 1
srun: error: nid00266: tasks 40-41: Exited with exit code 1
srun: error: nid01049: tasks 60-61: Exited with exit code 1
srun: error: nid01050: tasks 62-63: Exited with exit code 1
srun: error: nid00252: tasks 22-23: Exited with exit code 1
srun: error: nid00248: tasks 14-15: Exited with exit code 1
srun: error: nid01054: tasks 70-71: Exited with exit code 1
srun: error: nid00262: tasks 32-33: Exited with exit code 1
srun: error: nid00260: tasks 28-29: Exited with exit code 1
srun: error: nid00261: tasks 30-31: Exited with exit code 1
srun: error: nid00264: tasks 36-37: Exited with exit code 1
srun: error: nid01043: tasks 48-49: Exited with exit code 1
srun: error: nid00249: tasks 16-17: Exited with exit code 1
srun: error: nid00269: tasks 46-47: Exited with exit code 1
srun: error: nid00246: tasks 10-11: Exited with exit code 1
srun: error: nid00268: tasks 44-45: Exited with exit code 1
srun: error: nid00245: tasks 8-9: Exited with exit code 1
srun: error: nid01044: tasks 50-51: Exited with exit code 1
srun: error: nid01696: tasks 98-99: Exited with exit code 1
srun: error: nid00244: tasks 6-7: Exited with exit code 1
srun: error: nid00247: tasks 12-13: Exited with exit code 1
srun: error: nid01687: tasks 80-81: Exited with exit code 1
srun: error: nid01683: tasks 72-73: Exited with exit code 1
srun: error: nid00241: tasks 0-1: Exited with exit code 1
srun: error: nid01695: tasks 96-97: Exited with exit code 1
srun: error: nid01684: tasks 74-75: Exited with exit code 1
srun: error: nid01697: tasks 100-101: Exited with exit code 1
srun: error: nid01689: tasks 84-85: Exited with exit code 1
srun: error: nid01685: tasks 76-77: Exited with exit code 1
srun: error: nid01688: tasks 82-83: Exited with exit code 1
srun: error: nid01705: tasks 116-117: Exited with exit code 1
srun: error: nid01686: tasks 78-79: Exited with exit code 1
srun: error: nid01710: tasks 126-127: Exited with exit code 1
srun: error: nid01704: tasks 114-115: Exited with exit code 1
srun: error: nid01700: tasks 106-107: Exited with exit code 1
srun: error: nid01693: tasks 92-93: Exited with exit code 1
srun: error: nid01708: tasks 122-123: Exited with exit code 1
srun: error: nid01699: tasks 104-105: Exited with exit code 1
srun: error: nid01694: tasks 94-95: Exited with exit code 1
srun: error: nid01709: tasks 124-125: Exited with exit code 1
srun: error: nid01706: tasks 118-119: Exited with exit code 1
srun: error: nid01691: tasks 88-89: Exited with exit code 1
srun: error: nid01707: tasks 120-121: Exited with exit code 1
srun: error: nid01701: tasks 108-109: Exited with exit code 1
srun: error: nid01698: tasks 102-103: Exited with exit code 1
srun: error: nid01703: tasks 112-113: Exited with exit code 1
srun: error: nid01690: tasks 86-87: Exited with exit code 1
srun: error: nid01692: tasks 90-91: Exited with exit code 1
srun: error: nid01702: tasks 110-111: Exited with exit code 1
Could not allocate memory!Could not allocate memory!Could not allocate memory!Could not allocate memory!Could not allocate memory!Could not allocate memory!Could not allocate memory!Could not allocate memory!Could not allocate memory!Could not allocate memory!Could not allocate memory!Could not allocate memory!Could not allocate memory!Could not allocate memory!Could not allocate memory!Could not allocate memory!Could not allocate memory!Could not allocate memory!Could not allocate memory!Could not allocate memory!Could not allocate memory!Could not allocate memory!Could not allocate memory!Could not allocate memory!Could not allocate memory!Could not allocate memory!Could not allocate memory!Could not allocate memory!Could not allocate memory!Could not allocate memory!Could not allocate memory!Could not allocate memory!Could not allocate memory!Could not allocate memory!Could not allocate memory!Could not allocate memory!Could not allocate memory!Could not allocate memory!Could not allocate memory!Could not allocate memory!Could not allocate memory!Could not allocate memory!Could not allocate memory!Could not allocate memory!Could not allocate memory!Could not allocate memory!Could not allocate memory!Could not allocate memory!Could not allocate memory!Could not allocate memory!Could not allocate memory!Could not allocate memory!Could not allocate memory!Could not allocate memory!Could not allocate memory!Could not allocate memory!Could not allocate memory!Could not allocate memory!Could not allocate memory!Could not allocate memory!Could not allocate memory!Could not allocate memory!Could not allocate memory!Could not allocate memory!Could not allocate memory!Could not allocate memory!Could not allocate memory!Could not allocate memory!Could not allocate memory!Could not allocate memory!Could not allocate memory!Could not allocate memory!Could not allocate memory!Could not allocate memory!Could not allocate memory!Could not allocate memory!Could not allocate memory!Could not allocate memory!Could not allocate memory!Could not allocate memory!Could not allocate memory!Could not allocate memory!Could not allocate memory!Could not allocate memory!Could not allocate memory!Could not allocate memory!Could not allocate memory!Could not allocate memory!Could not allocate memory!Could not allocate memory!Could not allocate memory!Could not allocate memory!Could not allocate memory!Could not allocate memory!Could not allocate memory!Could not allocate memory!Could not allocate memory!Could not allocate memory!Could not allocate memory!Could not allocate memory!Could not allocate memory!Could not allocate memory!Could not allocate memory!Could not allocate memory!Could not allocate memory!Could not allocate memory!Could not allocate memory!Could not allocate memory!Could not allocate memory!Could not allocate memory!Could not allocate memory!Could not allocate memory!Could not allocate memory!Could not allocate memory!Could not allocate memory!Could not allocate memory!Could not allocate memory!Could not allocate memory!Could not allocate memory!Could not allocate memory!Could not allocate memory!Could not allocate memory!Could not allocate memory!Could not allocate memory!Could not allocate memory!Could not allocate memory!Could not allocate memory!Could not allocate memory!
CONFIGURATION: n x m = 6x6, depth = 40, nodes = 64
Duration [ms] = 481330, 487689, 481732, 479931, 483350, 483003, 483799, 488373, 481393, 485283
Avg time [ms] = 483588, Std deviation = 2641
CONFIGURATION: n x m = 6x7, depth = 40, nodes = 64
srun: error: nid01049: tasks 60-61: Exited with exit code 1
srun: Terminating job step 14162751.26
srun: error: nid01051: tasks 64-65: Exited with exit code 1
srun: error: nid01052: tasks 66-67: Exited with exit code 1
srun: error: nid00242: tasks 2-3: Exited with exit code 1
srun: error: nid00250: tasks 18-19: Exited with exit code 1
srun: error: nid00253: tasks 24-25: Exited with exit code 1
srun: error: nid00252: tasks 22-23: Exited with exit code 1
srun: error: nid01050: tasks 62-63: Exited with exit code 1
srun: error: nid01048: tasks 58-59: Exited with exit code 1
srun: error: nid01047: tasks 56-57: Exited with exit code 1
srun: error: nid00264: tasks 36-37: Exited with exit code 1
srun: error: nid00267: tasks 42-43: Exited with exit code 1
srun: error: nid01046: tasks 54-55: Exited with exit code 1
srun: error: nid01053: tasks 68-69: Exited with exit code 1
srun: error: nid00265: tasks 38-39: Exited with exit code 1
srun: error: nid00254: tasks 26-27: Exited with exit code 1
srun: error: nid00251: tasks 20-21: Exited with exit code 1
srun: error: nid00262: tasks 32-33: Exited with exit code 1
srun: error: nid00243: tasks 4-5: Exited with exit code 1
srun: error: nid00261: tasks 30-31: Exited with exit code 1
srun: error: nid00260: tasks 28-29: Exited with exit code 1
srun: error: nid00248: tasks 14-15: Exited with exit code 1
srun: error: nid00249: tasks 16-17: Exited with exit code 1
srun: error: nid00266: tasks 40-41: Exited with exit code 1
srun: error: nid00268: tasks 44-45: Exited with exit code 1
srun: error: nid00263: tasks 34-35: Exited with exit code 1
srun: error: nid01054: tasks 70-71: Exited with exit code 1
srun: error: nid00246: tasks 10-11: Exited with exit code 1
srun: error: nid01045: tasks 52-53: Exited with exit code 1
srun: error: nid01696: tasks 98-99: Exited with exit code 1
srun: error: nid01044: tasks 50-51: Exited with exit code 1
srun: error: nid00247: tasks 12-13: Exited with exit code 1
srun: error: nid00241: tasks 0-1: Exited with exit code 1
srun: error: nid00245: tasks 8-9: Exited with exit code 1
srun: error: nid00269: tasks 46-47: Exited with exit code 1
srun: error: nid00244: tasks 6-7: Exited with exit code 1
srun: error: nid01695: tasks 96-97: Exited with exit code 1
srun: error: nid01683: tasks 72-73: Exited with exit code 1
srun: error: nid01689: tasks 84-85: Exited with exit code 1
srun: error: nid01684: tasks 74-75: Exited with exit code 1
srun: error: nid01697: tasks 100-101: Exited with exit code 1
srun: error: nid01686: tasks 78-79: Exited with exit code 1
srun: error: nid01687: tasks 80-81: Exited with exit code 1
srun: error: nid01710: tasks 126-127: Exited with exit code 1
srun: error: nid01708: tasks 122-123: Exited with exit code 1
srun: error: nid01709: tasks 124-125: Exited with exit code 1
srun: error: nid01685: tasks 76-77: Exited with exit code 1
srun: error: nid01705: tasks 116-117: Exited with exit code 1
srun: error: nid01694: tasks 94-95: Exited with exit code 1
srun: error: nid01704: tasks 114-115: Exited with exit code 1
srun: error: nid01043: tasks 48-49: Exited with exit code 1
srun: error: nid01699: tasks 104-105: Exited with exit code 1
srun: error: nid01706: tasks 118-119: Exited with exit code 1
srun: error: nid01698: tasks 102-103: Exited with exit code 1
srun: error: nid01690: tasks 86-87: Exited with exit code 1
srun: error: nid01700: tasks 106-107: Exited with exit code 1
srun: error: nid01707: tasks 120-121: Exited with exit code 1
srun: error: nid01693: tasks 92-93: Exited with exit code 1
srun: error: nid01692: tasks 90-91: Exited with exit code 1
srun: error: nid01701: tasks 108-109: Exited with exit code 1
srun: error: nid01691: tasks 88-89: Exited with exit code 1
srun: error: nid01702: tasks 110-111: Exited with exit code 1
srun: error: nid01703: tasks 112-113: Exited with exit code 1
srun: error: nid01688: tasks 82-83: Exited with exit code 1
Could not allocate memory!Could not allocate memory!Could not allocate memory!Could not allocate memory!Could not allocate memory!Could not allocate memory!Could not allocate memory!Could not allocate memory!Could not allocate memory!Could not allocate memory!Could not allocate memory!Could not allocate memory!Could not allocate memory!Could not allocate memory!Could not allocate memory!Could not allocate memory!Could not allocate memory!Could not allocate memory!Could not allocate memory!Could not allocate memory!Could not allocate memory!Could not allocate memory!Could not allocate memory!Could not allocate memory!Could not allocate memory!Could not allocate memory!Could not allocate memory!Could not allocate memory!Could not allocate memory!Could not allocate memory!Could not allocate memory!Could not allocate memory!Could not allocate memory!Could not allocate memory!Could not allocate memory!Could not allocate memory!Could not allocate memory!Could not allocate memory!Could not allocate memory!Could not allocate memory!Could not allocate memory!Could not allocate memory!Could not allocate memory!Could not allocate memory!Could not allocate memory!Could not allocate memory!Could not allocate memory!Could not allocate memory!Could not allocate memory!Could not allocate memory!Could not allocate memory!Could not allocate memory!Could not allocate memory!Could not allocate memory!Could not allocate memory!Could not allocate memory!Could not allocate memory!Could not allocate memory!Could not allocate memory!Could not allocate memory!Could not allocate memory!Could not allocate memory!Could not allocate memory!Could not allocate memory!Could not allocate memory!Could not allocate memory!Could not allocate memory!Could not allocate memory!Could not allocate memory!Could not allocate memory!Could not allocate memory!Could not allocate memory!Could not allocate memory!Could not allocate memory!Could not allocate memory!Could not allocate memory!Could not allocate memory!Could not allocate memory!Could not allocate memory!Could not allocate memory!Could not allocate memory!Could not allocate memory!Could not allocate memory!Could not allocate memory!Could not allocate memory!Could not allocate memory!Could not allocate memory!Could not allocate memory!Could not allocate memory!Could not allocate memory!Could not allocate memory!Could not allocate memory!Could not allocate memory!Could not allocate memory!Could not allocate memory!Could not allocate memory!Could not allocate memory!Could not allocate memory!Could not allocate memory!Could not allocate memory!Could not allocate memory!Could not allocate memory!Could not allocate memory!Could not allocate memory!Could not allocate memory!Could not allocate memory!Could not allocate memory!Could not allocate memory!Could not allocate memory!Could not allocate memory!Could not allocate memory!Could not allocate memory!Could not allocate memory!Could not allocate memory!Could not allocate memory!Could not allocate memory!Could not allocate memory!Could not allocate memory!Could not allocate memory!Could not allocate memory!Could not allocate memory!Could not allocate memory!Could not allocate memory!Could not allocate memory!Could not allocate memory!Could not allocate memory!Could not allocate memory!Could not allocate memory!
CONFIGURATION: n x m = 6x6, depth = 60, nodes = 64
srun: Job step aborted: Waiting up to 32 seconds for job step to finish.
slurmstepd: error: *** STEP 14162751.27 ON nid00241 CANCELLED AT 2019-05-21T20:29:28 DUE TO TIME LIMIT ***
slurmstepd: error: *** JOB 14162751 ON nid00241 CANCELLED AT 2019-05-21T20:29:28 DUE TO TIME LIMIT ***
srun: got SIGCONT
srun: forcing job termination
 
Batch Job Summary Report for Job "script_64.sh" (14162751) on daint
-----------------------------------------------------------------------------------------------------
             Submit            Eligible               Start                 End    Elapsed  Timelimit 
------------------- ------------------- ------------------- ------------------- ---------- ---------- 
2019-05-21T17:28:32 2019-05-21T17:28:32 2019-05-21T17:28:52 2019-05-21T20:29:27   03:00:35   03:00:00 
-----------------------------------------------------------------------------------------------------
Username    Account     Partition   NNodes   Energy
----------  ----------  ----------  ------  --------------
mazzolag    csstaff     normal          64          joules
 
This job did not utilize any GPUs
 
----------------------------------------------------------
Scratch File System        Files       Quota
--------------------  ----------  ----------
/scratch/snx3000           18834     1000000
 
