================================
       RUNNING BENCHMARKS
================================
CONFIGURATION: N = 30, nodes = 2
srun: error: nid00004: task 1: Killed
srun: Terminating job step 14223239.0
slurmstepd: error: Failed to send MESSAGE_TASK_EXIT: Resource temporarily unavailable
slurmstepd: error: Failed to send MESSAGE_TASK_EXIT: Resource temporarily unavailable
srun: error: nid00005: task 2: Killed
srun: error: nid00004: task 1: Killed
srun: error: Task 1 reported exit for a second time.
srun: error: nid00005: task 2: Killed
srun: error: Task 2 reported exit for a second time.
srun: error: nid00004: task 1: Killed
srun: error: Task 1 reported exit for a second time.
srun: error: nid00005: task 2: Killed
srun: error: Task 2 reported exit for a second time.
srun: error: nid00004: task 1: Killed
srun: error: Task 1 reported exit for a second time.
srun: error: nid00005: task 2: Killed
srun: error: Task 2 reported exit for a second time.
srun: error: nid00004: task 1: Killed
srun: error: Task 1 reported exit for a second time.
srun: error: nid00005: task 2: Killed
srun: error: Task 2 reported exit for a second time.
srun: error: nid00004: task 1: Killed
srun: error: Task 1 reported exit for a second time.
srun: error: nid00005: task 2: Killed
srun: error: Task 2 reported exit for a second time.
srun: error: nid00004: task 0: Killed
srun: error: nid00005: task 3: Killed
srun: Force Terminated job step 14223239.0
srun: error: nid00004: task 0: Killed
srun: error: Task 0 reported exit for a second time.
srun: error: nid00005: task 3: Killed
srun: error: Task 3 reported exit for a second time.

CONFIGURATION: N = 31, nodes = 2
slurmstepd: error: Step 14223239.1 exceeded memory limit (62960428 > 62464000), being killed
slurmstepd: error: *** STEP 14223239.1 ON nid00004 CANCELLED AT 2019-05-24T11:29:59 ***
slurmstepd: error: Exceeded job memory limit
srun: Job step aborted: Waiting up to 32 seconds for job step to finish.
srun: error: nid00005: tasks 2-3: Killed
srun: Terminating job step 14223239.1
srun: error: nid00004: tasks 0-1: Killed

CONFIGURATION: N = 33, nodes = 2
srun: error: nid00005: tasks 2-3: Killed
srun: Terminating job step 14223239.2
srun: error: nid00004: tasks 0-1: Killed
srun: Force Terminated job step 14223239.2
srun: error: nid00005: tasks 2-3: Killed
srun: error: Task 2 reported exit for a second time.
srun: error: Task 3 reported exit for a second time.
srun: error: nid00004: tasks 0-1: Killed
srun: error: Task 0 reported exit for a second time.
srun: error: Task 1 reported exit for a second time.

CONFIGURATION: N = 50000, nodes = 2
Rep 1: Test x0 = 27440
T = 201
Found x0 = 27440 with success probability 0.999988
Rep 2: Test x0 = 29642
T = 201
Found x0 = 29642 with success probability 0.999988
Rep 3: Test x0 = 35759
T = 201
Found x0 = 35759 with success probability 0.999988
Rep 4: Test x0 = 42213
T = 201
Found x0 = 42213 with success probability 0.999988
Rep 5: Test x0 = 30138
T = 201
Found x0 = 30138 with success probability 0.999988
Rep 6: Test x0 = 42897
T = 201
Found x0 = 42897 with success probability 0.999988
Rep 7: Test x0 = 27244
T = 201
Found x0 = 27244 with success probability 0.999988
Rep 8: Test x0 = 42362
T = 201
Found x0 = 42362 with success probability 0.999988
Rep 9: Test x0 = 21182
T = 201
Found x0 = 21182 with success probability 0.999988
Rep 10: Test x0 = 31178
T = 201
Found x0 = 31178 with success probability 0.999988
Duration [ms] = 310, 295, 287, 287, 287, 286, 288, 286, 288, 287
Avg time [ms] = 290, Std deviation = 7
CONFIGURATION: N = 100000, nodes = 2
Rep 1: Test x0 = 54882
T = 284
Found x0 = 54882 with success probability 0.999999
Rep 2: Test x0 = 59285
T = 284
Found x0 = 59285 with success probability 0.999999
Rep 3: Test x0 = 71520
T = 284
Found x0 = 71520 with success probability 0.999999
Rep 4: Test x0 = 84427
T = 284
Found x0 = 84427 with success probability 0.999999
Rep 5: Test x0 = 60277
T = 284
Found x0 = 60277 with success probability 0.999999
Rep 6: Test x0 = 85795
T = 284
Found x0 = 85795 with success probability 0.999999
Rep 7: Test x0 = 54489
T = 284
Found x0 = 54489 with success probability 0.999999
Rep 8: Test x0 = 84726
T = 284
Found x0 = 84726 with success probability 0.999999
Rep 9: Test x0 = 42366
T = 284
Found x0 = 42366 with success probability 0.999999
Rep 10: Test x0 = 62357
T = 284
Found x0 = 62357 with success probability 0.999999
Duration [ms] = 783, 729, 717, 717, 721, 719, 721, 720, 721, 722
Avg time [ms] = 727, Std deviation = 18
CONFIGURATION: N = 200000, nodes = 2
Rep 1: Test x0 = 109766
T = 402
Found x0 = 109766 with success probability 0.999998
Rep 2: Test x0 = 118573
T = 402
Found x0 = 118573 with success probability 0.999998
Rep 3: Test x0 = 143043
T = 402
Found x0 = 143043 with success probability 0.999998
Rep 4: Test x0 = 168859
T = 402
Found x0 = 168859 with success probability 0.999998
Rep 5: Test x0 = 120557
T = 402
Found x0 = 120557 with success probability 0.999998
Rep 6: Test x0 = 171595
T = 402
Found x0 = 171595 with success probability 0.999998
Rep 7: Test x0 = 108980
T = 402
Found x0 = 108980 with success probability 0.999998
Rep 8: Test x0 = 169456
T = 402
Found x0 = 169456 with success probability 0.999998
Rep 9: Test x0 = 84734
T = 402
Found x0 = 84734 with success probability 0.999998
Rep 10: Test x0 = 124717
T = 402
Found x0 = 124717 with success probability 0.999998
Duration [ms] = 2045, 1982, 1972, 1976, 1977, 1971, 1974, 1980, 1974, 1978
Avg time [ms] = 1982, Std deviation = 20
CONFIGURATION: N = 400000, nodes = 2
Rep 1: Test x0 = 219533
T = 568
Found x0 = 219533 with success probability 1
Rep 2: Test x0 = 237147
T = 568
Found x0 = 237147 with success probability 1
Rep 3: Test x0 = 286086
T = 568
Found x0 = 286086 with success probability 1
Rep 4: Test x0 = 337719
T = 568
Found x0 = 337719 with success probability 1
Rep 5: Test x0 = 241114
T = 568
Found x0 = 241114 with success probability 1
Rep 6: Test x0 = 343191
T = 568
Found x0 = 343191 with success probability 1
Rep 7: Test x0 = 217961
T = 568
Found x0 = 217961 with success probability 1
Rep 8: Test x0 = 338913
T = 568
Found x0 = 338913 with success probability 1
Rep 9: Test x0 = 169468
T = 568
Found x0 = 169468 with success probability 1
Rep 10: Test x0 = 249435
T = 568
Found x0 = 249435 with success probability 1
Duration [ms] = 5463, 5425, 5409, 5402, 5415, 5405, 5406, 5398, 5414, 5410
Avg time [ms] = 5414, Std deviation = 17
CONFIGURATION: N = 600000, nodes = 2
Rep 1: Test x0 = 329300
T = 804
Found x0 = 329300 with success probability 1
Rep 2: Test x0 = 355720
T = 804
Found x0 = 355720 with success probability 1
Rep 3: Test x0 = 429130
T = 804
Found x0 = 429130 with success probability 1
Rep 4: Test x0 = 506579
T = 804
Found x0 = 506579 with success probability 1
Rep 5: Test x0 = 361672
T = 804
Found x0 = 361672 with success probability 1
Rep 6: Test x0 = 514787
T = 804
Found x0 = 514787 with success probability 1
Rep 7: Test x0 = 326942
T = 804
Found x0 = 326942 with success probability 1
Rep 8: Test x0 = 508370
T = 804
Found x0 = 508370 with success probability 1
Rep 9: Test x0 = 254202
T = 804
Found x0 = 254202 with success probability 1
Rep 10: Test x0 = 374152
T = 804
Found x0 = 374152 with success probability 1
Duration [ms] = 15149, 15161, 15117, 15130, 15120, 15132, 15147, 15149, 15099, 15125
Avg time [ms] = 15132, Std deviation = 17
CONFIGURATION: N = 1000000, nodes = 2
Rep 1: Test x0 = 548937
T = 804
Found x0 = 548937 with success probability 1
Rep 2: Test x0 = 592978
T = 804
Found x0 = 592978 with success probability 1
Rep 3: Test x0 = 715350
T = 804
Found x0 = 715350 with success probability 1
Rep 4: Test x0 = 844455
T = 804
Found x0 = 844455 with success probability 1
Rep 5: Test x0 = 602899
T = 804
Found x0 = 602899 with success probability 1
Rep 6: Test x0 = 858138
T = 804
Found x0 = 858138 with success probability 1
Rep 7: Test x0 = 545005
T = 804
Found x0 = 545005 with success probability 1
Rep 8: Test x0 = 847442
T = 804
Found x0 = 847442 with success probability 1
Rep 9: Test x0 = 423750
T = 804
Found x0 = 423750 with success probability 1
Rep 10: Test x0 = 623704
T = 804
Found x0 = 623704 with success probability 1
Duration [ms] = 15106, 15059, 15047, 15046, 15045, 15050, 15021, 15043, 15027, 15012
Avg time [ms] = 15045, Std deviation = 24
CONFIGURATION: N = 3000000, nodes = 2
Rep 1: Test x0 = 1647194
T = 1608
Found x0 = 1647194 with success probability 1
Rep 2: Test x0 = 1779348
T = 1608
Found x0 = 1779348 with success probability 1
Rep 3: Test x0 = 2146551
T = 1608
Found x0 = 2146551 with success probability 1
Rep 4: Test x0 = 2533957
T = 1608
Found x0 = 2533957 with success probability 1
Rep 5: Test x0 = 1809118
T = 1608
Found x0 = 1809118 with success probability 1
Rep 6: Test x0 = 2575016
T = 1608
Found x0 = 2575016 with success probability 1
Rep 7: Test x0 = 1635398
T = 1608
Found x0 = 1635398 with success probability 1
Rep 8: Test x0 = 2542919
T = 1608
Found x0 = 2542919 with success probability 1
Rep 9: Test x0 = 1271546
T = 1608
Found x0 = 1271546 with success probability 1
Rep 10: Test x0 = 1871548
T = 1608
Found x0 = 1871548 with success probability 1
Duration [ms] = 117529, 116135, 116084, 116236, 116356, 116238, 116253, 116191, 116133, 116336
Avg time [ms] = 116349, Std deviation = 401
CONFIGURATION: N = 6000000, nodes = 2
Rep 1: Test x0 = 3296693
T = 2274
Found x0 = 3296693 with success probability 1
Rep 2: Test x0 = 3561186
T = 2274
Found x0 = 3561186 with success probability 1
Rep 3: Test x0 = 4296104
T = 2274
Found x0 = 4296104 with success probability 1
Rep 4: Test x0 = 5071459
T = 2274
Found x0 = 5071459 with success probability 1
Rep 5: Test x0 = 3620767
T = 2274
Found x0 = 3620767 with success probability 1
Rep 6: Test x0 = 5153634
T = 2274
Found x0 = 5153634 with success probability 1
Rep 7: Test x0 = 3273084
T = 2274
Found x0 = 3273084 with success probability 1
Rep 8: Test x0 = 5089396
T = 2274
Found x0 = 5089396 with success probability 1
Rep 9: Test x0 = 2544872
T = 2274
Found x0 = 2544872 with success probability 1
Rep 10: Test x0 = 3745714
T = 2274
Found x0 = 3745714 with success probability 1
Duration [ms] = 358483, 357999, 357224, 357379, 357185, 357726, 358428, 357151, 357427, 357690
Avg time [ms] = 357669, Std deviation = 468
CONFIGURATION: N = 10000000, nodes = 2
slurmstepd: error: *** STEP 14223239.11 ON nid00004 CANCELLED AT 2019-05-24T14:22:53 DUE TO TIME LIMIT ***
slurmstepd: error: *** JOB 14223239 ON nid00004 CANCELLED AT 2019-05-24T14:22:53 DUE TO TIME LIMIT ***
srun: got SIGCONT
srun: forcing job termination
 
Batch Job Summary Report for Job "script_2.sh" (14223239) on daint
-----------------------------------------------------------------------------------------------------
             Submit            Eligible               Start                 End    Elapsed  Timelimit 
------------------- ------------------- ------------------- ------------------- ---------- ---------- 
2019-05-24T11:15:22 2019-05-24T11:15:22 2019-05-24T11:22:12 2019-05-24T14:22:48   03:00:36   03:00:00 
-----------------------------------------------------------------------------------------------------
Username    Account     Partition   NNodes   Energy
----------  ----------  ----------  ------  --------------
mazzolag    csstaff     normal           2          joules
 
This job did not utilize any GPUs
 
----------------------------------------------------------
Scratch File System        Files       Quota
--------------------  ----------  ----------
/scratch/snx3000           19069     1000000
 
