================================
       RUNNING BENCHMARKS
================================
CONFIGURATION: N = 16, nodes = 32
Duration [ms] = 29, 1, 1, 5, 1, 2, 1, 3, 1, 1
Avg time [ms] = 4, Std deviation = 8
CONFIGURATION: N = 19, nodes = 32
Duration [ms] = 34, 10, 2, 2, 1, 1, 1, 4, 2, 5
Avg time [ms] = 6, Std deviation = 9
CONFIGURATION: N = 22, nodes = 32
Duration [ms] = 43, 28, 17, 17, 7, 7, 6, 22, 20, 19
Avg time [ms] = 18, Std deviation = 10
CONFIGURATION: N = 24, nodes = 32
Duration [ms] = 104, 91, 64, 64, 23, 25, 22, 73, 76, 65
Avg time [ms] = 60, Std deviation = 27
CONFIGURATION: N = 26, nodes = 32
Duration [ms] = 409, 327, 256, 292, 95, 124, 107, 333, 323, 280
Avg time [ms] = 254, Std deviation = 103
CONFIGURATION: N = 27, nodes = 32
Duration [ms] = 757, 659, 723, 654, 365, 359, 295, 852, 806, 705
Avg time [ms] = 617, Std deviation = 191
CONFIGURATION: N = 28, nodes = 32
Duration [ms] = 1410, 1385, 1318, 1486, 673, 758, 603, 1734, 1740, 1523
Avg time [ms] = 1263, Std deviation = 405
CONFIGURATION: N = 29, nodes = 32
Duration [ms] = 3287, 2849, 2686, 3297, 1259, 1394, 1282, 3488, 3627, 3413
Avg time [ms] = 2658, Std deviation = 921
CONFIGURATION: N = 30, nodes = 32
Duration [ms] = 6381, 7980, 6253, 6510, 2579, 2860, 2585, 6788, 7220, 6374
Avg time [ms] = 5553, Std deviation = 1945
CONFIGURATION: N = 31, nodes = 32
Duration [ms] = 13729, 14014, 12070, 14473, 4970, 5581, 4955, 13873, 15045, 12701
Avg time [ms] = 11141, Std deviation = 3991
CONFIGURATION: N = 33, nodes = 32
Duration [ms] = 48320, 55934, 22465, 20441, 44354, 63048, 47236, 20097, 20361, 57289
Avg time [ms] = 39954, Std deviation = 16420
CONFIGURATION: n x m = 4x4, depth = 20, nodes = 32
Duration [ms] = 32, 2, 2, 2, 2, 3, 2, 5, 2, 3
Avg time [ms] = 5, Std deviation = 8
CONFIGURATION: n x m = 4x5, depth = 20, nodes = 32
Duration [ms] = 42, 15, 7, 7, 7, 7, 7, 7, 7, 8
Avg time [ms] = 11, Std deviation = 10
CONFIGURATION: n x m = 4x4, depth = 40, nodes = 32
Duration [ms] = 36, 5, 4, 5, 5, 4, 5, 6, 12, 6
Avg time [ms] = 8, Std deviation = 9
CONFIGURATION: n x m = 4x5, depth = 40, nodes = 32
Duration [ms] = 58, 21, 14, 13, 13, 13, 13, 13, 13, 13
Avg time [ms] = 18, Std deviation = 13
CONFIGURATION: n x m = 4x4, depth = 60, nodes = 32
Duration [ms] = 40, 6, 5, 4, 5, 5, 5, 5, 4, 5
Avg time [ms] = 8, Std deviation = 10
CONFIGURATION: n x m = 4x5, depth = 60, nodes = 32
Duration [ms] = 54, 28, 20, 19, 19, 19, 19, 19, 19, 19
Avg time [ms] = 23, Std deviation = 10
CONFIGURATION: n x m = 5x5, depth = 20, nodes = 32
Duration [ms] = 218, 190, 173, 156, 156, 196, 202, 196, 184, 188
Avg time [ms] = 185, Std deviation = 18
CONFIGURATION: n x m = 5x6, depth = 20, nodes = 32
Duration [ms] = 6787, 7358, 7020, 6977, 6872, 6896, 6934, 6756, 7033, 6800
Avg time [ms] = 6943, Std deviation = 165
CONFIGURATION: n x m = 5x5, depth = 40, nodes = 32
Duration [ms] = 395, 384, 302, 304, 315, 282, 303, 293, 304, 318
Avg time [ms] = 320, Std deviation = 36
CONFIGURATION: n x m = 5x6, depth = 40, nodes = 32
Duration [ms] = 12574, 12564, 12213, 12389, 12244, 12352, 12323, 13034, 12056, 12235
Avg time [ms] = 12398, Std deviation = 259
CONFIGURATION: n x m = 5x5, depth = 60, nodes = 32
Duration [ms] = 520, 474, 428, 422, 436, 445, 584, 495, 447, 455
Avg time [ms] = 470, Std deviation = 47
CONFIGURATION: n x m = 5x6, depth = 60, nodes = 32
Duration [ms] = 17906, 18372, 18027, 17771, 18061, 18230, 17971, 17694, 17755, 18327
Avg time [ms] = 18011, Std deviation = 227
CONFIGURATION: n x m = 6x6, depth = 20, nodes = 32
slurmstepd: error: Step 14162750.23 exceeded memory limit (67125858 > 62464000), being killed
slurmstepd: error: Exceeded job memory limit
slurmstepd: error: *** STEP 14162750.23 ON nid01362 CANCELLED AT 2019-05-21T17:47:57 ***
srun: Job step aborted: Waiting up to 32 seconds for job step to finish.
srun: error: nid01373: tasks 22-23: Killed
srun: Terminating job step 14162750.23
srun: error: nid01362: task 1: Killed
srun: error: nid01362: task 0: Killed
srun: error: nid01371: tasks 18-19: Killed
srun: error: nid01374: tasks 24-25: Killed
srun: error: nid01390: tasks 56-57: Killed
srun: error: nid01368: tasks 12-13: Killed
srun: error: nid01388: tasks 52-53: Killed
srun: error: nid01375: tasks 26-27: Killed
srun: error: nid01389: tasks 54-55: Killed
srun: error: nid01369: tasks 14-15: Killed
srun: error: nid01382: tasks 40-41: Killed
srun: error: nid01379: tasks 34-35: Killed
srun: error: nid01366: tasks 8-9: Killed
srun: error: nid01392: tasks 60-61: Killed
srun: error: nid01367: tasks 10-11: Killed
srun: error: nid01385: tasks 46-47: Killed
srun: error: nid01380: tasks 36-37: Killed
srun: error: nid01384: tasks 44-45: Killed
srun: error: nid01377: tasks 30-31: Killed
srun: error: nid01393: tasks 62-63: Killed
srun: error: nid01387: tasks 50-51: Killed
srun: error: nid01365: tasks 6-7: Killed
srun: error: nid01391: tasks 58-59: Killed
srun: error: nid01372: tasks 20-21: Killed
srun: error: nid01386: tasks 48-49: Killed
srun: error: nid01370: tasks 16-17: Killed
srun: error: nid01381: tasks 38-39: Killed
srun: error: nid01383: tasks 42-43: Killed
srun: error: nid01364: tasks 4-5: Killed
srun: error: nid01378: tasks 32-33: Killed
srun: error: nid01363: tasks 2-3: Killed
srun: error: nid01376: tasks 28-29: Killed

CONFIGURATION: n x m = 6x7, depth = 20, nodes = 32
srun: error: nid01385: tasks 46-47: Exited with exit code 1
srun: Terminating job step 14162750.24
srun: error: nid01366: tasks 8-9: Exited with exit code 1
srun: error: nid01378: tasks 32-33: Exited with exit code 1
srun: error: nid01392: tasks 60-61: Exited with exit code 1
srun: error: nid01384: tasks 44-45: Exited with exit code 1
srun: error: nid01380: tasks 36-37: Exited with exit code 1
srun: error: nid01371: tasks 18-19: Exited with exit code 1
srun: error: nid01386: tasks 48-49: Exited with exit code 1
srun: error: nid01383: tasks 42-43: Exited with exit code 1
srun: error: nid01393: tasks 62-63: Exited with exit code 1
srun: error: nid01381: tasks 38-39: Exited with exit code 1
srun: error: nid01363: tasks 2-3: Exited with exit code 1
srun: error: nid01391: tasks 58-59: Exited with exit code 1
srun: error: nid01387: tasks 50-51: Exited with exit code 1
srun: error: nid01370: tasks 16-17: Exited with exit code 1
srun: error: nid01379: tasks 34-35: Exited with exit code 1
srun: error: nid01390: tasks 56-57: Exited with exit code 1
srun: error: nid01368: tasks 12-13: Exited with exit code 1
srun: error: nid01375: tasks 26-27: Exited with exit code 1
srun: error: nid01389: tasks 54-55: Exited with exit code 1
srun: error: nid01374: tasks 24-25: Exited with exit code 1
srun: error: nid01388: tasks 52-53: Exited with exit code 1
srun: error: nid01369: tasks 14-15: Exited with exit code 1
srun: error: nid01367: tasks 10-11: Exited with exit code 1
srun: error: nid01377: tasks 30-31: Exited with exit code 1
srun: error: nid01365: tasks 6-7: Exited with exit code 1
srun: error: nid01364: tasks 4-5: Exited with exit code 1
srun: error: nid01372: tasks 20-21: Exited with exit code 1
srun: error: nid01376: tasks 28-29: Exited with exit code 1
srun: error: nid01382: tasks 40-41: Exited with exit code 1
srun: error: nid01373: tasks 22-23: Exited with exit code 1
srun: error: nid01362: tasks 0-1: Exited with exit code 1
Could not allocate memory!Could not allocate memory!Could not allocate memory!Could not allocate memory!Could not allocate memory!Could not allocate memory!Could not allocate memory!Could not allocate memory!Could not allocate memory!Could not allocate memory!Could not allocate memory!Could not allocate memory!Could not allocate memory!Could not allocate memory!Could not allocate memory!Could not allocate memory!Could not allocate memory!Could not allocate memory!Could not allocate memory!Could not allocate memory!Could not allocate memory!Could not allocate memory!Could not allocate memory!Could not allocate memory!Could not allocate memory!Could not allocate memory!Could not allocate memory!Could not allocate memory!Could not allocate memory!Could not allocate memory!Could not allocate memory!Could not allocate memory!Could not allocate memory!Could not allocate memory!Could not allocate memory!Could not allocate memory!Could not allocate memory!Could not allocate memory!Could not allocate memory!Could not allocate memory!Could not allocate memory!Could not allocate memory!Could not allocate memory!Could not allocate memory!Could not allocate memory!Could not allocate memory!Could not allocate memory!Could not allocate memory!Could not allocate memory!Could not allocate memory!Could not allocate memory!Could not allocate memory!Could not allocate memory!Could not allocate memory!Could not allocate memory!Could not allocate memory!Could not allocate memory!Could not allocate memory!Could not allocate memory!Could not allocate memory!Could not allocate memory!Could not allocate memory!Could not allocate memory!Could not allocate memory!
CONFIGURATION: n x m = 6x6, depth = 40, nodes = 32
slurmstepd: error: Step 14162750.25 exceeded memory limit (67125921 > 62464000), being killed
slurmstepd: error: Exceeded job memory limit
slurmstepd: error: Step 14162750.25 exceeded memory limit (67125858 > 62464000), being killed
srun: Job step aborted: Waiting up to 32 seconds for job step to finish.
slurmstepd: error: *** STEP 14162750.25 ON nid01362 CANCELLED AT 2019-05-21T17:49:08 ***
slurmstepd: error: Exceeded job memory limit
srun: error: nid01362: tasks 0-1: Killed
srun: Terminating job step 14162750.25
srun: error: nid01375: task 26: Killed
srun: error: nid01375: task 27: Killed
srun: error: nid01378: tasks 32-33: Killed
srun: error: nid01392: tasks 60-61: Killed
srun: error: nid01366: tasks 8-9: Killed
srun: error: nid01363: tasks 2-3: Killed
srun: error: nid01389: tasks 54-55: Killed
srun: error: nid01388: tasks 52-53: Killed
srun: error: nid01381: tasks 38-39: Killed
srun: error: nid01386: tasks 48-49: Killed
srun: error: nid01387: tasks 50-51: Killed
srun: error: nid01370: tasks 16-17: Killed
srun: error: nid01371: tasks 18-19: Killed
srun: error: nid01373: tasks 22-23: Killed
srun: error: nid01364: tasks 4-5: Killed
srun: error: nid01391: tasks 58-59: Killed
srun: error: nid01393: tasks 62-63: Killed
srun: error: nid01376: tasks 28-29: Killed
srun: error: nid01374: tasks 24-25: Killed
srun: error: nid01382: tasks 40-41: Killed
srun: error: nid01367: tasks 10-11: Killed
srun: error: nid01369: tasks 14-15: Killed
srun: error: nid01379: tasks 34-35: Killed
srun: error: nid01385: tasks 46-47: Killed
srun: error: nid01377: tasks 30-31: Killed
srun: error: nid01390: tasks 56-57: Killed
srun: error: nid01365: tasks 6-7: Killed
srun: error: nid01384: tasks 44-45: Killed
srun: error: nid01372: tasks 20-21: Killed
srun: error: nid01380: tasks 36-37: Killed
srun: error: nid01368: tasks 12-13: Killed
srun: error: nid01383: tasks 42-43: Killed

CONFIGURATION: n x m = 6x7, depth = 40, nodes = 32
srun: error: nid01385: tasks 46-47: Exited with exit code 1
srun: Terminating job step 14162750.26
srun: error: nid01366: tasks 8-9: Exited with exit code 1
srun: error: nid01371: tasks 18-19: Exited with exit code 1
srun: error: nid01380: tasks 36-37: Exited with exit code 1
srun: error: nid01392: tasks 60-61: Exited with exit code 1
srun: error: nid01383: tasks 42-43: Exited with exit code 1
srun: error: nid01370: tasks 16-17: Exited with exit code 1
srun: error: nid01378: tasks 32-33: Exited with exit code 1
srun: error: nid01393: tasks 62-63: Exited with exit code 1
srun: error: nid01363: tasks 2-3: Exited with exit code 1
srun: error: nid01381: tasks 38-39: Exited with exit code 1
srun: error: nid01386: tasks 48-49: Exited with exit code 1
srun: error: nid01384: tasks 44-45: Exited with exit code 1
srun: error: nid01391: tasks 58-59: Exited with exit code 1
srun: error: nid01374: tasks 24-25: Exited with exit code 1
srun: error: nid01364: tasks 4-5: Exited with exit code 1
srun: error: nid01368: tasks 12-13: Exited with exit code 1
srun: error: nid01389: tasks 54-55: Exited with exit code 1
srun: error: nid01367: tasks 10-11: Exited with exit code 1
srun: error: nid01377: tasks 30-31: Exited with exit code 1
srun: error: nid01390: tasks 56-57: Exited with exit code 1
srun: error: nid01388: tasks 52-53: Exited with exit code 1
srun: error: nid01375: tasks 26-27: Exited with exit code 1
srun: error: nid01387: tasks 50-51: Exited with exit code 1
srun: error: nid01369: tasks 14-15: Exited with exit code 1
srun: error: nid01379: tasks 34-35: Exited with exit code 1
srun: error: nid01365: tasks 6-7: Exited with exit code 1
srun: error: nid01376: tasks 28-29: Exited with exit code 1
srun: error: nid01382: tasks 40-41: Exited with exit code 1
srun: error: nid01372: tasks 20-21: Exited with exit code 1
srun: error: nid01373: tasks 22-23: Exited with exit code 1
srun: error: nid01362: tasks 0-1: Exited with exit code 1
Could not allocate memory!Could not allocate memory!Could not allocate memory!Could not allocate memory!Could not allocate memory!Could not allocate memory!Could not allocate memory!Could not allocate memory!Could not allocate memory!Could not allocate memory!Could not allocate memory!Could not allocate memory!Could not allocate memory!Could not allocate memory!Could not allocate memory!Could not allocate memory!Could not allocate memory!Could not allocate memory!Could not allocate memory!Could not allocate memory!Could not allocate memory!Could not allocate memory!Could not allocate memory!Could not allocate memory!Could not allocate memory!Could not allocate memory!Could not allocate memory!Could not allocate memory!Could not allocate memory!Could not allocate memory!Could not allocate memory!Could not allocate memory!Could not allocate memory!Could not allocate memory!Could not allocate memory!Could not allocate memory!Could not allocate memory!Could not allocate memory!Could not allocate memory!Could not allocate memory!Could not allocate memory!Could not allocate memory!Could not allocate memory!Could not allocate memory!Could not allocate memory!Could not allocate memory!Could not allocate memory!Could not allocate memory!Could not allocate memory!Could not allocate memory!Could not allocate memory!Could not allocate memory!Could not allocate memory!Could not allocate memory!Could not allocate memory!Could not allocate memory!Could not allocate memory!Could not allocate memory!Could not allocate memory!Could not allocate memory!Could not allocate memory!Could not allocate memory!Could not allocate memory!Could not allocate memory!
CONFIGURATION: n x m = 6x6, depth = 60, nodes = 32
slurmstepd: error: Step 14162750.27 exceeded memory limit (67125858 > 62464000), being killed
slurmstepd: error: Exceeded job memory limit
slurmstepd: error: *** STEP 14162750.27 ON nid01362 CANCELLED AT 2019-05-21T17:50:19 ***
srun: Job step aborted: Waiting up to 32 seconds for job step to finish.
srun: error: nid01362: task 1: Killed
srun: Terminating job step 14162750.27
srun: error: nid01362: task 0: Killed
srun: error: nid01370: tasks 16-17: Killed
srun: error: nid01365: tasks 6-7: Killed
srun: error: nid01366: tasks 8-9: Killed
srun: error: nid01393: tasks 62-63: Killed
srun: error: nid01391: tasks 58-59: Killed
srun: error: nid01392: tasks 60-61: Killed
srun: error: nid01375: tasks 26-27: Killed
srun: error: nid01385: tasks 46-47: Killed
srun: error: nid01364: tasks 4-5: Killed
srun: error: nid01368: tasks 12-13: Killed
srun: error: nid01367: tasks 10-11: Killed
srun: error: nid01371: tasks 18-19: Killed
srun: error: nid01373: tasks 22-23: Killed
srun: error: nid01384: tasks 44-45: Killed
srun: error: nid01386: tasks 48-49: Killed
srun: error: nid01372: tasks 20-21: Killed
srun: error: nid01388: tasks 52-53: Killed
srun: error: nid01389: tasks 54-55: Killed
srun: error: nid01369: tasks 14-15: Killed
srun: error: nid01376: tasks 28-29: Killed
srun: error: nid01377: tasks 30-31: Killed
srun: error: nid01378: tasks 32-33: Killed
srun: error: nid01379: tasks 34-35: Killed
srun: error: nid01381: tasks 38-39: Killed
srun: error: nid01363: tasks 2-3: Killed
srun: error: nid01380: tasks 36-37: Killed
srun: error: nid01383: tasks 42-43: Killed
srun: error: nid01387: tasks 50-51: Killed
srun: error: nid01374: tasks 24-25: Killed
srun: error: nid01382: tasks 40-41: Killed
srun: error: nid01390: tasks 56-57: Killed

CONFIGURATION: n x m = 6x7, depth = 60, nodes = 32
srun: error: nid01385: tasks 46-47: Exited with exit code 1
srun: Terminating job step 14162750.28
srun: error: nid01366: tasks 8-9: Exited with exit code 1
srun: error: nid01371: tasks 18-19: Exited with exit code 1
srun: error: nid01392: tasks 60-61: Exited with exit code 1
srun: error: nid01383: tasks 42-43: Exited with exit code 1
srun: error: nid01378: tasks 32-33: Exited with exit code 1
srun: error: nid01370: tasks 16-17: Exited with exit code 1
srun: error: nid01384: tasks 44-45: Exited with exit code 1
srun: error: nid01393: tasks 62-63: Exited with exit code 1
srun: error: nid01391: tasks 58-59: Exited with exit code 1
srun: error: nid01377: tasks 30-31: Exited with exit code 1
srun: error: nid01380: tasks 36-37: Exited with exit code 1
srun: error: nid01386: tasks 48-49: Exited with exit code 1
srun: error: nid01388: tasks 52-53: Exited with exit code 1
srun: error: nid01381: tasks 38-39: Exited with exit code 1
srun: error: nid01387: tasks 50-51: Exited with exit code 1
srun: error: nid01389: tasks 54-55: Exited with exit code 1
srun: error: nid01390: tasks 56-57: Exited with exit code 1
srun: error: nid01369: tasks 14-15: Exited with exit code 1
srun: error: nid01364: tasks 4-5: Exited with exit code 1
srun: error: nid01379: tasks 34-35: Exited with exit code 1
srun: error: nid01363: tasks 2-3: Exited with exit code 1
srun: error: nid01368: tasks 12-13: Exited with exit code 1
srun: error: nid01367: tasks 10-11: Exited with exit code 1
srun: error: nid01365: tasks 6-7: Exited with exit code 1
srun: error: nid01375: tasks 26-27: Exited with exit code 1
srun: error: nid01376: tasks 28-29: Exited with exit code 1
srun: error: nid01362: tasks 0-1: Exited with exit code 1
srun: error: nid01372: tasks 20-21: Exited with exit code 1
srun: error: nid01382: tasks 40-41: Exited with exit code 1
srun: error: nid01373: tasks 22-23: Exited with exit code 1
srun: error: nid01374: tasks 24-25: Exited with exit code 1
srun: error: nid01385: tasks 46-47: Exited with exit code 1
srun: error: Task 46 reported exit for a second time.
srun: error: Task 47 reported exit for a second time.
Could not allocate memory!Could not allocate memory!Could not allocate memory!Could not allocate memory!Could not allocate memory!Could not allocate memory!Could not allocate memory!Could not allocate memory!Could not allocate memory!Could not allocate memory!Could not allocate memory!Could not allocate memory!Could not allocate memory!Could not allocate memory!Could not allocate memory!Could not allocate memory!Could not allocate memory!Could not allocate memory!Could not allocate memory!Could not allocate memory!Could not allocate memory!Could not allocate memory!Could not allocate memory!Could not allocate memory!Could not allocate memory!Could not allocate memory!Could not allocate memory!Could not allocate memory!Could not allocate memory!Could not allocate memory!Could not allocate memory!Could not allocate memory!Could not allocate memory!Could not allocate memory!Could not allocate memory!Could not allocate memory!Could not allocate memory!Could not allocate memory!Could not allocate memory!Could not allocate memory!Could not allocate memory!Could not allocate memory!Could not allocate memory!Could not allocate memory!Could not allocate memory!Could not allocate memory!Could not allocate memory!Could not allocate memory!Could not allocate memory!Could not allocate memory!Could not allocate memory!Could not allocate memory!Could not allocate memory!Could not allocate memory!Could not allocate memory!Could not allocate memory!Could not allocate memory!Could not allocate memory!Could not allocate memory!Could not allocate memory!Could not allocate memory!Could not allocate memory!Could not allocate memory!Could not allocate memory!
CONFIGURATION: N = 50000, nodes = 32
srun: Job 14162750 step creation temporarily disabled, retrying
srun: Step created for job 14162750
Rep 1: Test x0 = 27440
T = 201
Found x0 = 27440 with success probability 0.999988
Rep 2: Test x0 = 29642
T = 201
Found x0 = 29642 with success probability 0.999988
Rep 3: Test x0 = 35759
T = 201
Found x0 = 35759 with success probability 0.999988
Rep 4: Test x0 = 42213
T = 201
Found x0 = 42213 with success probability 0.999988
Rep 5: Test x0 = 30138
T = 201
Found x0 = 30138 with success probability 0.999988
Rep 6: Test x0 = 42897
T = 201
Found x0 = 42897 with success probability 0.999988
Rep 7: Test x0 = 27244
T = 201
Found x0 = 27244 with success probability 0.999988
Rep 8: Test x0 = 42362
T = 201
Found x0 = 42362 with success probability 0.999988
Rep 9: Test x0 = 21182
T = 201
Found x0 = 21182 with success probability 0.999988
Rep 10: Test x0 = 31178
T = 201
Found x0 = 31178 with success probability 0.999988
Duration [ms] = 249, 208, 180, 215, 257, 178, 259, 184, 214, 280
Avg time [ms] = 222, Std deviation = 34
CONFIGURATION: N = 100000, nodes = 32
Rep 1: Test x0 = 54882
T = 284
Found x0 = 54882 with success probability 0.999999
Rep 2: Test x0 = 59285
T = 284
Found x0 = 59285 with success probability 0.999999
Rep 3: Test x0 = 71520
T = 284
Found x0 = 71520 with success probability 0.999999
Rep 4: Test x0 = 84427
T = 284
Found x0 = 84427 with success probability 0.999999
Rep 5: Test x0 = 60277
T = 284
Found x0 = 60277 with success probability 0.999999
Rep 6: Test x0 = 85795
T = 284
Found x0 = 85795 with success probability 0.999999
Rep 7: Test x0 = 54489
T = 284
Found x0 = 54489 with success probability 0.999999
Rep 8: Test x0 = 84726
T = 284
Found x0 = 84726 with success probability 0.999999
Rep 9: Test x0 = 42366
T = 284
Found x0 = 42366 with success probability 0.999999
Rep 10: Test x0 = 62357
T = 284
Found x0 = 62357 with success probability 0.999999
Duration [ms] = 467, 309, 286, 314, 749, 670, 418, 737, 720, 715
Avg time [ms] = 538, Std deviation = 187
CONFIGURATION: N = 200000, nodes = 32
Rep 1: Test x0 = 109766
T = 402
Found x0 = 109766 with success probability 0.999998
Rep 2: Test x0 = 118573
T = 402
Found x0 = 118573 with success probability 0.999998
Rep 3: Test x0 = 143043
T = 402
Found x0 = 143043 with success probability 0.999998
Rep 4: Test x0 = 168859
T = 402
Found x0 = 168859 with success probability 0.999998
Rep 5: Test x0 = 120557
T = 402
Found x0 = 120557 with success probability 0.999998
Rep 6: Test x0 = 171595
T = 402
Found x0 = 171595 with success probability 0.999998
Rep 7: Test x0 = 108980
T = 402
Found x0 = 108980 with success probability 0.999998
Rep 8: Test x0 = 169456
T = 402
Found x0 = 169456 with success probability 0.999998
Rep 9: Test x0 = 84734
T = 402
Found x0 = 84734 with success probability 0.999998
Rep 10: Test x0 = 124717
T = 402
Found x0 = 124717 with success probability 0.999998
Duration [ms] = 1711, 659, 742, 662, 817, 633, 873, 665, 699, 797
Avg time [ms] = 825, Std deviation = 304
CONFIGURATION: N = 400000, nodes = 32
Rep 1: Test x0 = 219533
T = 568
Found x0 = 219533 with success probability 1
Rep 2: Test x0 = 237147
T = 568
Found x0 = 237147 with success probability 1
Rep 3: Test x0 = 286086
T = 568
Found x0 = 286086 with success probability 1
Rep 4: Test x0 = 337719
T = 568
Found x0 = 337719 with success probability 1
Rep 5: Test x0 = 241114
T = 568
Found x0 = 241114 with success probability 1
Rep 6: Test x0 = 343191
T = 568
Found x0 = 343191 with success probability 1
Rep 7: Test x0 = 217961
T = 568
Found x0 = 217961 with success probability 1
Rep 8: Test x0 = 338913
T = 568
Found x0 = 338913 with success probability 1
Rep 9: Test x0 = 169468
T = 568
Found x0 = 169468 with success probability 1
Rep 10: Test x0 = 249435
T = 568
Found x0 = 249435 with success probability 1
Duration [ms] = 1819, 1542, 1956, 1602, 1602, 1645, 1683, 2359, 1877, 2048
Avg time [ms] = 1813, Std deviation = 241
CONFIGURATION: N = 600000, nodes = 32
Rep 1: Test x0 = 329300
T = 804
Found x0 = 329300 with success probability 1
Rep 2: Test x0 = 355720
T = 804
Found x0 = 355720 with success probability 1
Rep 3: Test x0 = 429130
T = 804
Found x0 = 429130 with success probability 1
Rep 4: Test x0 = 506579
T = 804
Found x0 = 506579 with success probability 1
Rep 5: Test x0 = 361672
T = 804
Found x0 = 361672 with success probability 1
Rep 6: Test x0 = 514787
T = 804
Found x0 = 514787 with success probability 1
Rep 7: Test x0 = 326942
T = 804
Found x0 = 326942 with success probability 1
Rep 8: Test x0 = 508370
T = 804
Found x0 = 508370 with success probability 1
Rep 9: Test x0 = 254202
T = 804
Found x0 = 254202 with success probability 1
Rep 10: Test x0 = 374152
T = 804
Found x0 = 374152 with success probability 1
Duration [ms] = 3815, 3799, 4293, 4387, 3787, 4616, 4368, 4439, 4322, 4827
Avg time [ms] = 4265, Std deviation = 338
CONFIGURATION: N = 1000000, nodes = 32
Rep 1: Test x0 = 548937
T = 804
Found x0 = 548937 with success probability 1
Rep 2: Test x0 = 592978
T = 804
Found x0 = 592978 with success probability 1
Rep 3: Test x0 = 715350
T = 804
Found x0 = 715350 with success probability 1
Rep 4: Test x0 = 844455
T = 804
Found x0 = 844455 with success probability 1
Rep 5: Test x0 = 602899
T = 804
Found x0 = 602899 with success probability 1
Rep 6: Test x0 = 858138
T = 804
Found x0 = 858138 with success probability 1
Rep 7: Test x0 = 545005
T = 804
Found x0 = 545005 with success probability 1
Rep 8: Test x0 = 847442
T = 804
Found x0 = 847442 with success probability 1
Rep 9: Test x0 = 423750
T = 804
Found x0 = 423750 with success probability 1
Rep 10: Test x0 = 623704
T = 804
Found x0 = 623704 with success probability 1
Duration [ms] = 3937, 4249, 4332, 4169, 4032, 4199, 4617, 3836, 4032, 3920
Avg time [ms] = 4132, Std deviation = 220
CONFIGURATION: N = 3000000, nodes = 32
Rep 1: Test x0 = 1647194
T = 1608
Found x0 = 1647194 with success probability 1
Rep 2: Test x0 = 1779348
T = 1608
Found x0 = 1779348 with success probability 1
Rep 3: Test x0 = 2146551
T = 1608
Found x0 = 2146551 with success probability 1
Rep 4: Test x0 = 2533957
T = 1608
Found x0 = 2533957 with success probability 1
Rep 5: Test x0 = 1809118
T = 1608
Found x0 = 1809118 with success probability 1
Rep 6: Test x0 = 2575016
T = 1608
Found x0 = 2575016 with success probability 1
Rep 7: Test x0 = 1635398
T = 1608
Found x0 = 1635398 with success probability 1
Rep 8: Test x0 = 2542919
T = 1608
Found x0 = 2542919 with success probability 1
Rep 9: Test x0 = 1271546
T = 1608
Found x0 = 1271546 with success probability 1
Rep 10: Test x0 = 1871548
T = 1608
Found x0 = 1871548 with success probability 1
Duration [ms] = 23189, 24459, 24669, 24950, 24582, 24092, 24094, 24429, 24689, 24570
Avg time [ms] = 24372, Std deviation = 466
CONFIGURATION: N = 6000000, nodes = 32
Rep 1: Test x0 = 3296693
T = 2274
Found x0 = 3296693 with success probability 1
Rep 2: Test x0 = 3561186
T = 2274
Found x0 = 3561186 with success probability 1
Rep 3: Test x0 = 4296104
T = 2274
Found x0 = 4296104 with success probability 1
Rep 4: Test x0 = 5071459
T = 2274
Found x0 = 5071459 with success probability 1
Rep 5: Test x0 = 3620767
T = 2274
Found x0 = 3620767 with success probability 1
Rep 6: Test x0 = 5153634
T = 2274
Found x0 = 5153634 with success probability 1
Rep 7: Test x0 = 3273084
T = 2274
Found x0 = 3273084 with success probability 1
Rep 8: Test x0 = 5089396
T = 2274
Found x0 = 5089396 with success probability 1
Rep 9: Test x0 = 2544872
T = 2274
Found x0 = 2544872 with success probability 1
Rep 10: Test x0 = 3745714
T = 2274
Found x0 = 3745714 with success probability 1
Duration [ms] = 58654, 63098, 63228, 62324, 62951, 63871, 62924, 63670, 63006, 63546
Avg time [ms] = 62727, Std deviation = 1420
CONFIGURATION: N = 10000000, nodes = 32
Rep 1: Test x0 = 5494489
T = 3216
Found x0 = 5494489 with success probability 1
Rep 2: Test x0 = 5935310
T = 3216
Found x0 = 5935310 with success probability 1
Rep 3: Test x0 = 7160174
T = 3216
Found x0 = 7160174 with success probability 1
Rep 4: Test x0 = 8452433
T = 3216
Found x0 = 8452433 with success probability 1
Rep 5: Test x0 = 6034612
T = 3216
Found x0 = 6034612 with success probability 1
Rep 6: Test x0 = 8589390
T = 3216
Found x0 = 8589390 with success probability 1
Rep 7: Test x0 = 5455140
T = 3216
Found x0 = 5455140 with success probability 1
Rep 8: Test x0 = 8482327
T = 3216
Found x0 = 8482327 with success probability 1
Rep 9: Test x0 = 4241453
T = 3216
Found x0 = 4241453 with success probability 1
Rep 10: Test x0 = 6242857
T = 3216
Found x0 = 6242857 with success probability 1
Duration [ms] = 157923, 171458, 170953, 171018, 171446, 171752, 172633, 171854, 171917, 170518
Avg time [ms] = 170147, Std deviation = 4113
CONFIGURATION: N = 203, nodes = 32
Factors are: 7; 29; 
Duration [ms] = 122876, 121214, 121546, 40513, 122000, 40343, 121305, 122809, 121409, 121267
Avg time [ms] = 105528, Std deviation = 32555
 
Batch Job Summary Report for Job "script_32.sh" (14162750) on daint
-----------------------------------------------------------------------------------------------------
             Submit            Eligible               Start                 End    Elapsed  Timelimit 
------------------- ------------------- ------------------- ------------------- ---------- ---------- 
2019-05-21T17:28:32 2019-05-21T17:28:32 2019-05-21T17:28:52 2019-05-21T18:53:21   01:24:29   03:00:00 
-----------------------------------------------------------------------------------------------------
Username    Account     Partition   NNodes   Energy
----------  ----------  ----------  ------  --------------
mazzolag    csstaff     normal          32   34.23M joules
 
This job did not utilize any GPUs
 
----------------------------------------------------------
Scratch File System        Files       Quota
--------------------  ----------  ----------
/scratch/snx3000           18829     1000000
 
