=============================
  LOADING MODULES
=============================
=============================
  BUILDING AND COMPILATION
=============================
-- Cray Programming Environment 2.5.15 C
-- Cray Programming Environment 2.5.15 CXX
-- Found OpenMP_C: -fopenmp  
-- Found OpenMP_CXX: -fopenmp  
-- Configuring done
-- Generating done
-- Build files have been written to: /scratch/snx3000/mazzolag/qsim/QuEST/build
[ 28%] Built target QuEST
[ 35%] Built target rqc
[ 42%] Built target demo
[ 50%] Built target ghadamard
[ 75%] Built target dj
[ 71%] Built target gtest
[ 78%] Built target grover
[ 78%] Built target period-finding
[ 85%] Built target bernstein
[ 92%] Built target approx-pf
[100%] Built target shor
================================
       RUNNING BENCHMARKS
================================
CONFIGURATION: N = 37, nodes = 512
Duration [ms] = 75714, 84933, 44487, 42628, 72744, 90877, 78079, 44929, 43195, 86105
Avg time [ms] = 66369, Std deviation = 19076

================================

/var/spool/slurmd/job13302900/slurm_script: line 62: hh: command not found
 
Batch Job Summary Report for Job "weak-dj512.sh" (13302900) on daint
-----------------------------------------------------------------------------------------------------
             Submit            Eligible               Start                 End    Elapsed  Timelimit 
------------------- ------------------- ------------------- ------------------- ---------- ---------- 
2019-04-25T11:28:06 2019-04-25T11:28:06 2019-04-25T13:21:39 2019-04-25T13:33:43   00:12:04   02:00:00 
-----------------------------------------------------------------------------------------------------
Username    Account     Partition   NNodes   Energy
----------  ----------  ----------  ------  --------------
mazzolag    csstaff     normal         512   52.66M joules
 
This job did not utilize any GPUs
 
----------------------------------------------------------
Scratch File System        Files       Quota
--------------------  ----------  ----------
/scratch/snx3000           26237     1000000
 
