=============================
  LOADING MODULES
=============================
=============================
  BUILDING AND COMPILATION
=============================
-- Cray Programming Environment 2.5.15 C
-- Cray Programming Environment 2.5.15 CXX
-- Could NOT find MPI_C (missing: MPI_C_WORKS) 
CMake Error at /scratch/snx3000/mazzolag/qsim/QuEST/build/CMakeFiles/CMakeTmp/CMakeLists.txt:12 (include):
  include could not find load file:

    /scratch/snx3000/mazzolag/qsim/QuEST/build/CMakeFiles/CMakeTmp//cmTC_1c31eTargets.cmake


CMake Error at /apps/daint/UES/jenkins/6.0.UP07/mc/easybuild/software/CMake/3.12.0/share/cmake-3.12/Modules/FindMPI.cmake:1182 (try_compile):
  Failed to configure test project build system.
Call Stack (most recent call first):
  /apps/daint/UES/jenkins/6.0.UP07/mc/easybuild/software/CMake/3.12.0/share/cmake-3.12/Modules/FindMPI.cmake:1223 (_MPI_try_staged_settings)
  /apps/daint/UES/jenkins/6.0.UP07/mc/easybuild/software/CMake/3.12.0/share/cmake-3.12/Modules/FindMPI.cmake:1437 (_MPI_check_lang_works)
  QuEST/CMakeLists.txt:102 (find_package)


-- Configuring incomplete, errors occurred!
See also "/scratch/snx3000/mazzolag/qsim/QuEST/build/CMakeFiles/CMakeOutput.log".
-- Cray Programming Environment 2.5.15 C
-- Cray Programming Environment 2.5.15 CXX
CMake Error at /scratch/snx3000/mazzolag/qsim/QuEST/build/CMakeFiles/CMakeTmp/CMakeLists.txt:12 (include):
  include could not find load file:

    /scratch/snx3000/mazzolag/qsim/QuEST/build/CMakeFiles/CMakeTmp//cmTC_b0b73Targets.cmake


CMake Error at /apps/daint/UES/jenkins/6.0.UP07/mc/easybuild/software/CMake/3.12.0/share/cmake-3.12/Modules/FindMPI.cmake:1182 (try_compile):
  Failed to configure test project build system.
Call Stack (most recent call first):
  /apps/daint/UES/jenkins/6.0.UP07/mc/easybuild/software/CMake/3.12.0/share/cmake-3.12/Modules/FindMPI.cmake:1223 (_MPI_try_staged_settings)
  /apps/daint/UES/jenkins/6.0.UP07/mc/easybuild/software/CMake/3.12.0/share/cmake-3.12/Modules/FindMPI.cmake:1437 (_MPI_check_lang_works)
  QuEST/CMakeLists.txt:102 (find_package)


-- Configuring incomplete, errors occurred!
See also "/scratch/snx3000/mazzolag/qsim/QuEST/build/CMakeFiles/CMakeOutput.log".
Makefile:360: recipe for target 'cmake_check_build_system' failed
make: *** [cmake_check_build_system] Error 1
================================
       RUNNING BENCHMARKS
================================
CONFIGURATION: N = 36, nodes = 256
Duration [ms] = 67366, 71378, 35745, 34417, 60360, 76958, 63143, 34594, 34808, 71571
Avg time [ms] = 55034, Std deviation = 17004

================================

/var/spool/slurmd/job13302899/slurm_script: line 62: h: command not found
 
Batch Job Summary Report for Job "weak-dj256.sh" (13302899) on daint
-----------------------------------------------------------------------------------------------------
             Submit            Eligible               Start                 End    Elapsed  Timelimit 
------------------- ------------------- ------------------- ------------------- ---------- ---------- 
2019-04-25T11:27:58 2019-04-25T11:27:58 2019-04-25T13:06:16 2019-04-25T13:16:35   00:10:19   02:00:00 
-----------------------------------------------------------------------------------------------------
Username    Account     Partition   NNodes   Energy
----------  ----------  ----------  ------  --------------
mazzolag    csstaff     normal         256   22.34M joules
 
This job did not utilize any GPUs
 
----------------------------------------------------------
Scratch File System        Files       Quota
--------------------  ----------  ----------
/scratch/snx3000           26236     1000000
 
