=============================
  LOADING MODULES
=============================
=============================
  BUILDING AND COMPILATION
=============================
-- Cray Programming Environment 2.5.15 C
-- Cray Programming Environment 2.5.15 CXX
-- Configuring done
-- Generating done
-- Build files have been written to: /scratch/snx3000/mazzolag/qsim/QuEST/build
[ 30%] Built target QuEST
[ 53%] Built target approx-pf
[ 53%] Built target ghadamard
[ 53%] Built target shor
[ 65%] Built target dj
[ 69%] Built target bernstein
[ 76%] Built target demo
[ 92%] Built target period-finding
[ 92%] Built target gtest
[100%] Built target grover
================================
       RUNNING BENCHMARKS
================================
CONFIGURATION: N = 50, nodes = 1
srun: Warning: can't honor --ntasks-per-node set to 2 which doesn't match the requested tasks 32 with the number of requested nodes 1. Ignoring --ntasks-per-node.
Rep 1: Test x0 = 27
T = 6
Found x0 = 27 with success probability 0.996586
Rep 2: Test x0 = 29
T = 6
Found x0 = 29 with success probability 0.996586
Rep 3: Test x0 = 35
T = 6
Found x0 = 35 with success probability 0.996586
Rep 4: Test x0 = 42
T = 6
Found x0 = 42 with success probability 0.996586
Rep 5: Test x0 = 30
T = 6
Found x0 = 30 with success probability 0.996586
Rep 6: Test x0 = 42
T = 6
Found x0 = 42 with success probability 0.996586
Rep 7: Test x0 = 27
T = 6
Found x0 = 27 with success probability 0.996586
Rep 8: Test x0 = 42
T = 6
Found x0 = 42 with success probability 0.996586
Rep 9: Test x0 = 21
T = 6
Found x0 = 21 with success probability 0.996586
Rep 10: Test x0 = 31
T = 6
Found x0 = 31 with success probability 0.996586
Duration [ms] = 27, 24, 24, 24, 24, 24, 24, 24, 24, 24
Avg time [ms] = 24, Std deviation = 0
CONFIGURATION: N = 50, nodes = 2
srun: Warning: can't honor --ntasks-per-node set to 2 which doesn't match the requested tasks 32 with the number of requested nodes 2. Ignoring --ntasks-per-node.
Rep 1: Test x0 = 27
T = 6
Found x0 = 27 with success probability 0.996586
Rep 2: Test x0 = 29
T = 6
Found x0 = 29 with success probability 0.996586
Rep 3: Test x0 = 35
T = 6
Found x0 = 35 with success probability 0.996586
Rep 4: Test x0 = 42
T = 6
Found x0 = 42 with success probability 0.996586
Rep 5: Test x0 = 30
T = 6
Found x0 = 30 with success probability 0.996586
Rep 6: Test x0 = 42
T = 6
Found x0 = 42 with success probability 0.996586
Rep 7: Test x0 = 27
T = 6
Found x0 = 27 with success probability 0.996586
Rep 8: Test x0 = 42
T = 6
Found x0 = 42 with success probability 0.996586
Rep 9: Test x0 = 21
T = 6
Found x0 = 21 with success probability 0.996586
Rep 10: Test x0 = 31
T = 6
Found x0 = 31 with success probability 0.996586
Duration [ms] = 77, 24, 24, 24, 24, 24, 24, 24, 24, 24
Avg time [ms] = 29, Std deviation = 15
CONFIGURATION: N = 50, nodes = 4
srun: Warning: can't honor --ntasks-per-node set to 2 which doesn't match the requested tasks 32 with the number of requested nodes 4. Ignoring --ntasks-per-node.
Rep 1: Test x0 = 27
T = 6
Found x0 = 27 with success probability 0.996586
Rep 2: Test x0 = 29
T = 6
Found x0 = 29 with success probability 0.996586
Rep 3: Test x0 = 35
T = 6
Found x0 = 35 with success probability 0.996586
Rep 4: Test x0 = 42
T = 6
Found x0 = 42 with success probability 0.996586
Rep 5: Test x0 = 30
T = 6
Found x0 = 30 with success probability 0.996586
Rep 6: Test x0 = 42
T = 6
Found x0 = 42 with success probability 0.996586
Rep 7: Test x0 = 27
T = 6
Found x0 = 27 with success probability 0.996586
Rep 8: Test x0 = 42
T = 6
Found x0 = 42 with success probability 0.996586
Rep 9: Test x0 = 21
T = 6
Found x0 = 21 with success probability 0.996586
Rep 10: Test x0 = 31
T = 6
Found x0 = 31 with success probability 0.996586
Duration [ms] = 29, 22, 22, 22, 21, 21, 21, 21, 21, 21
Avg time [ms] = 22, Std deviation = 2
CONFIGURATION: N = 50, nodes = 8
srun: Warning: can't honor --ntasks-per-node set to 2 which doesn't match the requested tasks 32 with the number of requested nodes 8. Ignoring --ntasks-per-node.
Rep 1: Test x0 = 27
T = 6
Found x0 = 27 with success probability 0.996586
Rep 2: Test x0 = 29
T = 6
Found x0 = 29 with success probability 0.996586
Rep 3: Test x0 = 35
T = 6
Found x0 = 35 with success probability 0.996586
Rep 4: Test x0 = 42
T = 6
Found x0 = 42 with success probability 0.996586
Rep 5: Test x0 = 30
T = 6
Found x0 = 30 with success probability 0.996586
Rep 6: Test x0 = 42
T = 6
Found x0 = 42 with success probability 0.996586
Rep 7: Test x0 = 27
T = 6
Found x0 = 27 with success probability 0.996586
Rep 8: Test x0 = 42
T = 6
Found x0 = 42 with success probability 0.996586
Rep 9: Test x0 = 21
T = 6
Found x0 = 21 with success probability 0.996586
Rep 10: Test x0 = 31
T = 6
Found x0 = 31 with success probability 0.996586
Duration [ms] = 28, 20, 20, 20, 22, 20, 20, 20, 19, 19
Avg time [ms] = 20, Std deviation = 2
CONFIGURATION: N = 50, nodes = 16
Rep 1: Test x0 = 27
T = 6
Found x0 = 27 with success probability 0.996586
Rep 2: Test x0 = 29
T = 6
Found x0 = 29 with success probability 0.996586
Rep 3: Test x0 = 35
T = 6
Found x0 = 35 with success probability 0.996586
Rep 4: Test x0 = 42
T = 6
Found x0 = 42 with success probability 0.996586
Rep 5: Test x0 = 30
T = 6
Found x0 = 30 with success probability 0.996586
Rep 6: Test x0 = 42
T = 6
Found x0 = 42 with success probability 0.996586
Rep 7: Test x0 = 27
T = 6
Found x0 = 27 with success probability 0.996586
Rep 8: Test x0 = 42
T = 6
Found x0 = 42 with success probability 0.996586
Rep 9: Test x0 = 21
T = 6
Found x0 = 21 with success probability 0.996586
Rep 10: Test x0 = 31
T = 6
Found x0 = 31 with success probability 0.996586
Duration [ms] = 25, 2, 2, 2, 2, 2, 2, 2, 2, 3
Avg time [ms] = 4, Std deviation = 6

================================

CONFIGURATION: N = 100, nodes = 1
srun: Warning: can't honor --ntasks-per-node set to 2 which doesn't match the requested tasks 32 with the number of requested nodes 1. Ignoring --ntasks-per-node.
Rep 1: Test x0 = 54
T = 8
Found x0 = 54 with success probability 0.99562
Rep 2: Test x0 = 59
T = 8
Found x0 = 59 with success probability 0.99562
Rep 3: Test x0 = 71
T = 8
Found x0 = 71 with success probability 0.99562
Rep 4: Test x0 = 84
T = 8
Found x0 = 84 with success probability 0.99562
Rep 5: Test x0 = 60
T = 8
Found x0 = 60 with success probability 0.99562
Rep 6: Test x0 = 85
T = 8
Found x0 = 85 with success probability 0.99562
Rep 7: Test x0 = 54
T = 8
Found x0 = 54 with success probability 0.99562
Rep 8: Test x0 = 84
T = 8
Found x0 = 84 with success probability 0.99562
Rep 9: Test x0 = 42
T = 8
Found x0 = 42 with success probability 0.99562
Rep 10: Test x0 = 62
T = 8
Found x0 = 62 with success probability 0.99562
Duration [ms] = 39, 36, 36, 36, 36, 35, 36, 36, 35, 36
Avg time [ms] = 36, Std deviation = 1
CONFIGURATION: N = 100, nodes = 2
srun: Warning: can't honor --ntasks-per-node set to 2 which doesn't match the requested tasks 32 with the number of requested nodes 2. Ignoring --ntasks-per-node.
Rep 1: Test x0 = 54
T = 8
Found x0 = 54 with success probability 0.99562
Rep 2: Test x0 = 59
T = 8
Found x0 = 59 with success probability 0.99562
Rep 3: Test x0 = 71
T = 8
Found x0 = 71 with success probability 0.99562
Rep 4: Test x0 = 84
T = 8
Found x0 = 84 with success probability 0.99562
Rep 5: Test x0 = 60
T = 8
Found x0 = 60 with success probability 0.99562
Rep 6: Test x0 = 85
T = 8
Found x0 = 85 with success probability 0.99562
Rep 7: Test x0 = 54
T = 8
Found x0 = 54 with success probability 0.99562
Rep 8: Test x0 = 84
T = 8
Found x0 = 84 with success probability 0.99562
Rep 9: Test x0 = 42
T = 8
Found x0 = 42 with success probability 0.99562
Rep 10: Test x0 = 62
T = 8
Found x0 = 62 with success probability 0.99562
Duration [ms] = 51, 36, 36, 36, 36, 36, 36, 36, 36, 36
Avg time [ms] = 37, Std deviation = 4
CONFIGURATION: N = 100, nodes = 4
srun: Warning: can't honor --ntasks-per-node set to 2 which doesn't match the requested tasks 32 with the number of requested nodes 4. Ignoring --ntasks-per-node.
Rep 1: Test x0 = 54
T = 8
Found x0 = 54 with success probability 0.99562
Rep 2: Test x0 = 59
T = 8
Found x0 = 59 with success probability 0.99562
Rep 3: Test x0 = 71
T = 8
Found x0 = 71 with success probability 0.99562
Rep 4: Test x0 = 84
T = 8
Found x0 = 84 with success probability 0.99562
Rep 5: Test x0 = 60
T = 8
Found x0 = 60 with success probability 0.99562
Rep 6: Test x0 = 85
T = 8
Found x0 = 85 with success probability 0.99562
Rep 7: Test x0 = 54
T = 8
Found x0 = 54 with success probability 0.99562
Rep 8: Test x0 = 84
T = 8
Found x0 = 84 with success probability 0.99562
Rep 9: Test x0 = 42
T = 8
Found x0 = 42 with success probability 0.99562
Rep 10: Test x0 = 62
T = 8
Found x0 = 62 with success probability 0.99562
Duration [ms] = 44, 32, 32, 31, 32, 31, 31, 31, 31, 31
Avg time [ms] = 32, Std deviation = 3
CONFIGURATION: N = 100, nodes = 8
srun: Warning: can't honor --ntasks-per-node set to 2 which doesn't match the requested tasks 32 with the number of requested nodes 8. Ignoring --ntasks-per-node.
Rep 1: Test x0 = 54
T = 8
Found x0 = 54 with success probability 0.99562
Rep 2: Test x0 = 59
T = 8
Found x0 = 59 with success probability 0.99562
Rep 3: Test x0 = 71
T = 8
Found x0 = 71 with success probability 0.99562
Rep 4: Test x0 = 84
T = 8
Found x0 = 84 with success probability 0.99562
Rep 5: Test x0 = 60
T = 8
Found x0 = 60 with success probability 0.99562
Rep 6: Test x0 = 85
T = 8
Found x0 = 85 with success probability 0.99562
Rep 7: Test x0 = 54
T = 8
Found x0 = 54 with success probability 0.99562
Rep 8: Test x0 = 84
T = 8
Found x0 = 84 with success probability 0.99562
Rep 9: Test x0 = 42
T = 8
Found x0 = 42 with success probability 0.99562
Rep 10: Test x0 = 62
T = 8
Found x0 = 62 with success probability 0.99562
Duration [ms] = 41, 30, 29, 29, 29, 29, 29, 31, 29, 28
Avg time [ms] = 30, Std deviation = 3
CONFIGURATION: N = 100, nodes = 16
Rep 1: Test x0 = 54
T = 8
Found x0 = 54 with success probability 0.99562
Rep 2: Test x0 = 59
T = 8
Found x0 = 59 with success probability 0.99562
Rep 3: Test x0 = 71
T = 8
Found x0 = 71 with success probability 0.99562
Rep 4: Test x0 = 84
T = 8
Found x0 = 84 with success probability 0.99562
Rep 5: Test x0 = 60
T = 8
Found x0 = 60 with success probability 0.99562
Rep 6: Test x0 = 85
T = 8
Found x0 = 85 with success probability 0.99562
Rep 7: Test x0 = 54
T = 8
Found x0 = 54 with success probability 0.99562
Rep 8: Test x0 = 84
T = 8
Found x0 = 84 with success probability 0.99562
Rep 9: Test x0 = 42
T = 8
Found x0 = 42 with success probability 0.99562
Rep 10: Test x0 = 62
T = 8
Found x0 = 62 with success probability 0.99562
Duration [ms] = 28, 4, 4, 4, 4, 4, 5, 3, 4, 3
Avg time [ms] = 6, Std deviation = 7

================================

CONFIGURATION: N = 500, nodes = 1
srun: Warning: can't honor --ntasks-per-node set to 2 which doesn't match the requested tasks 32 with the number of requested nodes 1. Ignoring --ntasks-per-node.
Rep 1: Test x0 = 274
T = 17
Found x0 = 274 with success probability 0.999448
Rep 2: Test x0 = 296
T = 17
Found x0 = 296 with success probability 0.999448
Rep 3: Test x0 = 357
T = 17
Found x0 = 357 with success probability 0.999448
Rep 4: Test x0 = 422
T = 17
Found x0 = 422 with success probability 0.999448
Rep 5: Test x0 = 301
T = 17
Found x0 = 301 with success probability 0.999448
Rep 6: Test x0 = 428
T = 17
Found x0 = 428 with success probability 0.999448
Rep 7: Test x0 = 272
T = 17
Found x0 = 272 with success probability 0.999448
Rep 8: Test x0 = 423
T = 17
Found x0 = 423 with success probability 0.999448
Rep 9: Test x0 = 211
T = 17
Found x0 = 211 with success probability 0.999448
Rep 10: Test x0 = 311
T = 17
Found x0 = 311 with success probability 0.999448
Duration [ms] = 98, 93, 93, 93, 93, 93, 93, 93, 93, 93
Avg time [ms] = 93, Std deviation = 1
CONFIGURATION: N = 500, nodes = 2
srun: Warning: can't honor --ntasks-per-node set to 2 which doesn't match the requested tasks 32 with the number of requested nodes 2. Ignoring --ntasks-per-node.
Rep 1: Test x0 = 274
T = 17
Found x0 = 274 with success probability 0.999448
Rep 2: Test x0 = 296
T = 17
Found x0 = 296 with success probability 0.999448
Rep 3: Test x0 = 357
T = 17
Found x0 = 357 with success probability 0.999448
Rep 4: Test x0 = 422
T = 17
Found x0 = 422 with success probability 0.999448
Rep 5: Test x0 = 301
T = 17
Found x0 = 301 with success probability 0.999448
Rep 6: Test x0 = 428
T = 17
Found x0 = 428 with success probability 0.999448
Rep 7: Test x0 = 272
T = 17
Found x0 = 272 with success probability 0.999448
Rep 8: Test x0 = 423
T = 17
Found x0 = 423 with success probability 0.999448
Rep 9: Test x0 = 211
T = 17
Found x0 = 211 with success probability 0.999448
Rep 10: Test x0 = 311
T = 17
Found x0 = 311 with success probability 0.999448
Duration [ms] = 108, 94, 93, 92, 93, 93, 94, 93, 93, 93
Avg time [ms] = 94, Std deviation = 4
CONFIGURATION: N = 500, nodes = 4
srun: Warning: can't honor --ntasks-per-node set to 2 which doesn't match the requested tasks 32 with the number of requested nodes 4. Ignoring --ntasks-per-node.
Rep 1: Test x0 = 274
T = 17
Found x0 = 274 with success probability 0.999448
Rep 2: Test x0 = 296
T = 17
Found x0 = 296 with success probability 0.999448
Rep 3: Test x0 = 357
T = 17
Found x0 = 357 with success probability 0.999448
Rep 4: Test x0 = 422
T = 17
Found x0 = 422 with success probability 0.999448
Rep 5: Test x0 = 301
T = 17
Found x0 = 301 with success probability 0.999448
Rep 6: Test x0 = 428
T = 17
Found x0 = 428 with success probability 0.999448
Rep 7: Test x0 = 272
T = 17
Found x0 = 272 with success probability 0.999448
Rep 8: Test x0 = 423
T = 17
Found x0 = 423 with success probability 0.999448
Rep 9: Test x0 = 211
T = 17
Found x0 = 211 with success probability 0.999448
Rep 10: Test x0 = 311
T = 17
Found x0 = 311 with success probability 0.999448
Duration [ms] = 95, 84, 82, 82, 81, 81, 82, 81, 82, 86
Avg time [ms] = 83, Std deviation = 4
CONFIGURATION: N = 500, nodes = 8
srun: Warning: can't honor --ntasks-per-node set to 2 which doesn't match the requested tasks 32 with the number of requested nodes 8. Ignoring --ntasks-per-node.
Rep 1: Test x0 = 274
T = 17
Found x0 = 274 with success probability 0.999448
Rep 2: Test x0 = 296
T = 17
Found x0 = 296 with success probability 0.999448
Rep 3: Test x0 = 357
T = 17
Found x0 = 357 with success probability 0.999448
Rep 4: Test x0 = 422
T = 17
Found x0 = 422 with success probability 0.999448
Rep 5: Test x0 = 301
T = 17
Found x0 = 301 with success probability 0.999448
Rep 6: Test x0 = 428
T = 17
Found x0 = 428 with success probability 0.999448
Rep 7: Test x0 = 272
T = 17
Found x0 = 272 with success probability 0.999448
Rep 8: Test x0 = 423
T = 17
Found x0 = 423 with success probability 0.999448
Rep 9: Test x0 = 211
T = 17
Found x0 = 211 with success probability 0.999448
Rep 10: Test x0 = 311
T = 17
Found x0 = 311 with success probability 0.999448
Duration [ms] = 95, 76, 76, 75, 75, 76, 74, 75, 76, 74
Avg time [ms] = 77, Std deviation = 5
CONFIGURATION: N = 500, nodes = 16
Rep 1: Test x0 = 274
T = 17
Found x0 = 274 with success probability 0.999448
Rep 2: Test x0 = 296
T = 17
Found x0 = 296 with success probability 0.999448
Rep 3: Test x0 = 357
T = 17
Found x0 = 357 with success probability 0.999448
Rep 4: Test x0 = 422
T = 17
Found x0 = 422 with success probability 0.999448
Rep 5: Test x0 = 301
T = 17
Found x0 = 301 with success probability 0.999448
Rep 6: Test x0 = 428
T = 17
Found x0 = 428 with success probability 0.999448
Rep 7: Test x0 = 272
T = 17
Found x0 = 272 with success probability 0.999448
Rep 8: Test x0 = 423
T = 17
Found x0 = 423 with success probability 0.999448
Rep 9: Test x0 = 211
T = 17
Found x0 = 211 with success probability 0.999448
Rep 10: Test x0 = 311
T = 17
Found x0 = 311 with success probability 0.999448
Duration [ms] = 33, 14, 10, 11, 17, 20, 17, 15, 14, 9
Avg time [ms] = 16, Std deviation = 6

================================

CONFIGURATION: N = 1000, nodes = 1
srun: Warning: can't honor --ntasks-per-node set to 2 which doesn't match the requested tasks 32 with the number of requested nodes 1. Ignoring --ntasks-per-node.
Rep 1: Test x0 = 548
T = 25
Found x0 = 548 with success probability 0.999461
Rep 2: Test x0 = 592
T = 25
Found x0 = 592 with success probability 0.999461
Rep 3: Test x0 = 715
T = 25
Found x0 = 715 with success probability 0.999461
Rep 4: Test x0 = 844
T = 25
Found x0 = 844 with success probability 0.999461
Rep 5: Test x0 = 602
T = 25
Found x0 = 602 with success probability 0.999461
Rep 6: Test x0 = 857
T = 25
Found x0 = 857 with success probability 0.999461
Rep 7: Test x0 = 544
T = 25
Found x0 = 544 with success probability 0.999461
Rep 8: Test x0 = 847
T = 25
Found x0 = 847 with success probability 0.999461
Rep 9: Test x0 = 423
T = 25
Found x0 = 423 with success probability 0.999461
Rep 10: Test x0 = 623
T = 25
Found x0 = 623 with success probability 0.999461
Duration [ms] = 152, 149, 150, 151, 149, 150, 150, 149, 149, 150
Avg time [ms] = 149, Std deviation = 1
CONFIGURATION: N = 1000, nodes = 2
srun: Warning: can't honor --ntasks-per-node set to 2 which doesn't match the requested tasks 32 with the number of requested nodes 2. Ignoring --ntasks-per-node.
Rep 1: Test x0 = 548
T = 25
Found x0 = 548 with success probability 0.999461
Rep 2: Test x0 = 592
T = 25
Found x0 = 592 with success probability 0.999461
Rep 3: Test x0 = 715
T = 25
Found x0 = 715 with success probability 0.999461
Rep 4: Test x0 = 844
T = 25
Found x0 = 844 with success probability 0.999461
Rep 5: Test x0 = 602
T = 25
Found x0 = 602 with success probability 0.999461
Rep 6: Test x0 = 857
T = 25
Found x0 = 857 with success probability 0.999461
Rep 7: Test x0 = 544
T = 25
Found x0 = 544 with success probability 0.999461
Rep 8: Test x0 = 847
T = 25
Found x0 = 847 with success probability 0.999461
Rep 9: Test x0 = 423
T = 25
Found x0 = 423 with success probability 0.999461
Rep 10: Test x0 = 623
T = 25
Found x0 = 623 with success probability 0.999461
Duration [ms] = 167, 150, 149, 149, 149, 150, 149, 149, 149, 150
Avg time [ms] = 151, Std deviation = 5
CONFIGURATION: N = 1000, nodes = 4
srun: Warning: can't honor --ntasks-per-node set to 2 which doesn't match the requested tasks 32 with the number of requested nodes 4. Ignoring --ntasks-per-node.
Rep 1: Test x0 = 548
T = 25
Found x0 = 548 with success probability 0.999461
Rep 2: Test x0 = 592
T = 25
Found x0 = 592 with success probability 0.999461
Rep 3: Test x0 = 715
T = 25
Found x0 = 715 with success probability 0.999461
Rep 4: Test x0 = 844
T = 25
Found x0 = 844 with success probability 0.999461
Rep 5: Test x0 = 602
T = 25
Found x0 = 602 with success probability 0.999461
Rep 6: Test x0 = 857
T = 25
Found x0 = 857 with success probability 0.999461
Rep 7: Test x0 = 544
T = 25
Found x0 = 544 with success probability 0.999461
Rep 8: Test x0 = 847
T = 25
Found x0 = 847 with success probability 0.999461
Rep 9: Test x0 = 423
T = 25
Found x0 = 423 with success probability 0.999461
Rep 10: Test x0 = 623
T = 25
Found x0 = 623 with success probability 0.999461
Duration [ms] = 558, 131, 133, 131, 133, 132, 133, 135, 138, 132
Avg time [ms] = 175, Std deviation = 127
CONFIGURATION: N = 1000, nodes = 8
srun: Warning: can't honor --ntasks-per-node set to 2 which doesn't match the requested tasks 32 with the number of requested nodes 8. Ignoring --ntasks-per-node.
Rep 1: Test x0 = 548
T = 25
Found x0 = 548 with success probability 0.999461
Rep 2: Test x0 = 592
T = 25
Found x0 = 592 with success probability 0.999461
Rep 3: Test x0 = 715
T = 25
Found x0 = 715 with success probability 0.999461
Rep 4: Test x0 = 844
T = 25
Found x0 = 844 with success probability 0.999461
Rep 5: Test x0 = 602
T = 25
Found x0 = 602 with success probability 0.999461
Rep 6: Test x0 = 857
T = 25
Found x0 = 857 with success probability 0.999461
Rep 7: Test x0 = 544
T = 25
Found x0 = 544 with success probability 0.999461
Rep 8: Test x0 = 847
T = 25
Found x0 = 847 with success probability 0.999461
Rep 9: Test x0 = 423
T = 25
Found x0 = 423 with success probability 0.999461
Rep 10: Test x0 = 623
T = 25
Found x0 = 623 with success probability 0.999461
Duration [ms] = 242, 122, 127, 120, 127, 121, 122, 120, 123, 124
Avg time [ms] = 134, Std deviation = 35
CONFIGURATION: N = 1000, nodes = 16
Rep 1: Test x0 = 548
T = 25
Found x0 = 548 with success probability 0.999461
Rep 2: Test x0 = 592
T = 25
Found x0 = 592 with success probability 0.999461
Rep 3: Test x0 = 715
T = 25
Found x0 = 715 with success probability 0.999461
Rep 4: Test x0 = 844
T = 25
Found x0 = 844 with success probability 0.999461
Rep 5: Test x0 = 602
T = 25
Found x0 = 602 with success probability 0.999461
Rep 6: Test x0 = 857
T = 25
Found x0 = 857 with success probability 0.999461
Rep 7: Test x0 = 544
T = 25
Found x0 = 544 with success probability 0.999461
Rep 8: Test x0 = 847
T = 25
Found x0 = 847 with success probability 0.999461
Rep 9: Test x0 = 423
T = 25
Found x0 = 423 with success probability 0.999461
Rep 10: Test x0 = 623
T = 25
Found x0 = 623 with success probability 0.999461
Duration [ms] = 37, 26, 24, 18, 14, 15, 19, 16, 19, 17
Avg time [ms] = 20, Std deviation = 6

================================

CONFIGURATION: N = 5000, nodes = 1
srun: Warning: can't honor --ntasks-per-node set to 2 which doesn't match the requested tasks 32 with the number of requested nodes 1. Ignoring --ntasks-per-node.
Rep 1: Test x0 = 2744
T = 71
Found x0 = 2744 with success probability 0.999916
Rep 2: Test x0 = 2964
T = 71
Found x0 = 2964 with success probability 0.999916
Rep 3: Test x0 = 3575
T = 71
Found x0 = 3575 with success probability 0.999916
Rep 4: Test x0 = 4221
T = 71
Found x0 = 4221 with success probability 0.999916
Rep 5: Test x0 = 3013
T = 71
Found x0 = 3013 with success probability 0.999916
Rep 6: Test x0 = 4289
T = 71
Found x0 = 4289 with success probability 0.999916
Rep 7: Test x0 = 2724
T = 71
Found x0 = 2724 with success probability 0.999916
Rep 8: Test x0 = 4236
T = 71
Found x0 = 4236 with success probability 0.999916
Rep 9: Test x0 = 2118
T = 71
Found x0 = 2118 with success probability 0.999916
Rep 10: Test x0 = 3117
T = 71
Found x0 = 3117 with success probability 0.999916
Duration [ms] = 545, 540, 540, 541, 544, 543, 543, 544, 543, 542
Avg time [ms] = 542, Std deviation = 1
CONFIGURATION: N = 5000, nodes = 2
srun: Warning: can't honor --ntasks-per-node set to 2 which doesn't match the requested tasks 32 with the number of requested nodes 2. Ignoring --ntasks-per-node.
Rep 1: Test x0 = 2744
T = 71
Found x0 = 2744 with success probability 0.999916
Rep 2: Test x0 = 2964
T = 71
Found x0 = 2964 with success probability 0.999916
Rep 3: Test x0 = 3575
T = 71
Found x0 = 3575 with success probability 0.999916
Rep 4: Test x0 = 4221
T = 71
Found x0 = 4221 with success probability 0.999916
Rep 5: Test x0 = 3013
T = 71
Found x0 = 3013 with success probability 0.999916
Rep 6: Test x0 = 4289
T = 71
Found x0 = 4289 with success probability 0.999916
Rep 7: Test x0 = 2724
T = 71
Found x0 = 2724 with success probability 0.999916
Rep 8: Test x0 = 4236
T = 71
Found x0 = 4236 with success probability 0.999916
Rep 9: Test x0 = 2118
T = 71
Found x0 = 2118 with success probability 0.999916
Rep 10: Test x0 = 3117
T = 71
Found x0 = 3117 with success probability 0.999916
Duration [ms] = 583, 558, 579, 556, 563, 572, 549, 545, 543, 546
Avg time [ms] = 559, Std deviation = 13
CONFIGURATION: N = 5000, nodes = 4
srun: Warning: can't honor --ntasks-per-node set to 2 which doesn't match the requested tasks 32 with the number of requested nodes 4. Ignoring --ntasks-per-node.
Rep 1: Test x0 = 2744
T = 71
Found x0 = 2744 with success probability 0.999916
Rep 2: Test x0 = 2964
T = 71
Found x0 = 2964 with success probability 0.999916
Rep 3: Test x0 = 3575
T = 71
Found x0 = 3575 with success probability 0.999916
Rep 4: Test x0 = 4221
T = 71
Found x0 = 4221 with success probability 0.999916
Rep 5: Test x0 = 3013
T = 71
Found x0 = 3013 with success probability 0.999916
Rep 6: Test x0 = 4289
T = 71
Found x0 = 4289 with success probability 0.999916
Rep 7: Test x0 = 2724
T = 71
Found x0 = 2724 with success probability 0.999916
Rep 8: Test x0 = 4236
T = 71
Found x0 = 4236 with success probability 0.999916
Rep 9: Test x0 = 2118
T = 71
Found x0 = 2118 with success probability 0.999916
Rep 10: Test x0 = 3117
T = 71
Found x0 = 3117 with success probability 0.999916
Duration [ms] = 507, 484, 478, 474, 507, 492, 480, 478, 477, 484
Avg time [ms] = 486, Std deviation = 11
CONFIGURATION: N = 5000, nodes = 8
srun: Warning: can't honor --ntasks-per-node set to 2 which doesn't match the requested tasks 32 with the number of requested nodes 8. Ignoring --ntasks-per-node.
Rep 1: Test x0 = 2744
T = 71
Found x0 = 2744 with success probability 0.999916
Rep 2: Test x0 = 2964
T = 71
Found x0 = 2964 with success probability 0.999916
Rep 3: Test x0 = 3575
T = 71
Found x0 = 3575 with success probability 0.999916
Rep 4: Test x0 = 4221
T = 71
Found x0 = 4221 with success probability 0.999916
Rep 5: Test x0 = 3013
T = 71
Found x0 = 3013 with success probability 0.999916
Rep 6: Test x0 = 4289
T = 71
Found x0 = 4289 with success probability 0.999916
Rep 7: Test x0 = 2724
T = 71
Found x0 = 2724 with success probability 0.999916
Rep 8: Test x0 = 4236
T = 71
Found x0 = 4236 with success probability 0.999916
Rep 9: Test x0 = 2118
T = 71
Found x0 = 2118 with success probability 0.999916
Rep 10: Test x0 = 3117
T = 71
Found x0 = 3117 with success probability 0.999916
Duration [ms] = 459, 442, 445, 439, 441, 437, 455, 455, 468, 438
Avg time [ms] = 447, Std deviation = 10
CONFIGURATION: N = 5000, nodes = 16
Rep 1: Test x0 = 2744
T = 71
Found x0 = 2744 with success probability 0.999916
Rep 2: Test x0 = 2964
T = 71
Found x0 = 2964 with success probability 0.999916
Rep 3: Test x0 = 3575
T = 71
Found x0 = 3575 with success probability 0.999916
Rep 4: Test x0 = 4221
T = 71
Found x0 = 4221 with success probability 0.999916
Rep 5: Test x0 = 3013
T = 71
Found x0 = 3013 with success probability 0.999916
Rep 6: Test x0 = 4289
T = 71
Found x0 = 4289 with success probability 0.999916
Rep 7: Test x0 = 2724
T = 71
Found x0 = 2724 with success probability 0.999916
Rep 8: Test x0 = 4236
T = 71
Found x0 = 4236 with success probability 0.999916
Rep 9: Test x0 = 2118
T = 71
Found x0 = 2118 with success probability 0.999916
Rep 10: Test x0 = 3117
T = 71
Found x0 = 3117 with success probability 0.999916
Duration [ms] = 171, 84, 73, 59, 68, 65, 66, 92, 64, 71
Avg time [ms] = 81, Std deviation = 31

================================

CONFIGURATION: N = 10000, nodes = 1
srun: Warning: can't honor --ntasks-per-node set to 2 which doesn't match the requested tasks 32 with the number of requested nodes 1. Ignoring --ntasks-per-node.
Rep 1: Test x0 = 5488
T = 100
Found x0 = 5488 with success probability 1
Rep 2: Test x0 = 5928
T = 100
Found x0 = 5928 with success probability 1
Rep 3: Test x0 = 7151
T = 100
Found x0 = 7151 with success probability 1
Rep 4: Test x0 = 8442
T = 100
Found x0 = 8442 with success probability 1
Rep 5: Test x0 = 6027
T = 100
Found x0 = 6027 with success probability 1
Rep 6: Test x0 = 8579
T = 100
Found x0 = 8579 with success probability 1
Rep 7: Test x0 = 5448
T = 100
Found x0 = 5448 with success probability 1
Rep 8: Test x0 = 8472
T = 100
Found x0 = 8472 with success probability 1
Rep 9: Test x0 = 4236
T = 100
Found x0 = 4236 with success probability 1
Rep 10: Test x0 = 6235
T = 100
Found x0 = 6235 with success probability 1
Duration [ms] = 831, 824, 825, 826, 825, 826, 825, 825, 825, 825
Avg time [ms] = 825, Std deviation = 1
CONFIGURATION: N = 10000, nodes = 2
srun: Warning: can't honor --ntasks-per-node set to 2 which doesn't match the requested tasks 32 with the number of requested nodes 2. Ignoring --ntasks-per-node.
Rep 1: Test x0 = 5488
T = 100
Found x0 = 5488 with success probability 1
Rep 2: Test x0 = 5928
T = 100
Found x0 = 5928 with success probability 1
Rep 3: Test x0 = 7151
T = 100
Found x0 = 7151 with success probability 1
Rep 4: Test x0 = 8442
T = 100
Found x0 = 8442 with success probability 1
Rep 5: Test x0 = 6027
T = 100
Found x0 = 6027 with success probability 1
Rep 6: Test x0 = 8579
T = 100
Found x0 = 8579 with success probability 1
Rep 7: Test x0 = 5448
T = 100
Found x0 = 5448 with success probability 1
Rep 8: Test x0 = 8472
T = 100
Found x0 = 8472 with success probability 1
Rep 9: Test x0 = 4236
T = 100
Found x0 = 4236 with success probability 1
Rep 10: Test x0 = 6235
T = 100
Found x0 = 6235 with success probability 1
Duration [ms] = 845, 834, 857, 835, 836, 837, 842, 837, 838, 845
Avg time [ms] = 840, Std deviation = 6
CONFIGURATION: N = 10000, nodes = 4
srun: Warning: can't honor --ntasks-per-node set to 2 which doesn't match the requested tasks 32 with the number of requested nodes 4. Ignoring --ntasks-per-node.
Rep 1: Test x0 = 5488
T = 100
Found x0 = 5488 with success probability 1
Rep 2: Test x0 = 5928
T = 100
Found x0 = 5928 with success probability 1
Rep 3: Test x0 = 7151
T = 100
Found x0 = 7151 with success probability 1
Rep 4: Test x0 = 8442
T = 100
Found x0 = 8442 with success probability 1
Rep 5: Test x0 = 6027
T = 100
Found x0 = 6027 with success probability 1
Rep 6: Test x0 = 8579
T = 100
Found x0 = 8579 with success probability 1
Rep 7: Test x0 = 5448
T = 100
Found x0 = 5448 with success probability 1
Rep 8: Test x0 = 8472
T = 100
Found x0 = 8472 with success probability 1
Rep 9: Test x0 = 4236
T = 100
Found x0 = 4236 with success probability 1
Rep 10: Test x0 = 6235
T = 100
Found x0 = 6235 with success probability 1
Duration [ms] = 764, 770, 739, 731, 737, 737, 748, 757, 739, 755
Avg time [ms] = 747, Std deviation = 12
CONFIGURATION: N = 10000, nodes = 8
srun: Warning: can't honor --ntasks-per-node set to 2 which doesn't match the requested tasks 32 with the number of requested nodes 8. Ignoring --ntasks-per-node.
Rep 1: Test x0 = 5488
T = 100
Found x0 = 5488 with success probability 1
Rep 2: Test x0 = 5928
T = 100
Found x0 = 5928 with success probability 1
Rep 3: Test x0 = 7151
T = 100
Found x0 = 7151 with success probability 1
Rep 4: Test x0 = 8442
T = 100
Found x0 = 8442 with success probability 1
Rep 5: Test x0 = 6027
T = 100
Found x0 = 6027 with success probability 1
Rep 6: Test x0 = 8579
T = 100
Found x0 = 8579 with success probability 1
Rep 7: Test x0 = 5448
T = 100
Found x0 = 5448 with success probability 1
Rep 8: Test x0 = 8472
T = 100
Found x0 = 8472 with success probability 1
Rep 9: Test x0 = 4236
T = 100
Found x0 = 4236 with success probability 1
Rep 10: Test x0 = 6235
T = 100
Found x0 = 6235 with success probability 1
Duration [ms] = 686, 682, 681, 704, 695, 684, 700, 699, 685, 675
Avg time [ms] = 689, Std deviation = 9
CONFIGURATION: N = 10000, nodes = 16
Rep 1: Test x0 = 5488
T = 100
Found x0 = 5488 with success probability 1
Rep 2: Test x0 = 5928
T = 100
Found x0 = 5928 with success probability 1
Rep 3: Test x0 = 7151
T = 100
Found x0 = 7151 with success probability 1
Rep 4: Test x0 = 8442
T = 100
Found x0 = 8442 with success probability 1
Rep 5: Test x0 = 6027
T = 100
Found x0 = 6027 with success probability 1
Rep 6: Test x0 = 8579
T = 100
Found x0 = 8579 with success probability 1
Rep 7: Test x0 = 5448
T = 100
Found x0 = 5448 with success probability 1
Rep 8: Test x0 = 8472
T = 100
Found x0 = 8472 with success probability 1
Rep 9: Test x0 = 4236
T = 100
Found x0 = 4236 with success probability 1
Rep 10: Test x0 = 6235
T = 100
Found x0 = 6235 with success probability 1
Duration [ms] = 175, 139, 141, 131, 140, 154, 245, 119, 205, 169
Avg time [ms] = 161, Std deviation = 36

================================

CONFIGURATION: N = 30000, nodes = 1
srun: Warning: can't honor --ntasks-per-node set to 2 which doesn't match the requested tasks 32 with the number of requested nodes 1. Ignoring --ntasks-per-node.
Rep 1: Test x0 = 16464
T = 142
Found x0 = 16464 with success probability 0.999987
Rep 2: Test x0 = 17785
T = 142
Found x0 = 17785 with success probability 0.999987
Rep 3: Test x0 = 21455
T = 142
Found x0 = 21455 with success probability 0.999987
Rep 4: Test x0 = 25328
T = 142
Found x0 = 25328 with success probability 0.999987
Rep 5: Test x0 = 18082
T = 142
Found x0 = 18082 with success probability 0.999987
Rep 6: Test x0 = 25738
T = 142
Found x0 = 25738 with success probability 0.999987
Rep 7: Test x0 = 16346
T = 142
Found x0 = 16346 with success probability 0.999987
Rep 8: Test x0 = 25417
T = 142
Found x0 = 25417 with success probability 0.999987
Rep 9: Test x0 = 12709
T = 142
Found x0 = 12709 with success probability 0.999987
Rep 10: Test x0 = 18706
T = 142
Found x0 = 18706 with success probability 0.999987
Duration [ms] = 1280, 1280, 1278, 1280, 1277, 1278, 1279, 1279, 1279, 1282
Avg time [ms] = 1279, Std deviation = 1
CONFIGURATION: N = 30000, nodes = 2
srun: Warning: can't honor --ntasks-per-node set to 2 which doesn't match the requested tasks 32 with the number of requested nodes 2. Ignoring --ntasks-per-node.
Rep 1: Test x0 = 16464
T = 142
Found x0 = 16464 with success probability 0.999987
Rep 2: Test x0 = 17785
T = 142
Found x0 = 17785 with success probability 0.999987
Rep 3: Test x0 = 21455
T = 142
Found x0 = 21455 with success probability 0.999987
Rep 4: Test x0 = 25328
T = 142
Found x0 = 25328 with success probability 0.999987
Rep 5: Test x0 = 18082
T = 142
Found x0 = 18082 with success probability 0.999987
Rep 6: Test x0 = 25738
T = 142
Found x0 = 25738 with success probability 0.999987
Rep 7: Test x0 = 16346
T = 142
Found x0 = 16346 with success probability 0.999987
Rep 8: Test x0 = 25417
T = 142
Found x0 = 25417 with success probability 0.999987
Rep 9: Test x0 = 12709
T = 142
Found x0 = 12709 with success probability 0.999987
Rep 10: Test x0 = 18706
T = 142
Found x0 = 18706 with success probability 0.999987
Duration [ms] = 1320, 1297, 1323, 1301, 1327, 1308, 1301, 1320, 1320, 1298
Avg time [ms] = 1311, Std deviation = 11
CONFIGURATION: N = 30000, nodes = 4
srun: Warning: can't honor --ntasks-per-node set to 2 which doesn't match the requested tasks 32 with the number of requested nodes 4. Ignoring --ntasks-per-node.
Rep 1: Test x0 = 16464
T = 142
Found x0 = 16464 with success probability 0.999987
Rep 2: Test x0 = 17785
T = 142
Found x0 = 17785 with success probability 0.999987
Rep 3: Test x0 = 21455
T = 142
Found x0 = 21455 with success probability 0.999987
Rep 4: Test x0 = 25328
T = 142
Found x0 = 25328 with success probability 0.999987
Rep 5: Test x0 = 18082
T = 142
Found x0 = 18082 with success probability 0.999987
Rep 6: Test x0 = 25738
T = 142
Found x0 = 25738 with success probability 0.999987
Rep 7: Test x0 = 16346
T = 142
Found x0 = 16346 with success probability 0.999987
Rep 8: Test x0 = 25417
T = 142
Found x0 = 25417 with success probability 0.999987
Rep 9: Test x0 = 12709
T = 142
Found x0 = 12709 with success probability 0.999987
Rep 10: Test x0 = 18706
T = 142
Found x0 = 18706 with success probability 0.999987
Duration [ms] = 1194, 1181, 1174, 1181, 1247, 1165, 1192, 1151, 1152, 1152
Avg time [ms] = 1178, Std deviation = 27
CONFIGURATION: N = 30000, nodes = 8
srun: Warning: can't honor --ntasks-per-node set to 2 which doesn't match the requested tasks 32 with the number of requested nodes 8. Ignoring --ntasks-per-node.
Rep 1: Test x0 = 16464
T = 142
Found x0 = 16464 with success probability 0.999987
Rep 2: Test x0 = 17785
T = 142
Found x0 = 17785 with success probability 0.999987
Rep 3: Test x0 = 21455
T = 142
Found x0 = 21455 with success probability 0.999987
Rep 4: Test x0 = 25328
T = 142
Found x0 = 25328 with success probability 0.999987
Rep 5: Test x0 = 18082
T = 142
Found x0 = 18082 with success probability 0.999987
Rep 6: Test x0 = 25738
T = 142
Found x0 = 25738 with success probability 0.999987
Rep 7: Test x0 = 16346
T = 142
Found x0 = 16346 with success probability 0.999987
Rep 8: Test x0 = 25417
T = 142
Found x0 = 25417 with success probability 0.999987
Rep 9: Test x0 = 12709
T = 142
Found x0 = 12709 with success probability 0.999987
Rep 10: Test x0 = 18706
T = 142
Found x0 = 18706 with success probability 0.999987
Duration [ms] = 1152, 1081, 1106, 1129, 1102, 1092, 1068, 1099, 1081, 1104
Avg time [ms] = 1101, Std deviation = 23
CONFIGURATION: N = 30000, nodes = 16
Rep 1: Test x0 = 16464
T = 142
Found x0 = 16464 with success probability 0.999987
Rep 2: Test x0 = 17785
T = 142
Found x0 = 17785 with success probability 0.999987
Rep 3: Test x0 = 21455
T = 142
Found x0 = 21455 with success probability 0.999987
Rep 4: Test x0 = 25328
T = 142
Found x0 = 25328 with success probability 0.999987
Rep 5: Test x0 = 18082
T = 142
Found x0 = 18082 with success probability 0.999987
Rep 6: Test x0 = 25738
T = 142
Found x0 = 25738 with success probability 0.999987
Rep 7: Test x0 = 16346
T = 142
Found x0 = 16346 with success probability 0.999987
Rep 8: Test x0 = 25417
T = 142
Found x0 = 25417 with success probability 0.999987
Rep 9: Test x0 = 12709
T = 142
Found x0 = 12709 with success probability 0.999987
Rep 10: Test x0 = 18706
T = 142
Found x0 = 18706 with success probability 0.999987
Duration [ms] = 298, 326, 347, 262, 290, 236, 350, 472, 307, 285
Avg time [ms] = 317, Std deviation = 61

================================

CONFIGURATION: N = 60000, nodes = 1
srun: Warning: can't honor --ntasks-per-node set to 2 which doesn't match the requested tasks 32 with the number of requested nodes 1. Ignoring --ntasks-per-node.
Rep 1: Test x0 = 32929
T = 201
Found x0 = 32929 with success probability 0.999988
Rep 2: Test x0 = 35571
T = 201
Found x0 = 35571 with success probability 0.999988
Rep 3: Test x0 = 42911
T = 201
Found x0 = 42911 with success probability 0.999988
Rep 4: Test x0 = 50656
T = 201
Found x0 = 50656 with success probability 0.999988
Rep 5: Test x0 = 36166
T = 201
Found x0 = 36166 with success probability 0.999988
Rep 6: Test x0 = 51477
T = 201
Found x0 = 51477 with success probability 0.999988
Rep 7: Test x0 = 32693
T = 201
Found x0 = 32693 with success probability 0.999988
Rep 8: Test x0 = 50835
T = 201
Found x0 = 50835 with success probability 0.999988
Rep 9: Test x0 = 25419
T = 201
Found x0 = 25419 with success probability 0.999988
Rep 10: Test x0 = 37414
T = 201
Found x0 = 37414 with success probability 0.999988
Duration [ms] = 1989, 2143, 2060, 2039, 2076, 1985, 2027, 1985, 1987, 1986
Avg time [ms] = 2027, Std deviation = 50
CONFIGURATION: N = 60000, nodes = 2
srun: Warning: can't honor --ntasks-per-node set to 2 which doesn't match the requested tasks 32 with the number of requested nodes 2. Ignoring --ntasks-per-node.
Rep 1: Test x0 = 32929
T = 201
Found x0 = 32929 with success probability 0.999988
Rep 2: Test x0 = 35571
T = 201
Found x0 = 35571 with success probability 0.999988
Rep 3: Test x0 = 42911
T = 201
Found x0 = 42911 with success probability 0.999988
Rep 4: Test x0 = 50656
T = 201
Found x0 = 50656 with success probability 0.999988
Rep 5: Test x0 = 36166
T = 201
Found x0 = 36166 with success probability 0.999988
Rep 6: Test x0 = 51477
T = 201
Found x0 = 51477 with success probability 0.999988
Rep 7: Test x0 = 32693
T = 201
Found x0 = 32693 with success probability 0.999988
Rep 8: Test x0 = 50835
T = 201
Found x0 = 50835 with success probability 0.999988
Rep 9: Test x0 = 25419
T = 201
Found x0 = 25419 with success probability 0.999988
Rep 10: Test x0 = 37414
T = 201
Found x0 = 37414 with success probability 0.999988
Duration [ms] = 2128, 2056, 2153, 2081, 2092, 2083, 2056, 2091, 2079, 2064
Avg time [ms] = 2088, Std deviation = 29
CONFIGURATION: N = 60000, nodes = 4
srun: Warning: can't honor --ntasks-per-node set to 2 which doesn't match the requested tasks 32 with the number of requested nodes 4. Ignoring --ntasks-per-node.
Rep 1: Test x0 = 32929
T = 201
Found x0 = 32929 with success probability 0.999988
Rep 2: Test x0 = 35571
T = 201
Found x0 = 35571 with success probability 0.999988
Rep 3: Test x0 = 42911
T = 201
Found x0 = 42911 with success probability 0.999988
Rep 4: Test x0 = 50656
T = 201
Found x0 = 50656 with success probability 0.999988
Rep 5: Test x0 = 36166
T = 201
Found x0 = 36166 with success probability 0.999988
Rep 6: Test x0 = 51477
T = 201
Found x0 = 51477 with success probability 0.999988
Rep 7: Test x0 = 32693
T = 201
Found x0 = 32693 with success probability 0.999988
Rep 8: Test x0 = 50835
T = 201
Found x0 = 50835 with success probability 0.999988
Rep 9: Test x0 = 25419
T = 201
Found x0 = 25419 with success probability 0.999988
Rep 10: Test x0 = 37414
T = 201
Found x0 = 37414 with success probability 0.999988
Duration [ms] = 1882, 1861, 1860, 1852, 1839, 1898, 1810, 1870, 1887, 1891
Avg time [ms] = 1865, Std deviation = 25
CONFIGURATION: N = 60000, nodes = 8
srun: Warning: can't honor --ntasks-per-node set to 2 which doesn't match the requested tasks 32 with the number of requested nodes 8. Ignoring --ntasks-per-node.
Rep 1: Test x0 = 32929
T = 201
Found x0 = 32929 with success probability 0.999988
Rep 2: Test x0 = 35571
T = 201
Found x0 = 35571 with success probability 0.999988
Rep 3: Test x0 = 42911
T = 201
Found x0 = 42911 with success probability 0.999988
Rep 4: Test x0 = 50656
T = 201
Found x0 = 50656 with success probability 0.999988
Rep 5: Test x0 = 36166
T = 201
Found x0 = 36166 with success probability 0.999988
Rep 6: Test x0 = 51477
T = 201
Found x0 = 51477 with success probability 0.999988
Rep 7: Test x0 = 32693
T = 201
Found x0 = 32693 with success probability 0.999988
Rep 8: Test x0 = 50835
T = 201
Found x0 = 50835 with success probability 0.999988
Rep 9: Test x0 = 25419
T = 201
Found x0 = 25419 with success probability 0.999988
Rep 10: Test x0 = 37414
T = 201
Found x0 = 37414 with success probability 0.999988
Duration [ms] = 1779, 1720, 1794, 1750, 1778, 1689, 1779, 1901, 1734, 1768
Avg time [ms] = 1769, Std deviation = 53
CONFIGURATION: N = 60000, nodes = 16
Rep 1: Test x0 = 32929
T = 201
Found x0 = 32929 with success probability 0.999988
Rep 2: Test x0 = 35571
T = 201
Found x0 = 35571 with success probability 0.999988
Rep 3: Test x0 = 42911
T = 201
Found x0 = 42911 with success probability 0.999988
Rep 4: Test x0 = 50656
T = 201
Found x0 = 50656 with success probability 0.999988
Rep 5: Test x0 = 36166
T = 201
Found x0 = 36166 with success probability 0.999988
Rep 6: Test x0 = 51477
T = 201
Found x0 = 51477 with success probability 0.999988
Rep 7: Test x0 = 32693
T = 201
Found x0 = 32693 with success probability 0.999988
Rep 8: Test x0 = 50835
T = 201
Found x0 = 50835 with success probability 0.999988
Rep 9: Test x0 = 25419
T = 201
Found x0 = 25419 with success probability 0.999988
Rep 10: Test x0 = 37414
T = 201
Found x0 = 37414 with success probability 0.999988
Duration [ms] = 622, 498, 620, 540, 499, 645, 600, 676, 671, 480
Avg time [ms] = 585, Std deviation = 70

================================

CONFIGURATION: N = 100000, nodes = 1
srun: Warning: can't honor --ntasks-per-node set to 2 which doesn't match the requested tasks 32 with the number of requested nodes 1. Ignoring --ntasks-per-node.
Rep 1: Test x0 = 54882
T = 284
Found x0 = 54882 with success probability 0.999999
Rep 2: Test x0 = 59285
T = 284
Found x0 = 59285 with success probability 0.999999
Rep 3: Test x0 = 71520
T = 284
Found x0 = 71520 with success probability 0.999999
Rep 4: Test x0 = 84427
T = 284
Found x0 = 84427 with success probability 0.999999
Rep 5: Test x0 = 60277
T = 284
Found x0 = 60277 with success probability 0.999999
Rep 6: Test x0 = 85795
T = 284
Found x0 = 85795 with success probability 0.999999
Rep 7: Test x0 = 54489
T = 284
Found x0 = 54489 with success probability 0.999999
Rep 8: Test x0 = 84726
T = 284
Found x0 = 84726 with success probability 0.999999
Rep 9: Test x0 = 42366
T = 284
Found x0 = 42366 with success probability 0.999999
Rep 10: Test x0 = 62357
T = 284
Found x0 = 62357 with success probability 0.999999
Duration [ms] = 3184, 3179, 3182, 3179, 3182, 3182, 3181, 3187, 3179, 3266
Avg time [ms] = 3190, Std deviation = 25
CONFIGURATION: N = 100000, nodes = 2
srun: Warning: can't honor --ntasks-per-node set to 2 which doesn't match the requested tasks 32 with the number of requested nodes 2. Ignoring --ntasks-per-node.
Rep 1: Test x0 = 54882
T = 284
Found x0 = 54882 with success probability 0.999999
Rep 2: Test x0 = 59285
T = 284
Found x0 = 59285 with success probability 0.999999
Rep 3: Test x0 = 71520
T = 284
Found x0 = 71520 with success probability 0.999999
Rep 4: Test x0 = 84427
T = 284
Found x0 = 84427 with success probability 0.999999
Rep 5: Test x0 = 60277
T = 284
Found x0 = 60277 with success probability 0.999999
Rep 6: Test x0 = 85795
T = 284
Found x0 = 85795 with success probability 0.999999
Rep 7: Test x0 = 54489
T = 284
Found x0 = 54489 with success probability 0.999999
Rep 8: Test x0 = 84726
T = 284
Found x0 = 84726 with success probability 0.999999
Rep 9: Test x0 = 42366
T = 284
Found x0 = 42366 with success probability 0.999999
Rep 10: Test x0 = 62357
T = 284
Found x0 = 62357 with success probability 0.999999
Duration [ms] = 3501, 3421, 3385, 3406, 3407, 3376, 3430, 3392, 3413, 3378
Avg time [ms] = 3410, Std deviation = 34
CONFIGURATION: N = 100000, nodes = 4
srun: Warning: can't honor --ntasks-per-node set to 2 which doesn't match the requested tasks 32 with the number of requested nodes 4. Ignoring --ntasks-per-node.
Rep 1: Test x0 = 54882
T = 284
Found x0 = 54882 with success probability 0.999999
Rep 2: Test x0 = 59285
T = 284
Found x0 = 59285 with success probability 0.999999
Rep 3: Test x0 = 71520
T = 284
Found x0 = 71520 with success probability 0.999999
Rep 4: Test x0 = 84427
T = 284
Found x0 = 84427 with success probability 0.999999
Rep 5: Test x0 = 60277
T = 284
Found x0 = 60277 with success probability 0.999999
Rep 6: Test x0 = 85795
T = 284
Found x0 = 85795 with success probability 0.999999
Rep 7: Test x0 = 54489
T = 284
Found x0 = 54489 with success probability 0.999999
Rep 8: Test x0 = 84726
T = 284
Found x0 = 84726 with success probability 0.999999
Rep 9: Test x0 = 42366
T = 284
Found x0 = 42366 with success probability 0.999999
Rep 10: Test x0 = 62357
T = 284
Found x0 = 62357 with success probability 0.999999
Duration [ms] = 3033, 2937, 3025, 2949, 2986, 2986, 3027, 2997, 3132, 2967
Avg time [ms] = 3003, Std deviation = 52
CONFIGURATION: N = 100000, nodes = 8
srun: Warning: can't honor --ntasks-per-node set to 2 which doesn't match the requested tasks 32 with the number of requested nodes 8. Ignoring --ntasks-per-node.
Rep 1: Test x0 = 54882
T = 284
Found x0 = 54882 with success probability 0.999999
Rep 2: Test x0 = 59285
T = 284
Found x0 = 59285 with success probability 0.999999
Rep 3: Test x0 = 71520
T = 284
Found x0 = 71520 with success probability 0.999999
Rep 4: Test x0 = 84427
T = 284
Found x0 = 84427 with success probability 0.999999
Rep 5: Test x0 = 60277
T = 284
Found x0 = 60277 with success probability 0.999999
Rep 6: Test x0 = 85795
T = 284
Found x0 = 85795 with success probability 0.999999
Rep 7: Test x0 = 54489
T = 284
Found x0 = 54489 with success probability 0.999999
Rep 8: Test x0 = 84726
T = 284
Found x0 = 84726 with success probability 0.999999
Rep 9: Test x0 = 42366
T = 284
Found x0 = 42366 with success probability 0.999999
Rep 10: Test x0 = 62357
T = 284
Found x0 = 62357 with success probability 0.999999
Duration [ms] = 2858, 2780, 2807, 2824, 2782, 2710, 2809, 2839, 2801, 2817
Avg time [ms] = 2802, Std deviation = 38
CONFIGURATION: N = 100000, nodes = 16
Rep 1: Test x0 = 54882
T = 284
Found x0 = 54882 with success probability 0.999999
Rep 2: Test x0 = 59285
T = 284
Found x0 = 59285 with success probability 0.999999
Rep 3: Test x0 = 71520
T = 284
Found x0 = 71520 with success probability 0.999999
Rep 4: Test x0 = 84427
T = 284
Found x0 = 84427 with success probability 0.999999
Rep 5: Test x0 = 60277
T = 284
Found x0 = 60277 with success probability 0.999999
Rep 6: Test x0 = 85795
T = 284
Found x0 = 85795 with success probability 0.999999
Rep 7: Test x0 = 54489
T = 284
Found x0 = 54489 with success probability 0.999999
Rep 8: Test x0 = 84726
T = 284
Found x0 = 84726 with success probability 0.999999
Rep 9: Test x0 = 42366
T = 284
Found x0 = 42366 with success probability 0.999999
Rep 10: Test x0 = 62357
T = 284
Found x0 = 62357 with success probability 0.999999
Duration [ms] = 927, 955, 961, 1012, 1108, 917, 989, 1078, 872, 987
Avg time [ms] = 980, Std deviation = 68

================================

CONFIGURATION: N = 200000, nodes = 1
srun: Warning: can't honor --ntasks-per-node set to 2 which doesn't match the requested tasks 32 with the number of requested nodes 1. Ignoring --ntasks-per-node.
Rep 1: Test x0 = 109766
T = 402
Found x0 = 109766 with success probability 0.999998
Rep 2: Test x0 = 118573
T = 402
Found x0 = 118573 with success probability 0.999998
Rep 3: Test x0 = 143043
T = 402
Found x0 = 143043 with success probability 0.999998
Rep 4: Test x0 = 168859
T = 402
Found x0 = 168859 with success probability 0.999998
Rep 5: Test x0 = 120557
T = 402
Found x0 = 120557 with success probability 0.999998
Rep 6: Test x0 = 171595
T = 402
Found x0 = 171595 with success probability 0.999998
Rep 7: Test x0 = 108980
T = 402
Found x0 = 108980 with success probability 0.999998
Rep 8: Test x0 = 169456
T = 402
Found x0 = 169456 with success probability 0.999998
Rep 9: Test x0 = 84734
T = 402
Found x0 = 84734 with success probability 0.999998
Rep 10: Test x0 = 124717
T = 402
Found x0 = 124717 with success probability 0.999998
Duration [ms] = 5402, 5393, 5397, 5395, 5404, 5399, 5402, 5394, 5396, 5395
Avg time [ms] = 5397, Std deviation = 3
CONFIGURATION: N = 200000, nodes = 2
srun: Warning: can't honor --ntasks-per-node set to 2 which doesn't match the requested tasks 32 with the number of requested nodes 2. Ignoring --ntasks-per-node.
Rep 1: Test x0 = 109766
T = 402
Found x0 = 109766 with success probability 0.999998
Rep 2: Test x0 = 118573
T = 402
Found x0 = 118573 with success probability 0.999998
Rep 3: Test x0 = 143043
T = 402
Found x0 = 143043 with success probability 0.999998
Rep 4: Test x0 = 168859
T = 402
Found x0 = 168859 with success probability 0.999998
Rep 5: Test x0 = 120557
T = 402
Found x0 = 120557 with success probability 0.999998
Rep 6: Test x0 = 171595
T = 402
Found x0 = 171595 with success probability 0.999998
Rep 7: Test x0 = 108980
T = 402
Found x0 = 108980 with success probability 0.999998
Rep 8: Test x0 = 169456
T = 402
Found x0 = 169456 with success probability 0.999998
Rep 9: Test x0 = 84734
T = 402
Found x0 = 84734 with success probability 0.999998
Rep 10: Test x0 = 124717
T = 402
Found x0 = 124717 with success probability 0.999998
Duration [ms] = 6193, 5927, 6060, 5907, 5906, 5900, 5883, 5872, 5876, 5881
Avg time [ms] = 5940, Std deviation = 98
CONFIGURATION: N = 200000, nodes = 4
srun: Warning: can't honor --ntasks-per-node set to 2 which doesn't match the requested tasks 32 with the number of requested nodes 4. Ignoring --ntasks-per-node.
Rep 1: Test x0 = 109766
T = 402
Found x0 = 109766 with success probability 0.999998
Rep 2: Test x0 = 118573
T = 402
Found x0 = 118573 with success probability 0.999998
Rep 3: Test x0 = 143043
T = 402
Found x0 = 143043 with success probability 0.999998
Rep 4: Test x0 = 168859
T = 402
Found x0 = 168859 with success probability 0.999998
Rep 5: Test x0 = 120557
T = 402
Found x0 = 120557 with success probability 0.999998
Rep 6: Test x0 = 171595
T = 402
Found x0 = 171595 with success probability 0.999998
Rep 7: Test x0 = 108980
T = 402
Found x0 = 108980 with success probability 0.999998
Rep 8: Test x0 = 169456
T = 402
Found x0 = 169456 with success probability 0.999998
Rep 9: Test x0 = 84734
T = 402
Found x0 = 84734 with success probability 0.999998
Rep 10: Test x0 = 124717
T = 402
Found x0 = 124717 with success probability 0.999998
Duration [ms] = 5882, 5332, 5236, 5191, 5211, 5199, 5234, 5197, 5206, 5201
Avg time [ms] = 5288, Std deviation = 201
CONFIGURATION: N = 200000, nodes = 8
srun: Warning: can't honor --ntasks-per-node set to 2 which doesn't match the requested tasks 32 with the number of requested nodes 8. Ignoring --ntasks-per-node.
Rep 1: Test x0 = 109766
T = 402
Found x0 = 109766 with success probability 0.999998
Rep 2: Test x0 = 118573
T = 402
Found x0 = 118573 with success probability 0.999998
Rep 3: Test x0 = 143043
T = 402
Found x0 = 143043 with success probability 0.999998
Rep 4: Test x0 = 168859
T = 402
Found x0 = 168859 with success probability 0.999998
Rep 5: Test x0 = 120557
T = 402
Found x0 = 120557 with success probability 0.999998
Rep 6: Test x0 = 171595
T = 402
Found x0 = 171595 with success probability 0.999998
Rep 7: Test x0 = 108980
T = 402
Found x0 = 108980 with success probability 0.999998
Rep 8: Test x0 = 169456
T = 402
Found x0 = 169456 with success probability 0.999998
Rep 9: Test x0 = 84734
T = 402
Found x0 = 84734 with success probability 0.999998
Rep 10: Test x0 = 124717
T = 402
Found x0 = 124717 with success probability 0.999998
Duration [ms] = 4900, 4829, 4871, 4828, 4920, 4893, 4832, 4877, 4876, 4960
Avg time [ms] = 4878, Std deviation = 40
CONFIGURATION: N = 200000, nodes = 16
Rep 1: Test x0 = 109766
T = 402
Found x0 = 109766 with success probability 0.999998
Rep 2: Test x0 = 118573
T = 402
Found x0 = 118573 with success probability 0.999998
Rep 3: Test x0 = 143043
T = 402
Found x0 = 143043 with success probability 0.999998
Rep 4: Test x0 = 168859
T = 402
Found x0 = 168859 with success probability 0.999998
Rep 5: Test x0 = 120557
T = 402
Found x0 = 120557 with success probability 0.999998
Rep 6: Test x0 = 171595
T = 402
Found x0 = 171595 with success probability 0.999998
Rep 7: Test x0 = 108980
T = 402
Found x0 = 108980 with success probability 0.999998
Rep 8: Test x0 = 169456
T = 402
Found x0 = 169456 with success probability 0.999998
Rep 9: Test x0 = 84734
T = 402
Found x0 = 84734 with success probability 0.999998
Rep 10: Test x0 = 124717
T = 402
Found x0 = 124717 with success probability 0.999998
Duration [ms] = 1982, 1908, 1989, 1661, 1824, 1892, 1745, 1817, 1802, 1751
Avg time [ms] = 1837, Std deviation = 100

================================

CONFIGURATION: N = 400000, nodes = 1
srun: Warning: can't honor --ntasks-per-node set to 2 which doesn't match the requested tasks 32 with the number of requested nodes 1. Ignoring --ntasks-per-node.
Rep 1: Test x0 = 219533
T = 568
Found x0 = 219533 with success probability 1
Rep 2: Test x0 = 237147
T = 568
Found x0 = 237147 with success probability 1
Rep 3: Test x0 = 286086
T = 568
Found x0 = 286086 with success probability 1
Rep 4: Test x0 = 337719
T = 568
Found x0 = 337719 with success probability 1
Rep 5: Test x0 = 241114
T = 568
Found x0 = 241114 with success probability 1
Rep 6: Test x0 = 343191
T = 568
Found x0 = 343191 with success probability 1
Rep 7: Test x0 = 217961
T = 568
Found x0 = 217961 with success probability 1
Rep 8: Test x0 = 338913
T = 568
Found x0 = 338913 with success probability 1
Rep 9: Test x0 = 169468
T = 568
Found x0 = 169468 with success probability 1
Rep 10: Test x0 = 249435
T = 568
Found x0 = 249435 with success probability 1
Duration [ms] = 10133, 10172, 10264, 10164, 10166, 10256, 10170, 10166, 10188, 10175
Avg time [ms] = 10185, Std deviation = 39
CONFIGURATION: N = 400000, nodes = 2
srun: Warning: can't honor --ntasks-per-node set to 2 which doesn't match the requested tasks 32 with the number of requested nodes 2. Ignoring --ntasks-per-node.
Rep 1: Test x0 = 219533
T = 568
Found x0 = 219533 with success probability 1
Rep 2: Test x0 = 237147
T = 568
Found x0 = 237147 with success probability 1
Rep 3: Test x0 = 286086
T = 568
Found x0 = 286086 with success probability 1
Rep 4: Test x0 = 337719
T = 568
Found x0 = 337719 with success probability 1
Rep 5: Test x0 = 241114
T = 568
Found x0 = 241114 with success probability 1
Rep 6: Test x0 = 343191
T = 568
Found x0 = 343191 with success probability 1
Rep 7: Test x0 = 217961
T = 568
Found x0 = 217961 with success probability 1
Rep 8: Test x0 = 338913
T = 568
Found x0 = 338913 with success probability 1
Rep 9: Test x0 = 169468
T = 568
Found x0 = 169468 with success probability 1
Rep 10: Test x0 = 249435
T = 568
Found x0 = 249435 with success probability 1
Duration [ms] = 11356, 11394, 11405, 11417, 11406, 11402, 11364, 11441, 11439, 11396
Avg time [ms] = 11402, Std deviation = 26
CONFIGURATION: N = 400000, nodes = 4
srun: Warning: can't honor --ntasks-per-node set to 2 which doesn't match the requested tasks 32 with the number of requested nodes 4. Ignoring --ntasks-per-node.
Rep 1: Test x0 = 219533
T = 568
Found x0 = 219533 with success probability 1
Rep 2: Test x0 = 237147
T = 568
Found x0 = 237147 with success probability 1
Rep 3: Test x0 = 286086
T = 568
Found x0 = 286086 with success probability 1
Rep 4: Test x0 = 337719
T = 568
Found x0 = 337719 with success probability 1
Rep 5: Test x0 = 241114
T = 568
Found x0 = 241114 with success probability 1
Rep 6: Test x0 = 343191
T = 568
Found x0 = 343191 with success probability 1
Rep 7: Test x0 = 217961
T = 568
Found x0 = 217961 with success probability 1
Rep 8: Test x0 = 338913
T = 568
Found x0 = 338913 with success probability 1
Rep 9: Test x0 = 169468
T = 568
Found x0 = 169468 with success probability 1
Rep 10: Test x0 = 249435
T = 568
Found x0 = 249435 with success probability 1
Duration [ms] = 10347, 10406, 10429, 10435, 10400, 10428, 10429, 10458, 10368, 10473
Avg time [ms] = 10417, Std deviation = 36
CONFIGURATION: N = 400000, nodes = 8
srun: Warning: can't honor --ntasks-per-node set to 2 which doesn't match the requested tasks 32 with the number of requested nodes 8. Ignoring --ntasks-per-node.
Rep 1: Test x0 = 219533
T = 568
Found x0 = 219533 with success probability 1
Rep 2: Test x0 = 237147
T = 568
Found x0 = 237147 with success probability 1
Rep 3: Test x0 = 286086
T = 568
Found x0 = 286086 with success probability 1
Rep 4: Test x0 = 337719
T = 568
Found x0 = 337719 with success probability 1
Rep 5: Test x0 = 241114
T = 568
Found x0 = 241114 with success probability 1
Rep 6: Test x0 = 343191
T = 568
Found x0 = 343191 with success probability 1
Rep 7: Test x0 = 217961
T = 568
Found x0 = 217961 with success probability 1
Rep 8: Test x0 = 338913
T = 568
Found x0 = 338913 with success probability 1
Rep 9: Test x0 = 169468
T = 568
Found x0 = 169468 with success probability 1
Rep 10: Test x0 = 249435
T = 568
Found x0 = 249435 with success probability 1
Duration [ms] = 9339, 9232, 9237, 9246, 9252, 9395, 9415, 9325, 9338, 9362
Avg time [ms] = 9314, Std deviation = 64
CONFIGURATION: N = 400000, nodes = 16
Rep 1: Test x0 = 219533
T = 568
Found x0 = 219533 with success probability 1
Rep 2: Test x0 = 237147
T = 568
Found x0 = 237147 with success probability 1
Rep 3: Test x0 = 286086
T = 568
Found x0 = 286086 with success probability 1
Rep 4: Test x0 = 337719
T = 568
Found x0 = 337719 with success probability 1
Rep 5: Test x0 = 241114
T = 568
Found x0 = 241114 with success probability 1
Rep 6: Test x0 = 343191
T = 568
Found x0 = 343191 with success probability 1
Rep 7: Test x0 = 217961
T = 568
Found x0 = 217961 with success probability 1
Rep 8: Test x0 = 338913
T = 568
Found x0 = 338913 with success probability 1
Rep 9: Test x0 = 169468
T = 568
Found x0 = 169468 with success probability 1
Rep 10: Test x0 = 249435
T = 568
Found x0 = 249435 with success probability 1
Duration [ms] = 3528, 3481, 3586, 3690, 3610, 3725, 3560, 3627, 3511, 3646
Avg time [ms] = 3596, Std deviation = 74

================================

CONFIGURATION: N = 600000, nodes = 1
srun: Warning: can't honor --ntasks-per-node set to 2 which doesn't match the requested tasks 32 with the number of requested nodes 1. Ignoring --ntasks-per-node.
Rep 1: Test x0 = 329300
T = 804
Found x0 = 329300 with success probability 1
Rep 2: Test x0 = 355720
T = 804
Found x0 = 355720 with success probability 1
Rep 3: Test x0 = 429130
T = 804
Found x0 = 429130 with success probability 1
Rep 4: Test x0 = 506579
T = 804
Found x0 = 506579 with success probability 1
Rep 5: Test x0 = 361672
T = 804
Found x0 = 361672 with success probability 1
Rep 6: Test x0 = 514787
T = 804
Found x0 = 514787 with success probability 1
Rep 7: Test x0 = 326942
T = 804
Found x0 = 326942 with success probability 1
Rep 8: Test x0 = 508370
T = 804
Found x0 = 508370 with success probability 1
Rep 9: Test x0 = 254202
T = 804
Found x0 = 254202 with success probability 1
Rep 10: Test x0 = 374152
T = 804
Found x0 = 374152 with success probability 1
Duration [ms] = 21371, 21489, 21447, 21437, 21444, 21426, 21432, 21427, 21440, 21456
Avg time [ms] = 21436, Std deviation = 27
CONFIGURATION: N = 600000, nodes = 2
srun: Warning: can't honor --ntasks-per-node set to 2 which doesn't match the requested tasks 32 with the number of requested nodes 2. Ignoring --ntasks-per-node.
Rep 1: Test x0 = 329300
T = 804
Found x0 = 329300 with success probability 1
Rep 2: Test x0 = 355720
T = 804
Found x0 = 355720 with success probability 1
Rep 3: Test x0 = 429130
T = 804
Found x0 = 429130 with success probability 1
Rep 4: Test x0 = 506579
T = 804
Found x0 = 506579 with success probability 1
Rep 5: Test x0 = 361672
T = 804
Found x0 = 361672 with success probability 1
Rep 6: Test x0 = 514787
T = 804
Found x0 = 514787 with success probability 1
Rep 7: Test x0 = 326942
T = 804
Found x0 = 326942 with success probability 1
Rep 8: Test x0 = 508370
T = 804
Found x0 = 508370 with success probability 1
Rep 9: Test x0 = 254202
T = 804
Found x0 = 254202 with success probability 1
Rep 10: Test x0 = 374152
T = 804
Found x0 = 374152 with success probability 1
Duration [ms] = 24794, 25180, 25151, 25096, 25172, 25170, 25145, 25121, 25163, 25173
Avg time [ms] = 25116, Std deviation = 110
CONFIGURATION: N = 600000, nodes = 4
srun: Warning: can't honor --ntasks-per-node set to 2 which doesn't match the requested tasks 32 with the number of requested nodes 4. Ignoring --ntasks-per-node.
Rep 1: Test x0 = 329300
T = 804
Found x0 = 329300 with success probability 1
Rep 2: Test x0 = 355720
T = 804
Found x0 = 355720 with success probability 1
Rep 3: Test x0 = 429130
T = 804
Found x0 = 429130 with success probability 1
Rep 4: Test x0 = 506579
T = 804
Found x0 = 506579 with success probability 1
Rep 5: Test x0 = 361672
T = 804
Found x0 = 361672 with success probability 1
Rep 6: Test x0 = 514787
T = 804
Found x0 = 514787 with success probability 1
Rep 7: Test x0 = 326942
T = 804
Found x0 = 326942 with success probability 1
Rep 8: Test x0 = 508370
T = 804
Found x0 = 508370 with success probability 1
Rep 9: Test x0 = 254202
T = 804
Found x0 = 254202 with success probability 1
Rep 10: Test x0 = 374152
T = 804
Found x0 = 374152 with success probability 1
Duration [ms] = 24744, 23694, 23775, 23764, 23691, 23747, 23907, 23775, 23657, 23717
Avg time [ms] = 23847, Std deviation = 305
CONFIGURATION: N = 600000, nodes = 8
srun: Warning: can't honor --ntasks-per-node set to 2 which doesn't match the requested tasks 32 with the number of requested nodes 8. Ignoring --ntasks-per-node.
Rep 1: Test x0 = 329300
T = 804
Found x0 = 329300 with success probability 1
Rep 2: Test x0 = 355720
T = 804
Found x0 = 355720 with success probability 1
Rep 3: Test x0 = 429130
T = 804
Found x0 = 429130 with success probability 1
Rep 4: Test x0 = 506579
T = 804
Found x0 = 506579 with success probability 1
Rep 5: Test x0 = 361672
T = 804
Found x0 = 361672 with success probability 1
Rep 6: Test x0 = 514787
T = 804
Found x0 = 514787 with success probability 1
Rep 7: Test x0 = 326942
T = 804
Found x0 = 326942 with success probability 1
Rep 8: Test x0 = 508370
T = 804
Found x0 = 508370 with success probability 1
Rep 9: Test x0 = 254202
T = 804
Found x0 = 254202 with success probability 1
Rep 10: Test x0 = 374152
T = 804
Found x0 = 374152 with success probability 1
Duration [ms] = 19953, 20303, 20308, 20320, 20342, 20186, 20285, 20257, 20258, 20561
Avg time [ms] = 20277, Std deviation = 142
CONFIGURATION: N = 600000, nodes = 16
Rep 1: Test x0 = 329300
T = 804
Found x0 = 329300 with success probability 1
Rep 2: Test x0 = 355720
T = 804
Found x0 = 355720 with success probability 1
Rep 3: Test x0 = 429130
T = 804
Found x0 = 429130 with success probability 1
Rep 4: Test x0 = 506579
T = 804
Found x0 = 506579 with success probability 1
Rep 5: Test x0 = 361672
T = 804
Found x0 = 361672 with success probability 1
Rep 6: Test x0 = 514787
T = 804
Found x0 = 514787 with success probability 1
Rep 7: Test x0 = 326942
T = 804
Found x0 = 326942 with success probability 1
Rep 8: Test x0 = 508370
T = 804
Found x0 = 508370 with success probability 1
Rep 9: Test x0 = 254202
T = 804
Found x0 = 254202 with success probability 1
Rep 10: Test x0 = 374152
T = 804
Found x0 = 374152 with success probability 1
Duration [ms] = 7251, 7804, 7910, 8242, 7810, 8098, 7836, 7687, 7781, 7636
Avg time [ms] = 7805, Std deviation = 252

================================

 
Batch Job Summary Report for Job "run-grover.sh" (12747022) on daint
-----------------------------------------------------------------------------------------------------
             Submit            Eligible               Start                 End    Elapsed  Timelimit 
------------------- ------------------- ------------------- ------------------- ---------- ---------- 
2019-04-03T12:45:43 2019-04-03T12:45:43 2019-04-03T12:47:50 2019-04-03T13:31:18   00:43:28   05:00:00 
-----------------------------------------------------------------------------------------------------
Username    Account     Partition   NNodes   Energy
----------  ----------  ----------  ------  --------------
mazzolag    csstaff     normal          16    3.32M joules
 
This job did not utilize any GPUs
 
----------------------------------------------------------
Scratch File System        Files       Quota
--------------------  ----------  ----------
/scratch/snx3000           10320     1000000
 
