=============================
  LOADING MODULES
=============================
=============================
  BUILDING AND COMPILATION
=============================
-- Cray Programming Environment 2.5.15 C
-- Cray Programming Environment 2.5.15 CXX
-- Found OpenMP_C: -fopenmp  
-- Found OpenMP_CXX: -fopenmp  
-- Found OpenMP_C: -fopenmp  
-- Found OpenMP_CXX: -fopenmp  
-- Configuring done
-- Generating done
-- Build files have been written to: /scratch/snx3000/mazzolag/qsim/QuEST/build
-- Cray Programming Environment 2.5.15 C
-- Cray Programming Environment 2.5.15 CXX
-- Found OpenMP_C: -fopenmp  
-- Found OpenMP_CXX: -fopenmp  
CMake Error at /scratch/snx3000/mazzolag/qsim/QuEST/build/CMakeFiles/CMakeTmp/CMakeLists.txt:12 (include):
  include could not find load file:

    /scratch/snx3000/mazzolag/qsim/QuEST/build/CMakeFiles/CMakeTmp//cmTC_25471Targets.cmake


CMake Error at /apps/daint/UES/jenkins/6.0.UP07/mc/easybuild/software/CMake/3.12.0/share/cmake-3.12/Modules/FindMPI.cmake:1182 (try_compile):
  Failed to configure test project build system.
Call Stack (most recent call first):
  /apps/daint/UES/jenkins/6.0.UP07/mc/easybuild/software/CMake/3.12.0/share/cmake-3.12/Modules/FindMPI.cmake:1223 (_MPI_try_staged_settings)
  /apps/daint/UES/jenkins/6.0.UP07/mc/easybuild/software/CMake/3.12.0/share/cmake-3.12/Modules/FindMPI.cmake:1437 (_MPI_check_lang_works)
  QuEST/CMakeLists.txt:102 (find_package)


-- Configuring incomplete, errors occurred!
See also "/scratch/snx3000/mazzolag/qsim/QuEST/build/CMakeFiles/CMakeOutput.log".
Makefile:360: recipe for target 'cmake_check_build_system' failed
make: *** [cmake_check_build_system] Error 1
================================
       RUNNING BENCHMARKS
================================
CONFIGURATION: N = 34, nodes = 64
Duration [ms] = 70753, 96420, 28216, 26756, 70588, 103762, 67323, 26180, 29339, 80816
Avg time [ms] = 60015, Std deviation = 28557

================================

 
Batch Job Summary Report for Job "weak-dj64.sh" (13302880) on daint
-----------------------------------------------------------------------------------------------------
             Submit            Eligible               Start                 End    Elapsed  Timelimit 
------------------- ------------------- ------------------- ------------------- ---------- ---------- 
2019-04-25T11:27:43 2019-04-25T11:27:43 2019-04-25T13:06:16 2019-04-25T13:17:23   00:11:07   02:00:00 
-----------------------------------------------------------------------------------------------------
Username    Account     Partition   NNodes   Energy
----------  ----------  ----------  ------  --------------
mazzolag    csstaff     normal          64    5.82M joules
 
This job did not utilize any GPUs
 
----------------------------------------------------------
Scratch File System        Files       Quota
--------------------  ----------  ----------
/scratch/snx3000           26236     1000000
 
