=============================
  LOADING MODULES
=============================
=============================
  BUILDING AND COMPILATION
=============================
-- Cray Programming Environment 2.5.15 C
-- Cray Programming Environment 2.5.15 CXX
-- Found OpenMP_C: -fopenmp  
-- Found OpenMP_CXX: -fopenmp  
-- Found OpenMP_C: -fopenmp  
-- Found OpenMP_CXX: -fopenmp  
-- Configuring done
-- Generating done
-- Build files have been written to: /scratch/snx3000/mazzolag/qsim/QuEST/build
-- Cray Programming Environment 2.5.15 C
-- Cray Programming Environment 2.5.15 CXX
-- Found OpenMP_C: -fopenmp  
-- Found OpenMP_CXX: -fopenmp  
CMake Error at /scratch/snx3000/mazzolag/qsim/QuEST/build/CMakeFiles/CMakeTmp/CMakeLists.txt:12 (include):
  include could not find load file:

    /scratch/snx3000/mazzolag/qsim/QuEST/build/CMakeFiles/CMakeTmp//cmTC_25471Targets.cmake


CMake Error at /apps/daint/UES/jenkins/6.0.UP07/mc/easybuild/software/CMake/3.12.0/share/cmake-3.12/Modules/FindMPI.cmake:1182 (try_compile):
  Failed to configure test project build system.
Call Stack (most recent call first):
  /apps/daint/UES/jenkins/6.0.UP07/mc/easybuild/software/CMake/3.12.0/share/cmake-3.12/Modules/FindMPI.cmake:1223 (_MPI_try_staged_settings)
  /apps/daint/UES/jenkins/6.0.UP07/mc/easybuild/software/CMake/3.12.0/share/cmake-3.12/Modules/FindMPI.cmake:1437 (_MPI_check_lang_works)
  QuEST/CMakeLists.txt:102 (find_package)


-- Configuring incomplete, errors occurred!
See also "/scratch/snx3000/mazzolag/qsim/QuEST/build/CMakeFiles/CMakeOutput.log".
Makefile:360: recipe for target 'cmake_check_build_system' failed
make: *** [cmake_check_build_system] Error 1
================================
       RUNNING BENCHMARKS
================================
CONFIGURATION: N = 34, nodes = 64
Duration [ms] = 70753, 96420, 28216, 26756, 70588, 103762, 67323, 26180, 29339, 80816
Avg time [ms] = 60015, Std deviation = 28557

================================

 
Batch Job Summary Report for Job "weak-dj64.sh" (13302880) on daint
-----------------------------------------------------------------------------------------------------
             Submit            Eligible               Start                 End    Elapsed  Timelimit 
------------------- ------------------- ------------------- ------------------- ---------- ---------- 
2019-04-25T11:27:43 2019-04-25T11:27:43 2019-04-25T13:06:16 2019-04-25T13:17:23   00:11:07   02:00:00 
-----------------------------------------------------------------------------------------------------
Username    Account     Partition   NNodes   Energy
----------  ----------  ----------  ------  --------------
mazzolag    csstaff     normal          64    5.82M joules
 
This job did not utilize any GPUs
 
----------------------------------------------------------
Scratch File System        Files       Quota
--------------------  ----------  ----------
/scratch/snx3000           26236     1000000


=============================
  LOADING MODULES
=============================
=============================
  BUILDING AND COMPILATION
=============================
-- Cray Programming Environment 2.5.15 C
-- Cray Programming Environment 2.5.15 CXX
-- Found OpenMP_C: -fopenmp
-- Found OpenMP_CXX: -fopenmp
-- Could NOT find MPI_C (missing: MPI_C_WORKS)
CMake Error at /apps/daint/UES/jenkins/6.0.UP07/mc/easybuild/software/CMake/3.12.0/share/cmake-3.12/Modules/FindPackageHandleStandardArgs.cmake:137 (message):
  Could NOT find MPI (missing: MPI_C_FOUND) (found version "3.1")
Call Stack (most recent call first):
  /apps/daint/UES/jenkins/6.0.UP07/mc/easybuild/software/CMake/3.12.0/share/cmake-3.12/Modules/FindPackageHandleStandardArgs.cmake:378 (_FPHSA_FAILURE_MESSAGE)
  /apps/daint/UES/jenkins/6.0.UP07/mc/easybuild/software/CMake/3.12.0/share/cmake-3.12/Modules/FindMPI.cmake:1666 (find_package_handle_standard_args)
  QuEST/CMakeLists.txt:102 (find_package)


-- Configuring incomplete, errors occurred!
See also "/scratch/snx3000/mazzolag/qsim/QuEST/build/CMakeFiles/CMakeOutput.log".
-- Cray Programming Environment 2.5.15 C
-- Cray Programming Environment 2.5.15 CXX
-- Could NOT find MPI_C (missing: MPI_C_WORKS)
CMake Error at /scratch/snx3000/mazzolag/qsim/QuEST/build/CMakeFiles/CMakeTmp/CMakeLists.txt:12 (include):
  include could not find load file:

    /scratch/snx3000/mazzolag/qsim/QuEST/build/CMakeFiles/CMakeTmp//cmTC_a074dTargets.cmake


CMake Error at /apps/daint/UES/jenkins/6.0.UP07/mc/easybuild/software/CMake/3.12.0/share/cmake-3.12/Modules/FindMPI.cmake:1182 (try_compile):
  Failed to configure test project build system.
Call Stack (most recent call first):
  /apps/daint/UES/jenkins/6.0.UP07/mc/easybuild/software/CMake/3.12.0/share/cmake-3.12/Modules/FindMPI.cmake:1223 (_MPI_try_staged_settings)
  /apps/daint/UES/jenkins/6.0.UP07/mc/easybuild/software/CMake/3.12.0/share/cmake-3.12/Modules/FindMPI.cmake:1437 (_MPI_check_lang_works)
  QuEST/CMakeLists.txt:102 (find_package)


-- Configuring incomplete, errors occurred!
See also "/scratch/snx3000/mazzolag/qsim/QuEST/build/CMakeFiles/CMakeOutput.log".
Makefile:360: recipe for target 'cmake_check_build_system' failed
make: *** [cmake_check_build_system] Error 1
================================
       RUNNING BENCHMARKS
================================
CONFIGURATION: N = 35, nodes = 128
Duration [ms] = 59141, 65915, 27510, 27307, 51852, 67015, 54981, 25825, 30863, 66608
Avg time [ms] = 47701, Std deviation = 16879

================================


Batch Job Summary Report for Job "weak-dj128.sh" (13302884) on daint
-----------------------------------------------------------------------------------------------------
             Submit            Eligible               Start                 End    Elapsed  Timelimit
------------------- ------------------- ------------------- ------------------- ---------- ----------
2019-04-25T11:27:53 2019-04-25T11:27:53 2019-04-25T13:06:16 2019-04-25T13:15:22   00:09:06   02:00:00
-----------------------------------------------------------------------------------------------------
Username    Account     Partition   NNodes   Energy
----------  ----------  ----------  ------  --------------
mazzolag    csstaff     normal         128   10.07M joules

This job did not utilize any GPUs

----------------------------------------------------------
Scratch File System        Files       Quota
--------------------  ----------  ----------
/scratch/snx3000           26236     1000000



=============================
  LOADING MODULES
=============================
=============================
  BUILDING AND COMPILATION
=============================
-- Cray Programming Environment 2.5.15 C
-- Cray Programming Environment 2.5.15 CXX
-- Could NOT find MPI_C (missing: MPI_C_WORKS)
CMake Error at /scratch/snx3000/mazzolag/qsim/QuEST/build/CMakeFiles/CMakeTmp/CMakeLists.txt:12 (include):
  include could not find load file:

    /scratch/snx3000/mazzolag/qsim/QuEST/build/CMakeFiles/CMakeTmp//cmTC_1c31eTargets.cmake


CMake Error at /apps/daint/UES/jenkins/6.0.UP07/mc/easybuild/software/CMake/3.12.0/share/cmake-3.12/Modules/FindMPI.cmake:1182 (try_compile):
  Failed to configure test project build system.
Call Stack (most recent call first):
  /apps/daint/UES/jenkins/6.0.UP07/mc/easybuild/software/CMake/3.12.0/share/cmake-3.12/Modules/FindMPI.cmake:1223 (_MPI_try_staged_settings)
  /apps/daint/UES/jenkins/6.0.UP07/mc/easybuild/software/CMake/3.12.0/share/cmake-3.12/Modules/FindMPI.cmake:1437 (_MPI_check_lang_works)
  QuEST/CMakeLists.txt:102 (find_package)


-- Configuring incomplete, errors occurred!
See also "/scratch/snx3000/mazzolag/qsim/QuEST/build/CMakeFiles/CMakeOutput.log".
-- Cray Programming Environment 2.5.15 C
-- Cray Programming Environment 2.5.15 CXX
CMake Error at /scratch/snx3000/mazzolag/qsim/QuEST/build/CMakeFiles/CMakeTmp/CMakeLists.txt:12 (include):
  include could not find load file:

    /scratch/snx3000/mazzolag/qsim/QuEST/build/CMakeFiles/CMakeTmp//cmTC_b0b73Targets.cmake


CMake Error at /apps/daint/UES/jenkins/6.0.UP07/mc/easybuild/software/CMake/3.12.0/share/cmake-3.12/Modules/FindMPI.cmake:1182 (try_compile):
  Failed to configure test project build system.
Call Stack (most recent call first):
  /apps/daint/UES/jenkins/6.0.UP07/mc/easybuild/software/CMake/3.12.0/share/cmake-3.12/Modules/FindMPI.cmake:1223 (_MPI_try_staged_settings)
  /apps/daint/UES/jenkins/6.0.UP07/mc/easybuild/software/CMake/3.12.0/share/cmake-3.12/Modules/FindMPI.cmake:1437 (_MPI_check_lang_works)
  QuEST/CMakeLists.txt:102 (find_package)


-- Configuring incomplete, errors occurred!
See also "/scratch/snx3000/mazzolag/qsim/QuEST/build/CMakeFiles/CMakeOutput.log".
Makefile:360: recipe for target 'cmake_check_build_system' failed
make: *** [cmake_check_build_system] Error 1
================================
       RUNNING BENCHMARKS
================================
CONFIGURATION: N = 36, nodes = 256
Duration [ms] = 67366, 71378, 35745, 34417, 60360, 76958, 63143, 34594, 34808, 71571
Avg time [ms] = 55034, Std deviation = 17004

================================

/var/spool/slurmd/job13302899/slurm_script: line 62: h: command not found

Batch Job Summary Report for Job "weak-dj256.sh" (13302899) on daint
-----------------------------------------------------------------------------------------------------
             Submit            Eligible               Start                 End    Elapsed  Timelimit
------------------- ------------------- ------------------- ------------------- ---------- ----------
2019-04-25T11:27:58 2019-04-25T11:27:58 2019-04-25T13:06:16 2019-04-25T13:16:35   00:10:19   02:00:00
-----------------------------------------------------------------------------------------------------
Username    Account     Partition   NNodes   Energy
----------  ----------  ----------  ------  --------------
mazzolag    csstaff     normal         256   22.34M joules

This job did not utilize any GPUs

----------------------------------------------------------
Scratch File System        Files       Quota
--------------------  ----------  ----------
/scratch/snx3000           26236     1000000

=============================
  LOADING MODULES
=============================
=============================
  BUILDING AND COMPILATION
=============================
-- Cray Programming Environment 2.5.15 C
-- Cray Programming Environment 2.5.15 CXX
-- Found OpenMP_C: -fopenmp
-- Found OpenMP_CXX: -fopenmp
-- Configuring done
-- Generating done
-- Build files have been written to: /scratch/snx3000/mazzolag/qsim/QuEST/build
[ 28%] Built target QuEST
[ 35%] Built target rqc
[ 42%] Built target demo
[ 50%] Built target ghadamard
[ 75%] Built target dj
[ 71%] Built target gtest
[ 78%] Built target grover
[ 78%] Built target period-finding
[ 85%] Built target bernstein
[ 92%] Built target approx-pf
[100%] Built target shor
================================
       RUNNING BENCHMARKS
================================
CONFIGURATION: N = 37, nodes = 512
Duration [ms] = 75714, 84933, 44487, 42628, 72744, 90877, 78079, 44929, 43195, 86105
Avg time [ms] = 66369, Std deviation = 19076

================================

/var/spool/slurmd/job13302900/slurm_script: line 62: hh: command not found

Batch Job Summary Report for Job "weak-dj512.sh" (13302900) on daint
-----------------------------------------------------------------------------------------------------
             Submit            Eligible               Start                 End    Elapsed  Timelimit
------------------- ------------------- ------------------- ------------------- ---------- ----------
2019-04-25T11:28:06 2019-04-25T11:28:06 2019-04-25T13:21:39 2019-04-25T13:33:43   00:12:04   02:00:00
-----------------------------------------------------------------------------------------------------
Username    Account     Partition   NNodes   Energy
----------  ----------  ----------  ------  --------------
mazzolag    csstaff     normal         512   52.66M joules

This job did not utilize any GPUs

----------------------------------------------------------
Scratch File System        Files       Quota
--------------------  ----------  ----------
/scratch/snx3000           26237     1000000


 
