================================
       RUNNING BENCHMARKS
================================
CONFIGURATION: N = 30, nodes = 16
Duration [ms] = 11417, 12118, 9895, 11425, 4478, 5056, 4473, 11965, 12292, 11159
Avg time [ms] = 9427, Std deviation = 3181
CONFIGURATION: N = 31, nodes = 16
Duration [ms] = 23695, 24708, 20238, 24168, 9038, 10255, 9069, 24820, 26701, 22837
Avg time [ms] = 19552, Std deviation = 6797
CONFIGURATION: N = 33, nodes = 16
srun: error: nid00183: tasks 18-19: Killed
srun: Terminating job step 14223245.2
srun: error: nid00178: task 9: Killed
srun: error: nid00180: task 13: Killed
srun: error: nid00174: task 1: Killed
srun: error: nid00179: task 11: Killed
srun: error: nid00187: task 26: Killed
srun: error: nid00176: tasks 4-5: Killed
srun: error: nid00181: tasks 14-15: Killed
srun: error: nid00177: tasks 6-7: Killed
srun: error: nid00175: tasks 2-3: Killed
srun: error: nid00184: tasks 20-21: Killed
srun: error: nid00189: tasks 30-31: Killed
srun: error: nid00185: tasks 22-23: Killed
srun: error: nid00180: task 12: Killed
srun: error: nid00186: tasks 24-25: Killed
srun: error: nid00188: tasks 28-29: Killed
srun: error: nid00187: task 27: Killed
srun: error: nid00179: task 10: Killed
srun: error: nid00178: task 8: Killed
srun: error: nid00182: tasks 16-17: Killed
srun: error: nid00174: task 0: Killed
srun: Force Terminated job step 14223245.2

CONFIGURATION: N = 50000, nodes = 16
Rep 1: Test x0 = 27440
T = 201
Found x0 = 27440 with success probability 0.999988
Rep 2: Test x0 = 29642
T = 201
Found x0 = 29642 with success probability 0.999988
Rep 3: Test x0 = 35759
T = 201
Found x0 = 35759 with success probability 0.999988
Rep 4: Test x0 = 42213
T = 201
Found x0 = 42213 with success probability 0.999988
Rep 5: Test x0 = 30138
T = 201
Found x0 = 30138 with success probability 0.999988
Rep 6: Test x0 = 42897
T = 201
Found x0 = 42897 with success probability 0.999988
Rep 7: Test x0 = 27244
T = 201
Found x0 = 27244 with success probability 0.999988
Rep 8: Test x0 = 42362
T = 201
Found x0 = 42362 with success probability 0.999988
Rep 9: Test x0 = 21182
T = 201
Found x0 = 21182 with success probability 0.999988
Rep 10: Test x0 = 31178
T = 201
Found x0 = 31178 with success probability 0.999988
Duration [ms] = 227, 172, 272, 275, 187, 170, 259, 276, 194, 164
Avg time [ms] = 219, Std deviation = 44
CONFIGURATION: N = 100000, nodes = 16
Rep 1: Test x0 = 54882
T = 284
Found x0 = 54882 with success probability 0.999999
Rep 2: Test x0 = 59285
T = 284
Found x0 = 59285 with success probability 0.999999
Rep 3: Test x0 = 71520
T = 284
Found x0 = 71520 with success probability 0.999999
Rep 4: Test x0 = 84427
T = 284
Found x0 = 84427 with success probability 0.999999
Rep 5: Test x0 = 60277
T = 284
Found x0 = 60277 with success probability 0.999999
Rep 6: Test x0 = 85795
T = 284
Found x0 = 85795 with success probability 0.999999
Rep 7: Test x0 = 54489
T = 284
Found x0 = 54489 with success probability 0.999999
Rep 8: Test x0 = 84726
T = 284
Found x0 = 84726 with success probability 0.999999
Rep 9: Test x0 = 42366
T = 284
Found x0 = 42366 with success probability 0.999999
Rep 10: Test x0 = 62357
T = 284
Found x0 = 62357 with success probability 0.999999
Duration [ms] = 513, 429, 539, 552, 554, 603, 570, 589, 500, 430
Avg time [ms] = 527, Std deviation = 57
CONFIGURATION: N = 200000, nodes = 16
Rep 1: Test x0 = 109766
T = 402
Found x0 = 109766 with success probability 0.999998
Rep 2: Test x0 = 118573
T = 402
Found x0 = 118573 with success probability 0.999998
Rep 3: Test x0 = 143043
T = 402
Found x0 = 143043 with success probability 0.999998
Rep 4: Test x0 = 168859
T = 402
Found x0 = 168859 with success probability 0.999998
Rep 5: Test x0 = 120557
T = 402
Found x0 = 120557 with success probability 0.999998
Rep 6: Test x0 = 171595
T = 402
Found x0 = 171595 with success probability 0.999998
Rep 7: Test x0 = 108980
T = 402
Found x0 = 108980 with success probability 0.999998
Rep 8: Test x0 = 169456
T = 402
Found x0 = 169456 with success probability 0.999998
Rep 9: Test x0 = 84734
T = 402
Found x0 = 84734 with success probability 0.999998
Rep 10: Test x0 = 124717
T = 402
Found x0 = 124717 with success probability 0.999998
Duration [ms] = 886, 772, 771, 771, 769, 766, 775, 776, 821, 774
Avg time [ms] = 788, Std deviation = 35
CONFIGURATION: N = 400000, nodes = 16
Rep 1: Test x0 = 219533
T = 568
Found x0 = 219533 with success probability 1
Rep 2: Test x0 = 237147
T = 568
Found x0 = 237147 with success probability 1
Rep 3: Test x0 = 286086
T = 568
Found x0 = 286086 with success probability 1
Rep 4: Test x0 = 337719
T = 568
Found x0 = 337719 with success probability 1
Rep 5: Test x0 = 241114
T = 568
Found x0 = 241114 with success probability 1
Rep 6: Test x0 = 343191
T = 568
Found x0 = 343191 with success probability 1
Rep 7: Test x0 = 217961
T = 568
Found x0 = 217961 with success probability 1
Rep 8: Test x0 = 338913
T = 568
Found x0 = 338913 with success probability 1
Rep 9: Test x0 = 169468
T = 568
Found x0 = 169468 with success probability 1
Rep 10: Test x0 = 249435
T = 568
Found x0 = 249435 with success probability 1
Duration [ms] = 2320, 1993, 1956, 1984, 1994, 2022, 2143, 2036, 1923, 1914
Avg time [ms] = 2028, Std deviation = 114
CONFIGURATION: N = 600000, nodes = 16
Rep 1: Test x0 = 329300
T = 804
Found x0 = 329300 with success probability 1
Rep 2: Test x0 = 355720
T = 804
Found x0 = 355720 with success probability 1
Rep 3: Test x0 = 429130
T = 804
Found x0 = 429130 with success probability 1
Rep 4: Test x0 = 506579
T = 804
Found x0 = 506579 with success probability 1
Rep 5: Test x0 = 361672
T = 804
Found x0 = 361672 with success probability 1
Rep 6: Test x0 = 514787
T = 804
Found x0 = 514787 with success probability 1
Rep 7: Test x0 = 326942
T = 804
Found x0 = 326942 with success probability 1
Rep 8: Test x0 = 508370
T = 804
Found x0 = 508370 with success probability 1
Rep 9: Test x0 = 254202
T = 804
Found x0 = 254202 with success probability 1
Rep 10: Test x0 = 374152
T = 804
Found x0 = 374152 with success probability 1
Duration [ms] = 4590, 5286, 4863, 4845, 4714, 4690, 4846, 4701, 4713, 4710
Avg time [ms] = 4795, Std deviation = 182
CONFIGURATION: N = 1000000, nodes = 16
Rep 1: Test x0 = 548937
T = 804
Found x0 = 548937 with success probability 1
Rep 2: Test x0 = 592978
T = 804
Found x0 = 592978 with success probability 1
Rep 3: Test x0 = 715350
T = 804
Found x0 = 715350 with success probability 1
Rep 4: Test x0 = 844455
T = 804
Found x0 = 844455 with success probability 1
Rep 5: Test x0 = 602899
T = 804
Found x0 = 602899 with success probability 1
Rep 6: Test x0 = 858138
T = 804
Found x0 = 858138 with success probability 1
Rep 7: Test x0 = 545005
T = 804
Found x0 = 545005 with success probability 1
Rep 8: Test x0 = 847442
T = 804
Found x0 = 847442 with success probability 1
Rep 9: Test x0 = 423750
T = 804
Found x0 = 423750 with success probability 1
Rep 10: Test x0 = 623704
T = 804
Found x0 = 623704 with success probability 1
Duration [ms] = 4485, 4715, 4725, 4781, 4702, 4727, 4723, 4819, 4729, 4738
Avg time [ms] = 4714, Std deviation = 83
CONFIGURATION: N = 3000000, nodes = 16
Rep 1: Test x0 = 1647194
T = 1608
Found x0 = 1647194 with success probability 1
Rep 2: Test x0 = 1779348
T = 1608
Found x0 = 1779348 with success probability 1
Rep 3: Test x0 = 2146551
T = 1608
Found x0 = 2146551 with success probability 1
Rep 4: Test x0 = 2533957
T = 1608
Found x0 = 2533957 with success probability 1
Rep 5: Test x0 = 1809118
T = 1608
Found x0 = 1809118 with success probability 1
Rep 6: Test x0 = 2575016
T = 1608
Found x0 = 2575016 with success probability 1
Rep 7: Test x0 = 1635398
T = 1608
Found x0 = 1635398 with success probability 1
Rep 8: Test x0 = 2542919
T = 1608
Found x0 = 2542919 with success probability 1
Rep 9: Test x0 = 1271546
T = 1608
Found x0 = 1271546 with success probability 1
Rep 10: Test x0 = 1871548
T = 1608
Found x0 = 1871548 with success probability 1
Duration [ms] = 32022, 34012, 34068, 34075, 34020, 34280, 33972, 33951, 33940, 33927
Avg time [ms] = 33826, Std deviation = 609
CONFIGURATION: N = 6000000, nodes = 16
Rep 1: Test x0 = 3296693
T = 2274
Found x0 = 3296693 with success probability 1
Rep 2: Test x0 = 3561186
T = 2274
Found x0 = 3561186 with success probability 1
Rep 3: Test x0 = 4296104
T = 2274
Found x0 = 4296104 with success probability 1
Rep 4: Test x0 = 5071459
T = 2274
Found x0 = 5071459 with success probability 1
Rep 5: Test x0 = 3620767
T = 2274
Found x0 = 3620767 with success probability 1
Rep 6: Test x0 = 5153634
T = 2274
Found x0 = 5153634 with success probability 1
Rep 7: Test x0 = 3273084
T = 2274
Found x0 = 3273084 with success probability 1
Rep 8: Test x0 = 5089396
T = 2274
Found x0 = 5089396 with success probability 1
Rep 9: Test x0 = 2544872
T = 2274
Found x0 = 2544872 with success probability 1
Rep 10: Test x0 = 3745714
T = 2274
Found x0 = 3745714 with success probability 1
Duration [ms] = 87131, 94821, 94578, 94557, 94696, 94532, 94422, 94323, 94378, 94491
Avg time [ms] = 93792, Std deviation = 2225
CONFIGURATION: N = 10000000, nodes = 16
Rep 1: Test x0 = 5494489
T = 3216
Found x0 = 5494489 with success probability 1
Rep 2: Test x0 = 5935310
T = 3216
Found x0 = 5935310 with success probability 1
Rep 3: Test x0 = 7160174
T = 3216
Found x0 = 7160174 with success probability 1
Rep 4: Test x0 = 8452433
T = 3216
Found x0 = 8452433 with success probability 1
Rep 5: Test x0 = 6034612
T = 3216
Found x0 = 6034612 with success probability 1
Rep 6: Test x0 = 8589390
T = 3216
Found x0 = 8589390 with success probability 1
Rep 7: Test x0 = 5455140
T = 3216
Found x0 = 5455140 with success probability 1
Rep 8: Test x0 = 8482327
T = 3216
Found x0 = 8482327 with success probability 1
Rep 9: Test x0 = 4241453
T = 3216
Found x0 = 4241453 with success probability 1
Rep 10: Test x0 = 6242857
T = 3216
Found x0 = 6242857 with success probability 1
Duration [ms] = 243804, 242891, 243136, 241943, 242052, 241190, 241064, 241858, 241206, 247879
Avg time [ms] = 242702, Std deviation = 1927
CONFIGURATION: N = 203, nodes = 16
Factors are: 7; 29; 
Duration [ms] = 118010, 39173, 118123, 39290, 117684, 116699, 39261, 117681, 117729, 117746
Avg time [ms] = 94139, Std deviation = 35941
 
Batch Job Summary Report for Job "script_16.sh" (14223245) on daint
-----------------------------------------------------------------------------------------------------
             Submit            Eligible               Start                 End    Elapsed  Timelimit 
------------------- ------------------- ------------------- ------------------- ---------- ---------- 
2019-05-24T11:15:34 2019-05-24T11:15:34 2019-05-24T11:22:12 2019-05-24T12:53:27   01:31:15   03:00:00 
-----------------------------------------------------------------------------------------------------
Username    Account     Partition   NNodes   Energy
----------  ----------  ----------  ------  --------------
mazzolag    csstaff     normal          16   18.99M joules
 
This job did not utilize any GPUs
 
----------------------------------------------------------
Scratch File System        Files       Quota
--------------------  ----------  ----------
/scratch/snx3000           19030     1000000
 
